#
# There is insufficient memory for the Java Runtime Environment to continue.
# Native memory allocation (mmap) failed to map 178257920 bytes for Failed to commit area from 0x000000008fd00000 to 0x000000009a700000 of length 178257920.
# Possible reasons:
#   The system is out of physical RAM or swap space
#   The process is running with CompressedOops enabled, and the Java Heap may be blocking the growth of the native heap
# Possible solutions:
#   Reduce memory load on the system
#   Increase physical memory or swap space
#   Check if swap backing store is full
#   Decrease Java heap size (-Xmx/-Xms)
#   Decrease number of Java threads
#   Decrease Java thread stack sizes (-Xss)
#   Set larger code cache with -XX:ReservedCodeCacheSize=
#   JVM is running with Unscaled Compressed Oops mode in which the Java heap is
#     placed in the first 4GB address space. The Java Heap base address is the
#     maximum limit for the native heap growth. Please use -XX:HeapBaseMinAddress
#     to set the Java Heap base and to place the Java Heap above 4GB virtual address.
# This output file may be truncated or incomplete.
#
#  Out of Memory Error (./src/hotspot/os/windows/os_windows.cpp:3521), pid=2612, tid=4732
#
# JRE version: OpenJDK Runtime Environment (11.0.12+7) (build 11.0.12+7-b1504.28-7817840)
# Java VM: OpenJDK 64-Bit Server VM (11.0.12+7-b1504.28-7817840, mixed mode, tiered, compressed oops, g1 gc, windows-amd64)
# No core dump will be written. Minidumps are not enabled by default on client versions of Windows
#

---------------  S U M M A R Y ------------

Command Line: --add-opens=java.base/java.util=ALL-UNNAMED --add-opens=java.base/java.lang=ALL-UNNAMED --add-opens=java.base/java.lang.invoke=ALL-UNNAMED --add-opens=java.base/java.util=ALL-UNNAMED --add-opens=java.prefs/java.util.prefs=ALL-UNNAMED --add-opens=java.prefs/java.util.prefs=ALL-UNNAMED --add-opens=java.base/java.nio.charset=ALL-UNNAMED --add-opens=java.base/java.net=ALL-UNNAMED --add-opens=java.base/java.util.concurrent.atomic=ALL-UNNAMED -Xmx2048m -Dfile.encoding=UTF-8 -Duser.country=IN -Duser.language=en -Duser.variant org.gradle.launcher.daemon.bootstrap.GradleDaemon 7.2

Host: Intel(R) Core(TM) i5-9300H CPU @ 2.40GHz, 8 cores, 7G,  Windows 10 , 64 bit Build 19041 (10.0.19041.1706)
Time: Tue Jun 14 19:27:30 2022 India Standard Time elapsed time: 695.901582 seconds (0d 0h 11m 35s)

---------------  T H R E A D  ---------------

Current thread (0x00000171cf422000):  VMThread "VM Thread" [stack: 0x0000000f62900000,0x0000000f62a00000] [id=4732]

Stack: [0x0000000f62900000,0x0000000f62a00000]
[error occurred during error reporting (printing stack bounds), id 0xc0000005, EXCEPTION_ACCESS_VIOLATION (0xc0000005) at pc=0x00000171b8ab112d]

Native frames: (J=compiled Java code, j=interpreted, Vv=VM code, C=native code)
V  [jvm.dll+0x5fbcea]
V  [jvm.dll+0x731905]
V  [jvm.dll+0x732f1d]
V  [jvm.dll+0x733535]
V  [jvm.dll+0x7334eb]
V  [jvm.dll+0x5fb080]
V  [jvm.dll+0x5fb818]
C  [ntdll.dll+0xa209f]
C  [ntdll.dll+0x51454]
C  [ntdll.dll+0xa0bce]
C  0x00000171b8ab112d

VM_Operation (0x0000000f6a0fa1a0): G1CollectForAllocation, mode: safepoint, requested by thread 0x00000171dc229000


---------------  P R O C E S S  ---------------

Threads class SMR info:
_java_thread_list=0x00000171d6bd2860, length=138, elements={
0x00000171b4f9f000, 0x00000171cf425800, 0x00000171cf42f000, 0x00000171cfda2800,
0x00000171cf43d000, 0x00000171cf441800, 0x00000171cf44e000, 0x00000171cf452000,
0x00000171cf45b800, 0x00000171cff2e000, 0x00000171d172a800, 0x00000171d2b61000,
0x00000171d0c2f800, 0x00000171d060b000, 0x00000171d060a000, 0x00000171d0608000,
0x00000171d0606000, 0x00000171d060c800, 0x00000171d0608800, 0x00000171d0607000,
0x00000171d21c3800, 0x00000171d21c5800, 0x00000171d21c1800, 0x00000171d21c6000,
0x00000171d21c2000, 0x00000171d21c8800, 0x00000171d21c3000, 0x00000171d21cd800,
0x00000171d6ad6000, 0x00000171d6adb800, 0x00000171dc8fe000, 0x00000171dc8f7800,
0x00000171dc8f9000, 0x00000171dc8f6800, 0x00000171dc8f5800, 0x00000171dc8f8000,
0x00000171dc8fa000, 0x00000171dc8f4000, 0x00000171dc8f5000, 0x00000171dc900800,
0x00000171dc901000, 0x00000171dc8fb800, 0x00000171dc8fe800, 0x00000171dc8fa800,
0x00000171dc902000, 0x00000171dc8fc800, 0x00000171dc8fd000, 0x00000171d91b5000,
0x00000171d91bb800, 0x00000171d91b6000, 0x00000171d91b6800, 0x00000171d91b9000,
0x00000171d91bf000, 0x00000171d91bd000, 0x00000171d91bf800, 0x00000171d91be000,
0x00000171d91ba000, 0x00000171d91bc800, 0x00000171d91c0800, 0x00000171d91ba800,
0x00000171d91c1000, 0x00000171d91c2000, 0x00000171d91c3000, 0x00000171d91c3800,
0x00000171d6ad6800, 0x00000171d6add000, 0x00000171d6ad7800, 0x00000171d6ade000,
0x00000171d6ad8800, 0x00000171d6adf000, 0x00000171d6ad9000, 0x00000171d6ae3000,
0x00000171d6ae3800, 0x00000171d6ae0800, 0x00000171d6ae4800, 0x00000171d6ae2000,
0x00000171d6adf800, 0x00000171d6ae1800, 0x00000171d21c9800, 0x00000171d21c7000,
0x00000171d21c8000, 0x00000171d21ca800, 0x00000171d21c4800, 0x00000171d21ce800,
0x00000171d21d0000, 0x00000171d21cb000, 0x00000171d21cc000, 0x00000171d0609800,
0x00000171d060c000, 0x00000171d6bb5800, 0x00000171d6bb4800, 0x00000171d6bb6800,
0x00000171d6bb7000, 0x00000171d6bb9800, 0x00000171d6bb4000, 0x00000171d6bb8000,
0x00000171d6bb9000, 0x00000171d6bba800, 0x00000171d6bbc000, 0x00000171d6bbb800,
0x00000171d6bc0000, 0x00000171d6bc2800, 0x00000171d6bbd800, 0x00000171d6bbd000,
0x00000171d6bbe800, 0x00000171d6bbf800, 0x00000171d6bc1000, 0x00000171d6bc2000,
0x00000171dc227000, 0x00000171dc228000, 0x00000171dc224000, 0x00000171dc222800,
0x00000171dc229000, 0x00000171dc224800, 0x00000171dc225800, 0x00000171dc223000,
0x00000171dc22a800, 0x00000171dc226800, 0x00000171dc22f800, 0x00000171dc22d800,
0x00000171dc22d000, 0x00000171dc22c000, 0x00000171dc22e800, 0x00000171dc22b800,
0x00000171dc229800, 0x00000171dc230000, 0x00000171dc231000, 0x00000171dc8ff800,
0x00000171d2dc7000, 0x00000171d2dc9800, 0x00000171d2dca000, 0x00000171d2dc7800,
0x00000171d2dcc800, 0x00000171d2dc8800, 0x00000171d2dcd800, 0x00000171d2dcf000,
0x00000171d2dd0000, 0x00000171d2dd0800
}

Java Threads: ( => current thread )
  0x00000171b4f9f000 JavaThread "main" [_thread_blocked, id=10692, stack(0x0000000f62300000,0x0000000f62400000)]
  0x00000171cf425800 JavaThread "Reference Handler" daemon [_thread_blocked, id=540, stack(0x0000000f62a00000,0x0000000f62b00000)]
  0x00000171cf42f000 JavaThread "Finalizer" daemon [_thread_blocked, id=20312, stack(0x0000000f62b00000,0x0000000f62c00000)]
  0x00000171cfda2800 JavaThread "Signal Dispatcher" daemon [_thread_blocked, id=11748, stack(0x0000000f62c00000,0x0000000f62d00000)]
  0x00000171cf43d000 JavaThread "Attach Listener" daemon [_thread_blocked, id=14880, stack(0x0000000f62d00000,0x0000000f62e00000)]
  0x00000171cf441800 JavaThread "Service Thread" daemon [_thread_blocked, id=15508, stack(0x0000000f62e00000,0x0000000f62f00000)]
  0x00000171cf44e000 JavaThread "C2 CompilerThread0" daemon [_thread_blocked, id=14496, stack(0x0000000f62f00000,0x0000000f63000000)]
  0x00000171cf452000 JavaThread "C1 CompilerThread0" daemon [_thread_blocked, id=584, stack(0x0000000f63000000,0x0000000f63100000)]
  0x00000171cf45b800 JavaThread "Sweeper thread" daemon [_thread_blocked, id=18748, stack(0x0000000f63100000,0x0000000f63200000)]
  0x00000171cff2e000 JavaThread "Common-Cleaner" daemon [_thread_blocked, id=13744, stack(0x0000000f63200000,0x0000000f63300000)]
  0x00000171d172a800 JavaThread "Daemon health stats" [_thread_blocked, id=1792, stack(0x0000000f63600000,0x0000000f63700000)]
  0x00000171d2b61000 JavaThread "Incoming local TCP Connector on port 58300" [_thread_in_native, id=16340, stack(0x0000000f63700000,0x0000000f63800000)]
  0x00000171d0c2f800 JavaThread "Daemon periodic checks" [_thread_blocked, id=15084, stack(0x0000000f63800000,0x0000000f63900000)]
  0x00000171d060b000 JavaThread "Cache worker for journal cache (C:\Users\Ramyashree Shetty\Desktop\App-dev\gastos\caches\journal-1)" [_thread_blocked, id=8860, stack(0x0000000f64500000,0x0000000f64600000)]
  0x00000171d060a000 JavaThread "File lock request listener" [_thread_in_native, id=12808, stack(0x0000000f64600000,0x0000000f64700000)]
  0x00000171d0608000 JavaThread "Cache worker for file hash cache (C:\Users\Ramyashree Shetty\Desktop\App-dev\gastos\caches\7.2\fileHashes)" [_thread_blocked, id=3104, stack(0x0000000f64800000,0x0000000f64900000)]
  0x00000171d0606000 JavaThread "File watcher server" daemon [_thread_blocked, id=20376, stack(0x0000000f64a00000,0x0000000f64b00000)]
  0x00000171d060c800 JavaThread "File watcher consumer" daemon [_thread_blocked, id=2688, stack(0x0000000f64b00000,0x0000000f64c00000)]
  0x00000171d0608800 JavaThread "jar transforms" [_thread_blocked, id=20080, stack(0x0000000f64c00000,0x0000000f64d00000)]
  0x00000171d0607000 JavaThread "jar transforms Thread 2" [_thread_blocked, id=18964, stack(0x0000000f64d00000,0x0000000f64e00000)]
  0x00000171d21c3800 JavaThread "jar transforms Thread 3" [_thread_blocked, id=11668, stack(0x0000000f64e00000,0x0000000f64f00000)]
  0x00000171d21c5800 JavaThread "jar transforms Thread 4" [_thread_blocked, id=9720, stack(0x0000000f64f00000,0x0000000f65000000)]
  0x00000171d21c1800 JavaThread "jar transforms Thread 5" [_thread_blocked, id=2956, stack(0x0000000f65000000,0x0000000f65100000)]
  0x00000171d21c6000 JavaThread "jar transforms Thread 6" [_thread_blocked, id=6780, stack(0x0000000f65100000,0x0000000f65200000)]
  0x00000171d21c2000 JavaThread "jar transforms Thread 7" [_thread_blocked, id=18740, stack(0x0000000f65200000,0x0000000f65300000)]
  0x00000171d21c8800 JavaThread "jar transforms Thread 8" [_thread_blocked, id=3584, stack(0x0000000f65300000,0x0000000f65400000)]
  0x00000171d21c3000 JavaThread "Cache worker for execution history cache (C:\Users\Ramyashree Shetty\Desktop\App-dev\gastos\caches\7.2\executionHistory)" [_thread_blocked, id=16616, stack(0x0000000f65700000,0x0000000f65800000)]
  0x00000171d21cd800 JavaThread "Cache worker for file content cache (C:\Users\Ramyashree Shetty\Desktop\App-dev\gastos\caches\7.2\fileContent)" [_thread_blocked, id=16624, stack(0x0000000f65800000,0x0000000f65900000)]
  0x00000171d6ad6000 JavaThread "Memory manager" [_thread_blocked, id=10480, stack(0x0000000f63e00000,0x0000000f63f00000)]
  0x00000171d6adb800 JavaThread "pool-3-thread-1" [_thread_blocked, id=4264, stack(0x0000000f6aa00000,0x0000000f6ab00000)]
  0x00000171dc8fe000 JavaThread "pool-6-thread-1" [_thread_blocked, id=8528, stack(0x0000000f6ac00000,0x0000000f6ad00000)]
  0x00000171dc8f7800 JavaThread "Daemon Thread 3" [_thread_blocked, id=13220, stack(0x0000000f62000000,0x0000000f62100000)]
  0x00000171dc8f9000 JavaThread "Handler for socket connection from /127.0.0.1:58300 to /127.0.0.1:54400" [_thread_in_native, id=2212, stack(0x0000000f62100000,0x0000000f62200000)]
  0x00000171dc8f6800 JavaThread "Cancel handler" [_thread_blocked, id=3000, stack(0x0000000f62200000,0x0000000f62300000)]
  0x00000171dc8f5800 JavaThread "Daemon worker Thread 3" [_thread_blocked, id=11152, stack(0x0000000f63900000,0x0000000f63a00000)]
  0x00000171dc8f8000 JavaThread "Asynchronous log dispatcher for DefaultDaemonConnection: socket connection from /127.0.0.1:58300 to /127.0.0.1:54400" [_thread_blocked, id=10380, stack(0x0000000f63a00000,0x0000000f63b00000)]
  0x00000171dc8fa000 JavaThread "Daemon client event forwarder" [_thread_blocked, id=15208, stack(0x0000000f63c00000,0x0000000f63d00000)]
  0x00000171dc8f4000 JavaThread "Cache worker for file hash cache (C:\Users\Ramyashree Shetty\Desktop\BloodDonationCommunity\.gradle\7.2\fileHashes)" [_thread_blocked, id=12664, stack(0x0000000f63d00000,0x0000000f63e00000)]
  0x00000171dc8f5000 JavaThread "Cache worker for checksums cache (C:\Users\Ramyashree Shetty\Desktop\BloodDonationCommunity\.gradle\checksums)" [_thread_blocked, id=11880, stack(0x0000000f64900000,0x0000000f64a00000)]
  0x00000171dc900800 JavaThread "Cache worker for cache directory md-supplier (C:\Users\Ramyashree Shetty\Desktop\App-dev\gastos\caches\7.2\md-supplier)" [_thread_blocked, id=18308, stack(0x0000000f65400000,0x0000000f65500000)]
  0x00000171dc901000 JavaThread "Cache worker for cache directory md-rule (C:\Users\Ramyashree Shetty\Desktop\App-dev\gastos\caches\7.2\md-rule)" [_thread_blocked, id=19760, stack(0x0000000f65500000,0x0000000f65600000)]
  0x00000171dc8fb800 JavaThread "Cache worker for dependencies-accessors (C:\Users\Ramyashree Shetty\Desktop\BloodDonationCommunity\.gradle\7.2\dependencies-accessors)" [_thread_blocked, id=15340, stack(0x0000000f65600000,0x0000000f65700000)]
  0x00000171dc8fe800 JavaThread "Cache worker for Build Output Cleanup Cache (C:\Users\Ramyashree Shetty\Desktop\BloodDonationCommunity\.gradle\buildOutputCleanup)" [_thread_blocked, id=18120, stack(0x0000000f63f00000,0x0000000f64000000)]
  0x00000171dc8fa800 JavaThread "Unconstrained build operations" [_thread_blocked, id=19388, stack(0x0000000f65b00000,0x0000000f65c00000)]
  0x00000171dc902000 JavaThread "Unconstrained build operations Thread 2" [_thread_blocked, id=10456, stack(0x0000000f65c00000,0x0000000f65d00000)]
  0x00000171dc8fc800 JavaThread "Unconstrained build operations Thread 3" [_thread_blocked, id=11308, stack(0x0000000f65d00000,0x0000000f65e00000)]
  0x00000171dc8fd000 JavaThread "Unconstrained build operations Thread 4" [_thread_blocked, id=13280, stack(0x0000000f65e00000,0x0000000f65f00000)]
  0x00000171d91b5000 JavaThread "Unconstrained build operations Thread 5" [_thread_blocked, id=2516, stack(0x0000000f65f00000,0x0000000f66000000)]
  0x00000171d91bb800 JavaThread "Unconstrained build operations Thread 6" [_thread_blocked, id=6064, stack(0x0000000f66000000,0x0000000f66100000)]
  0x00000171d91b6000 JavaThread "Unconstrained build operations Thread 7" [_thread_blocked, id=16456, stack(0x0000000f66100000,0x0000000f66200000)]
  0x00000171d91b6800 JavaThread "Unconstrained build operations Thread 8" [_thread_blocked, id=15428, stack(0x0000000f66200000,0x0000000f66300000)]
  0x00000171d91b9000 JavaThread "Unconstrained build operations Thread 9" [_thread_blocked, id=15240, stack(0x0000000f66300000,0x0000000f66400000)]
  0x00000171d91bf000 JavaThread "Unconstrained build operations Thread 10" [_thread_blocked, id=19952, stack(0x0000000f66400000,0x0000000f66500000)]
  0x00000171d91bd000 JavaThread "Unconstrained build operations Thread 11" [_thread_blocked, id=17780, stack(0x0000000f66500000,0x0000000f66600000)]
  0x00000171d91bf800 JavaThread "Unconstrained build operations Thread 12" [_thread_blocked, id=10144, stack(0x0000000f66600000,0x0000000f66700000)]
  0x00000171d91be000 JavaThread "Unconstrained build operations Thread 13" [_thread_blocked, id=18396, stack(0x0000000f66700000,0x0000000f66800000)]
  0x00000171d91ba000 JavaThread "Unconstrained build operations Thread 14" [_thread_blocked, id=4992, stack(0x0000000f66800000,0x0000000f66900000)]
  0x00000171d91bc800 JavaThread "Unconstrained build operations Thread 15" [_thread_blocked, id=18164, stack(0x0000000f66900000,0x0000000f66a00000)]
  0x00000171d91c0800 JavaThread "Unconstrained build operations Thread 16" [_thread_blocked, id=19592, stack(0x0000000f66a00000,0x0000000f66b00000)]
  0x00000171d91ba800 JavaThread "Unconstrained build operations Thread 17" [_thread_blocked, id=3300, stack(0x0000000f66b00000,0x0000000f66c00000)]
  0x00000171d91c1000 JavaThread "Unconstrained build operations Thread 18" [_thread_blocked, id=20300, stack(0x0000000f66c00000,0x0000000f66d00000)]
  0x00000171d91c2000 JavaThread "Unconstrained build operations Thread 19" [_thread_blocked, id=9696, stack(0x0000000f66d00000,0x0000000f66e00000)]
  0x00000171d91c3000 JavaThread "Unconstrained build operations Thread 20" [_thread_blocked, id=17088, stack(0x0000000f66e00000,0x0000000f66f00000)]
  0x00000171d91c3800 JavaThread "Unconstrained build operations Thread 21" [_thread_blocked, id=16892, stack(0x0000000f66f00000,0x0000000f67000000)]
  0x00000171d6ad6800 JavaThread "Unconstrained build operations Thread 22" [_thread_blocked, id=16296, stack(0x0000000f67000000,0x0000000f67100000)]
  0x00000171d6add000 JavaThread "Unconstrained build operations Thread 23" [_thread_blocked, id=17184, stack(0x0000000f67100000,0x0000000f67200000)]
  0x00000171d6ad7800 JavaThread "Unconstrained build operations Thread 24" [_thread_blocked, id=19084, stack(0x0000000f67200000,0x0000000f67300000)]
  0x00000171d6ade000 JavaThread "Unconstrained build operations Thread 25" [_thread_blocked, id=11760, stack(0x0000000f67300000,0x0000000f67400000)]
  0x00000171d6ad8800 JavaThread "Unconstrained build operations Thread 26" [_thread_blocked, id=15136, stack(0x0000000f67400000,0x0000000f67500000)]
  0x00000171d6adf000 JavaThread "Unconstrained build operations Thread 27" [_thread_blocked, id=10796, stack(0x0000000f67500000,0x0000000f67600000)]
  0x00000171d6ad9000 JavaThread "Unconstrained build operations Thread 28" [_thread_blocked, id=14612, stack(0x0000000f67600000,0x0000000f67700000)]
  0x00000171d6ae3000 JavaThread "Unconstrained build operations Thread 29" [_thread_blocked, id=7656, stack(0x0000000f67700000,0x0000000f67800000)]
  0x00000171d6ae3800 JavaThread "Unconstrained build operations Thread 30" [_thread_blocked, id=18916, stack(0x0000000f67800000,0x0000000f67900000)]
  0x00000171d6ae0800 JavaThread "Unconstrained build operations Thread 31" [_thread_blocked, id=3988, stack(0x0000000f67900000,0x0000000f67a00000)]
  0x00000171d6ae4800 JavaThread "Unconstrained build operations Thread 32" [_thread_blocked, id=12088, stack(0x0000000f67a00000,0x0000000f67b00000)]
  0x00000171d6ae2000 JavaThread "Unconstrained build operations Thread 33" [_thread_blocked, id=18620, stack(0x0000000f67b00000,0x0000000f67c00000)]
  0x00000171d6adf800 JavaThread "Unconstrained build operations Thread 34" [_thread_blocked, id=11716, stack(0x0000000f67c00000,0x0000000f67d00000)]
  0x00000171d6ae1800 JavaThread "Unconstrained build operations Thread 35" [_thread_blocked, id=14548, stack(0x0000000f67d00000,0x0000000f67e00000)]
  0x00000171d21c9800 JavaThread "Unconstrained build operations Thread 36" [_thread_blocked, id=3916, stack(0x0000000f67e00000,0x0000000f67f00000)]
  0x00000171d21c7000 JavaThread "Unconstrained build operations Thread 37" [_thread_blocked, id=19284, stack(0x0000000f67f00000,0x0000000f68000000)]
  0x00000171d21c8000 JavaThread "Unconstrained build operations Thread 38" [_thread_blocked, id=7808, stack(0x0000000f68000000,0x0000000f68100000)]
  0x00000171d21ca800 JavaThread "Unconstrained build operations Thread 39" [_thread_blocked, id=14968, stack(0x0000000f68100000,0x0000000f68200000)]
  0x00000171d21c4800 JavaThread "Unconstrained build operations Thread 40" [_thread_blocked, id=9556, stack(0x0000000f68200000,0x0000000f68300000)]
  0x00000171d21ce800 JavaThread "Unconstrained build operations Thread 41" [_thread_blocked, id=11844, stack(0x0000000f68300000,0x0000000f68400000)]
  0x00000171d21d0000 JavaThread "Unconstrained build operations Thread 42" [_thread_blocked, id=14128, stack(0x0000000f68400000,0x0000000f68500000)]
  0x00000171d21cb000 JavaThread "Unconstrained build operations Thread 43" [_thread_blocked, id=20472, stack(0x0000000f68500000,0x0000000f68600000)]
  0x00000171d21cc000 JavaThread "Unconstrained build operations Thread 44" [_thread_blocked, id=18012, stack(0x0000000f68600000,0x0000000f68700000)]
  0x00000171d0609800 JavaThread "Unconstrained build operations Thread 45" [_thread_blocked, id=10720, stack(0x0000000f68700000,0x0000000f68800000)]
  0x00000171d060c000 JavaThread "Unconstrained build operations Thread 46" [_thread_blocked, id=6692, stack(0x0000000f68800000,0x0000000f68900000)]
  0x00000171d6bb5800 JavaThread "Unconstrained build operations Thread 47" [_thread_blocked, id=1660, stack(0x0000000f68900000,0x0000000f68a00000)]
  0x00000171d6bb4800 JavaThread "Unconstrained build operations Thread 48" [_thread_blocked, id=17804, stack(0x0000000f68a00000,0x0000000f68b00000)]
  0x00000171d6bb6800 JavaThread "Unconstrained build operations Thread 49" [_thread_blocked, id=1608, stack(0x0000000f68b00000,0x0000000f68c00000)]
  0x00000171d6bb7000 JavaThread "Unconstrained build operations Thread 50" [_thread_blocked, id=292, stack(0x0000000f68c00000,0x0000000f68d00000)]
  0x00000171d6bb9800 JavaThread "Unconstrained build operations Thread 51" [_thread_blocked, id=4788, stack(0x0000000f68d00000,0x0000000f68e00000)]
  0x00000171d6bb4000 JavaThread "Unconstrained build operations Thread 52" [_thread_blocked, id=12520, stack(0x0000000f68e00000,0x0000000f68f00000)]
  0x00000171d6bb8000 JavaThread "Unconstrained build operations Thread 53" [_thread_blocked, id=16584, stack(0x0000000f68f00000,0x0000000f69000000)]
  0x00000171d6bb9000 JavaThread "Unconstrained build operations Thread 54" [_thread_blocked, id=20260, stack(0x0000000f69000000,0x0000000f69100000)]
  0x00000171d6bba800 JavaThread "Unconstrained build operations Thread 55" [_thread_blocked, id=2376, stack(0x0000000f69100000,0x0000000f69200000)]
  0x00000171d6bbc000 JavaThread "Unconstrained build operations Thread 56" [_thread_blocked, id=16420, stack(0x0000000f69200000,0x0000000f69300000)]
  0x00000171d6bbb800 JavaThread "Unconstrained build operations Thread 57" [_thread_blocked, id=13404, stack(0x0000000f69300000,0x0000000f69400000)]
  0x00000171d6bc0000 JavaThread "Unconstrained build operations Thread 58" [_thread_blocked, id=14076, stack(0x0000000f69400000,0x0000000f69500000)]
  0x00000171d6bc2800 JavaThread "Unconstrained build operations Thread 59" [_thread_blocked, id=17700, stack(0x0000000f69500000,0x0000000f69600000)]
  0x00000171d6bbd800 JavaThread "Unconstrained build operations Thread 60" [_thread_blocked, id=19864, stack(0x0000000f69600000,0x0000000f69700000)]
  0x00000171d6bbd000 JavaThread "Unconstrained build operations Thread 61" [_thread_blocked, id=19152, stack(0x0000000f69700000,0x0000000f69800000)]
  0x00000171d6bbe800 JavaThread "Unconstrained build operations Thread 62" [_thread_blocked, id=19568, stack(0x0000000f69800000,0x0000000f69900000)]
  0x00000171d6bbf800 JavaThread "Unconstrained build operations Thread 63" [_thread_blocked, id=14944, stack(0x0000000f69900000,0x0000000f69a00000)]
  0x00000171d6bc1000 JavaThread "Unconstrained build operations Thread 64" [_thread_blocked, id=13432, stack(0x0000000f69a00000,0x0000000f69b00000)]
  0x00000171d6bc2000 JavaThread "Unconstrained build operations Thread 65" [_thread_blocked, id=6324, stack(0x0000000f69b00000,0x0000000f69c00000)]
  0x00000171dc227000 JavaThread "Unconstrained build operations Thread 66" [_thread_blocked, id=10532, stack(0x0000000f69c00000,0x0000000f69d00000)]
  0x00000171dc228000 JavaThread "Unconstrained build operations Thread 67" [_thread_blocked, id=17444, stack(0x0000000f69d00000,0x0000000f69e00000)]
  0x00000171dc224000 JavaThread "Unconstrained build operations Thread 68" [_thread_blocked, id=20224, stack(0x0000000f69e00000,0x0000000f69f00000)]
  0x00000171dc222800 JavaThread "Unconstrained build operations Thread 69" [_thread_blocked, id=13240, stack(0x0000000f69f00000,0x0000000f6a000000)]
  0x00000171dc229000 JavaThread "Unconstrained build operations Thread 70" [_thread_blocked, id=18132, stack(0x0000000f6a000000,0x0000000f6a100000)]
  0x00000171dc224800 JavaThread "Unconstrained build operations Thread 71" [_thread_blocked, id=6376, stack(0x0000000f6a100000,0x0000000f6a200000)]
  0x00000171dc225800 JavaThread "Unconstrained build operations Thread 72" [_thread_blocked, id=10288, stack(0x0000000f6a200000,0x0000000f6a300000)]
  0x00000171dc223000 JavaThread "Unconstrained build operations Thread 73" [_thread_blocked, id=15728, stack(0x0000000f6a300000,0x0000000f6a400000)]
  0x00000171dc22a800 JavaThread "Unconstrained build operations Thread 74" [_thread_blocked, id=17520, stack(0x0000000f6a400000,0x0000000f6a500000)]
  0x00000171dc226800 JavaThread "Unconstrained build operations Thread 75" [_thread_blocked, id=14072, stack(0x0000000f6a500000,0x0000000f6a600000)]
  0x00000171dc22f800 JavaThread "Unconstrained build operations Thread 76" [_thread_blocked, id=18804, stack(0x0000000f6a600000,0x0000000f6a700000)]
  0x00000171dc22d800 JavaThread "Unconstrained build operations Thread 77" [_thread_blocked, id=14668, stack(0x0000000f6a700000,0x0000000f6a800000)]
  0x00000171dc22d000 JavaThread "Unconstrained build operations Thread 78" [_thread_blocked, id=6124, stack(0x0000000f6a800000,0x0000000f6a900000)]
  0x00000171dc22c000 JavaThread "Unconstrained build operations Thread 79" [_thread_blocked, id=10968, stack(0x0000000f6a900000,0x0000000f6aa00000)]
  0x00000171dc22e800 JavaThread "Unconstrained build operations Thread 80" [_thread_blocked, id=19580, stack(0x0000000f6ab00000,0x0000000f6ac00000)]
  0x00000171dc22b800 JavaThread "build event listener" [_thread_blocked, id=2972, stack(0x0000000f65900000,0x0000000f65a00000)]
  0x00000171dc229800 JavaThread "pool-9-thread-1" [_thread_blocked, id=18020, stack(0x0000000f6ad00000,0x0000000f6ae00000)]
  0x00000171dc230000 JavaThread "build event listener" [_thread_blocked, id=6164, stack(0x0000000f6ae00000,0x0000000f6af00000)]
  0x00000171dc231000 JavaThread "Execution worker for ':'" [_thread_blocked, id=13272, stack(0x0000000f6af00000,0x0000000f6b000000)]
  0x00000171dc8ff800 JavaThread "Execution worker for ':' Thread 2" [_thread_blocked, id=15444, stack(0x0000000f6b000000,0x0000000f6b100000)]
  0x00000171d2dc7000 JavaThread "Execution worker for ':' Thread 3" [_thread_blocked, id=15072, stack(0x0000000f6b100000,0x0000000f6b200000)]
  0x00000171d2dc9800 JavaThread "Execution worker for ':' Thread 4" [_thread_blocked, id=19112, stack(0x0000000f6b200000,0x0000000f6b300000)]
  0x00000171d2dca000 JavaThread "Execution worker for ':' Thread 5" [_thread_blocked, id=19644, stack(0x0000000f6b300000,0x0000000f6b400000)]
  0x00000171d2dc7800 JavaThread "Execution worker for ':' Thread 6" [_thread_blocked, id=16004, stack(0x0000000f6b400000,0x0000000f6b500000)]
  0x00000171d2dcc800 JavaThread "Execution worker for ':' Thread 7" [_thread_blocked, id=14348, stack(0x0000000f6b500000,0x0000000f6b600000)]
  0x00000171d2dc8800 JavaThread "Cache worker for execution history cache (C:\Users\Ramyashree Shetty\Desktop\BloodDonationCommunity\.gradle\7.2\executionHistory)" [_thread_blocked, id=16484, stack(0x0000000f6b600000,0x0000000f6b700000)]
  0x00000171d2dcd800 JavaThread "WorkerExecutor Queue" [_thread_blocked, id=2876, stack(0x0000000f6b800000,0x0000000f6b900000)]
  0x00000171d2dcf000 JavaThread "WorkerExecutor Queue Thread 3" [_thread_blocked, id=14144, stack(0x0000000f63b00000,0x0000000f63c00000)]
  0x00000171d2dd0000 JavaThread "WorkerExecutor Queue Thread 4" [_thread_blocked, id=10576, stack(0x0000000f6b700000,0x0000000f6b800000)]
  0x00000171d2dd0800 JavaThread "C2 CompilerThread1" daemon [_thread_blocked, id=11012, stack(0x0000000f6b900000,0x0000000f6ba00000)]

Other Threads:
=>0x00000171cf422000 VMThread "VM Thread" [stack: 0x0000000f62900000,0x0000000f62a00000] [id=4732]
  0x00000171cff43000 WatcherThread [stack: 0x0000000f63300000,0x0000000f63400000] [id=15264]
  0x00000171b4fb6800 GCTaskThread "GC Thread#0" [stack: 0x0000000f62400000,0x0000000f62500000] [id=9740]
  0x00000171d0a89800 GCTaskThread "GC Thread#1" [stack: 0x0000000f63400000,0x0000000f63500000] [id=13048]
  0x00000171d01c6000 GCTaskThread "GC Thread#2" [stack: 0x0000000f63500000,0x0000000f63600000] [id=2448]
  0x00000171d0bde800 GCTaskThread "GC Thread#3" [stack: 0x0000000f64000000,0x0000000f64100000] [id=18560]
  0x00000171d0ce0800 GCTaskThread "GC Thread#4" [stack: 0x0000000f64100000,0x0000000f64200000] [id=13072]
  0x00000171d0ea5800 GCTaskThread "GC Thread#5" [stack: 0x0000000f64200000,0x0000000f64300000] [id=16580]
  0x00000171d0d52800 GCTaskThread "GC Thread#6" [stack: 0x0000000f64300000,0x0000000f64400000] [id=20012]
  0x00000171d0e51800 GCTaskThread "GC Thread#7" [stack: 0x0000000f64400000,0x0000000f64500000] [id=16188]
  0x00000171b4fe9800 ConcurrentGCThread "G1 Main Marker" [stack: 0x0000000f62500000,0x0000000f62600000] [id=11584]
  0x00000171b4fed000 ConcurrentGCThread "G1 Conc#0" [stack: 0x0000000f62600000,0x0000000f62700000] [id=7096]
  0x00000171d1276800 ConcurrentGCThread "G1 Conc#1" [stack: 0x0000000f64700000,0x0000000f64800000] [id=18080]
  0x00000171cf270800 ConcurrentGCThread "G1 Refine#0" [stack: 0x0000000f62700000,0x0000000f62800000] [id=15956]
  0x00000171cf271000 ConcurrentGCThread "G1 Young RemSet Sampling" [stack: 0x0000000f62800000,0x0000000f62900000] [id=11896]

Threads with active compile tasks:
C2 CompilerThread0 702309 20894 %     4       com.android.tools.r8.internal.U6::a @ 3180 (4191 bytes)
C2 CompilerThread1 702309 20979 %     4       com.android.tools.r8.internal.U6::a @ 3144 (6044 bytes)

VM state:at safepoint (normal execution)

VM Mutex/Monitor currently owned by a thread:  ([mutex/lock_event])
[0x00000171b4f9c180] Threads_lock - owner thread: 0x00000171cf422000
[0x00000171b4f9bf40] Heap_lock - owner thread: 0x00000171dc229000

Heap address: 0x0000000080000000, size: 2048 MB, Compressed Oops mode: 32-bit
Narrow klass base: 0x0000000000000000, Narrow klass shift: 3
Compressed class space size: 1073741824 Address: 0x0000000100000000

Heap:
 garbage-first heap   total 433152K, used 213223K [0x0000000080000000, 0x0000000100000000)
  region size 1024K, 2 young (2048K), 2 survivors (2048K)
 Metaspace       used 131986K, capacity 135757K, committed 135856K, reserved 1167360K
  class space    used 16504K, capacity 17908K, committed 17920K, reserved 1048576K
Heap Regions: E=young(eden), S=young(survivor), O=old, HS=humongous(starts), HC=humongous(continues), CS=collection set, F=free, A=archive, TAMS=top-at-mark-start (previous, next)
|   0|0x0000000080000000, 0x0000000080100000, 0x0000000080100000|100%| O|  |TAMS 0x0000000080100000, 0x0000000080100000| Untracked 
|   1|0x0000000080100000, 0x0000000080200000, 0x0000000080200000|100%| O|  |TAMS 0x0000000080200000, 0x0000000080200000| Untracked 
|   2|0x0000000080200000, 0x0000000080300000, 0x0000000080300000|100%| O|  |TAMS 0x0000000080300000, 0x0000000080300000| Untracked 
|   3|0x0000000080300000, 0x0000000080400000, 0x0000000080400000|100%|HS|  |TAMS 0x0000000080400000, 0x0000000080400000| Complete 
|   4|0x0000000080400000, 0x0000000080500000, 0x0000000080500000|100%|HC|  |TAMS 0x0000000080500000, 0x0000000080500000| Complete 
|   5|0x0000000080500000, 0x0000000080600000, 0x0000000080600000|100%|HC|  |TAMS 0x0000000080600000, 0x0000000080600000| Complete 
|   6|0x0000000080600000, 0x0000000080700000, 0x0000000080700000|100%| O|  |TAMS 0x0000000080700000, 0x0000000080700000| Untracked 
|   7|0x0000000080700000, 0x0000000080800000, 0x0000000080800000|100%| O|  |TAMS 0x0000000080800000, 0x0000000080800000| Untracked 
|   8|0x0000000080800000, 0x0000000080900000, 0x0000000080900000|100%| O|  |TAMS 0x0000000080900000, 0x0000000080900000| Untracked 
|   9|0x0000000080900000, 0x0000000080a00000, 0x0000000080a00000|100%| O|  |TAMS 0x0000000080a00000, 0x0000000080a00000| Untracked 
|  10|0x0000000080a00000, 0x0000000080b00000, 0x0000000080b00000|100%| O|  |TAMS 0x0000000080b00000, 0x0000000080b00000| Untracked 
|  11|0x0000000080b00000, 0x0000000080c00000, 0x0000000080c00000|100%| O|  |TAMS 0x0000000080c00000, 0x0000000080c00000| Untracked 
|  12|0x0000000080c00000, 0x0000000080d00000, 0x0000000080d00000|100%| O|  |TAMS 0x0000000080d00000, 0x0000000080d00000| Untracked 
|  13|0x0000000080d00000, 0x0000000080e00000, 0x0000000080e00000|100%| O|  |TAMS 0x0000000080e00000, 0x0000000080e00000| Untracked 
|  14|0x0000000080e00000, 0x0000000080f00000, 0x0000000080f00000|100%| O|  |TAMS 0x0000000080f00000, 0x0000000080f00000| Untracked 
|  15|0x0000000080f00000, 0x0000000081000000, 0x0000000081000000|100%| O|  |TAMS 0x0000000081000000, 0x0000000081000000| Untracked 
|  16|0x0000000081000000, 0x0000000081100000, 0x0000000081100000|100%|HS|  |TAMS 0x0000000081100000, 0x0000000081100000| Complete 
|  17|0x0000000081100000, 0x0000000081200000, 0x0000000081200000|100%|HC|  |TAMS 0x0000000081200000, 0x0000000081200000| Complete 
|  18|0x0000000081200000, 0x0000000081300000, 0x0000000081300000|100%|HS|  |TAMS 0x0000000081300000, 0x0000000081300000| Complete 
|  19|0x0000000081300000, 0x0000000081400000, 0x0000000081400000|100%|HC|  |TAMS 0x0000000081400000, 0x0000000081400000| Complete 
|  20|0x0000000081400000, 0x0000000081500000, 0x0000000081500000|100%|HC|  |TAMS 0x0000000081500000, 0x0000000081500000| Complete 
|  21|0x0000000081500000, 0x0000000081600000, 0x0000000081600000|100%|HS|  |TAMS 0x0000000081600000, 0x0000000081600000| Complete 
|  22|0x0000000081600000, 0x0000000081700000, 0x0000000081700000|100%|HS|  |TAMS 0x0000000081700000, 0x0000000081700000| Complete 
|  23|0x0000000081700000, 0x0000000081800000, 0x0000000081800000|100%|HC|  |TAMS 0x0000000081800000, 0x0000000081800000| Complete 
|  24|0x0000000081800000, 0x0000000081900000, 0x0000000081900000|100%|HC|  |TAMS 0x0000000081900000, 0x0000000081900000| Complete 
|  25|0x0000000081900000, 0x0000000081a00000, 0x0000000081a00000|100%|HC|  |TAMS 0x0000000081a00000, 0x0000000081a00000| Complete 
|  26|0x0000000081a00000, 0x0000000081b00000, 0x0000000081b00000|100%| O|  |TAMS 0x0000000081b00000, 0x0000000081b00000| Untracked 
|  27|0x0000000081b00000, 0x0000000081c00000, 0x0000000081c00000|100%| O|  |TAMS 0x0000000081c00000, 0x0000000081c00000| Untracked 
|  28|0x0000000081c00000, 0x0000000081d00000, 0x0000000081d00000|100%| O|  |TAMS 0x0000000081d00000, 0x0000000081d00000| Untracked 
|  29|0x0000000081d00000, 0x0000000081e00000, 0x0000000081e00000|100%| O|  |TAMS 0x0000000081e00000, 0x0000000081e00000| Untracked 
|  30|0x0000000081e00000, 0x0000000081f00000, 0x0000000081f00000|100%| O|  |TAMS 0x0000000081f00000, 0x0000000081f00000| Untracked 
|  31|0x0000000081f00000, 0x0000000082000000, 0x0000000082000000|100%| O|  |TAMS 0x0000000082000000, 0x0000000082000000| Untracked 
|  32|0x0000000082000000, 0x0000000082100000, 0x0000000082100000|100%| O|  |TAMS 0x0000000082100000, 0x0000000082100000| Untracked 
|  33|0x0000000082100000, 0x0000000082200000, 0x0000000082200000|100%| O|  |TAMS 0x0000000082200000, 0x0000000082200000| Untracked 
|  34|0x0000000082200000, 0x0000000082300000, 0x0000000082300000|100%|HS|  |TAMS 0x0000000082300000, 0x0000000082300000| Complete 
|  35|0x0000000082300000, 0x0000000082400000, 0x0000000082400000|100%|HS|  |TAMS 0x0000000082400000, 0x0000000082400000| Complete 
|  36|0x0000000082400000, 0x0000000082500000, 0x0000000082500000|100%|HC|  |TAMS 0x0000000082500000, 0x0000000082500000| Complete 
|  37|0x0000000082500000, 0x0000000082600000, 0x0000000082600000|100%|HC|  |TAMS 0x0000000082600000, 0x0000000082600000| Complete 
|  38|0x0000000082600000, 0x0000000082700000, 0x0000000082700000|100%| O|  |TAMS 0x0000000082700000, 0x0000000082700000| Untracked 
|  39|0x0000000082700000, 0x0000000082800000, 0x0000000082800000|100%| O|  |TAMS 0x0000000082800000, 0x0000000082800000| Untracked 
|  40|0x0000000082800000, 0x0000000082900000, 0x0000000082900000|100%| O|  |TAMS 0x0000000082900000, 0x0000000082900000| Untracked 
|  41|0x0000000082900000, 0x0000000082a00000, 0x0000000082a00000|100%| O|  |TAMS 0x0000000082a00000, 0x0000000082a00000| Untracked 
|  42|0x0000000082a00000, 0x0000000082b00000, 0x0000000082b00000|100%| O|  |TAMS 0x0000000082b00000, 0x0000000082b00000| Untracked 
|  43|0x0000000082b00000, 0x0000000082c00000, 0x0000000082c00000|100%|HS|  |TAMS 0x0000000082c00000, 0x0000000082c00000| Complete 
|  44|0x0000000082c00000, 0x0000000082d00000, 0x0000000082d00000|100%|HC|  |TAMS 0x0000000082d00000, 0x0000000082d00000| Complete 
|  45|0x0000000082d00000, 0x0000000082e00000, 0x0000000082e00000|100%|HC|  |TAMS 0x0000000082e00000, 0x0000000082e00000| Complete 
|  46|0x0000000082e00000, 0x0000000082f00000, 0x0000000082f00000|100%|HC|  |TAMS 0x0000000082f00000, 0x0000000082f00000| Complete 
|  47|0x0000000082f00000, 0x0000000083000000, 0x0000000083000000|100%| O|  |TAMS 0x0000000083000000, 0x0000000083000000| Untracked 
|  48|0x0000000083000000, 0x0000000083100000, 0x0000000083100000|100%| O|  |TAMS 0x0000000083100000, 0x0000000083100000| Untracked 
|  49|0x0000000083100000, 0x0000000083200000, 0x0000000083200000|100%| O|  |TAMS 0x0000000083200000, 0x0000000083200000| Untracked 
|  50|0x0000000083200000, 0x0000000083300000, 0x0000000083300000|100%|HS|  |TAMS 0x0000000083300000, 0x0000000083300000| Complete 
|  51|0x0000000083300000, 0x0000000083400000, 0x0000000083400000|100%|HS|  |TAMS 0x0000000083400000, 0x0000000083400000| Complete 
|  52|0x0000000083400000, 0x0000000083500000, 0x0000000083500000|100%|HS|  |TAMS 0x0000000083500000, 0x0000000083500000| Complete 
|  53|0x0000000083500000, 0x0000000083600000, 0x0000000083600000|100%|HC|  |TAMS 0x0000000083600000, 0x0000000083600000| Complete 
|  54|0x0000000083600000, 0x0000000083700000, 0x0000000083700000|100%| O|  |TAMS 0x0000000083700000, 0x0000000083700000| Untracked 
|  55|0x0000000083700000, 0x0000000083800000, 0x0000000083800000|100%| O|  |TAMS 0x0000000083800000, 0x0000000083800000| Untracked 
|  56|0x0000000083800000, 0x0000000083900000, 0x0000000083900000|100%| O|  |TAMS 0x0000000083900000, 0x0000000083900000| Untracked 
|  57|0x0000000083900000, 0x0000000083a00000, 0x0000000083a00000|100%| O|  |TAMS 0x0000000083a00000, 0x0000000083a00000| Untracked 
|  58|0x0000000083a00000, 0x0000000083b00000, 0x0000000083b00000|100%| O|  |TAMS 0x0000000083b00000, 0x0000000083b00000| Untracked 
|  59|0x0000000083b00000, 0x0000000083c00000, 0x0000000083c00000|100%| O|  |TAMS 0x0000000083c00000, 0x0000000083c00000| Untracked 
|  60|0x0000000083c00000, 0x0000000083d00000, 0x0000000083d00000|100%| O|  |TAMS 0x0000000083d00000, 0x0000000083d00000| Untracked 
|  61|0x0000000083d00000, 0x0000000083e00000, 0x0000000083e00000|100%| O|  |TAMS 0x0000000083e00000, 0x0000000083e00000| Untracked 
|  62|0x0000000083e00000, 0x0000000083f00000, 0x0000000083f00000|100%| O|  |TAMS 0x0000000083e1b400, 0x0000000083f00000| Untracked 
|  63|0x0000000083f00000, 0x0000000084000000, 0x0000000084000000|100%| O|  |TAMS 0x0000000084000000, 0x0000000084000000| Untracked 
|  64|0x0000000084000000, 0x0000000084100000, 0x0000000084100000|100%| O|  |TAMS 0x0000000084100000, 0x0000000084100000| Untracked 
|  65|0x0000000084100000, 0x0000000084200000, 0x0000000084200000|100%| O|  |TAMS 0x0000000084200000, 0x0000000084200000| Untracked 
|  66|0x0000000084200000, 0x0000000084300000, 0x0000000084300000|100%| O|  |TAMS 0x0000000084300000, 0x0000000084300000| Untracked 
|  67|0x0000000084300000, 0x0000000084400000, 0x0000000084400000|100%| O|  |TAMS 0x0000000084400000, 0x0000000084400000| Untracked 
|  68|0x0000000084400000, 0x0000000084500000, 0x0000000084500000|100%| O|  |TAMS 0x0000000084500000, 0x0000000084500000| Untracked 
|  69|0x0000000084500000, 0x0000000084600000, 0x0000000084600000|100%| O|  |TAMS 0x0000000084600000, 0x0000000084600000| Untracked 
|  70|0x0000000084600000, 0x0000000084700000, 0x0000000084700000|100%| O|  |TAMS 0x0000000084700000, 0x0000000084700000| Untracked 
|  71|0x0000000084700000, 0x0000000084800000, 0x0000000084800000|100%| O|  |TAMS 0x0000000084800000, 0x0000000084800000| Untracked 
|  72|0x0000000084800000, 0x0000000084900000, 0x0000000084900000|100%| O|  |TAMS 0x0000000084900000, 0x0000000084900000| Untracked 
|  73|0x0000000084900000, 0x0000000084a00000, 0x0000000084a00000|100%| O|  |TAMS 0x0000000084a00000, 0x0000000084a00000| Untracked 
|  74|0x0000000084a00000, 0x0000000084b00000, 0x0000000084b00000|100%| O|  |TAMS 0x0000000084b00000, 0x0000000084b00000| Untracked 
|  75|0x0000000084b00000, 0x0000000084c00000, 0x0000000084c00000|100%| O|  |TAMS 0x0000000084c00000, 0x0000000084c00000| Untracked 
|  76|0x0000000084c00000, 0x0000000084d00000, 0x0000000084d00000|100%| O|  |TAMS 0x0000000084d00000, 0x0000000084d00000| Untracked 
|  77|0x0000000084d00000, 0x0000000084e00000, 0x0000000084e00000|100%| O|  |TAMS 0x0000000084e00000, 0x0000000084e00000| Untracked 
|  78|0x0000000084e00000, 0x0000000084f00000, 0x0000000084f00000|100%| O|  |TAMS 0x0000000084f00000, 0x0000000084f00000| Untracked 
|  79|0x0000000084f00000, 0x0000000085000000, 0x0000000085000000|100%| O|  |TAMS 0x0000000085000000, 0x0000000085000000| Untracked 
|  80|0x0000000085000000, 0x0000000085100000, 0x0000000085100000|100%| O|  |TAMS 0x0000000085100000, 0x0000000085100000| Untracked 
|  81|0x0000000085100000, 0x0000000085200000, 0x0000000085200000|100%| O|  |TAMS 0x0000000085200000, 0x0000000085200000| Untracked 
|  82|0x0000000085200000, 0x0000000085300000, 0x0000000085300000|100%| O|  |TAMS 0x0000000085300000, 0x0000000085300000| Untracked 
|  83|0x0000000085300000, 0x0000000085400000, 0x0000000085400000|100%| O|  |TAMS 0x0000000085400000, 0x0000000085400000| Untracked 
|  84|0x0000000085400000, 0x0000000085500000, 0x0000000085500000|100%| O|  |TAMS 0x0000000085500000, 0x0000000085500000| Untracked 
|  85|0x0000000085500000, 0x0000000085600000, 0x0000000085600000|100%|HS|  |TAMS 0x0000000085600000, 0x0000000085600000| Complete 
|  86|0x0000000085600000, 0x0000000085700000, 0x0000000085700000|100%|HC|  |TAMS 0x0000000085700000, 0x0000000085700000| Complete 
|  87|0x0000000085700000, 0x0000000085800000, 0x0000000085800000|100%|HS|  |TAMS 0x0000000085800000, 0x0000000085800000| Complete 
|  88|0x0000000085800000, 0x0000000085900000, 0x0000000085900000|100%|HC|  |TAMS 0x0000000085900000, 0x0000000085900000| Complete 
|  89|0x0000000085900000, 0x0000000085a00000, 0x0000000085a00000|100%|HC|  |TAMS 0x0000000085a00000, 0x0000000085a00000| Complete 
|  90|0x0000000085a00000, 0x0000000085b00000, 0x0000000085b00000|100%| O|  |TAMS 0x0000000085b00000, 0x0000000085b00000| Untracked 
|  91|0x0000000085b00000, 0x0000000085c00000, 0x0000000085c00000|100%|HS|  |TAMS 0x0000000085c00000, 0x0000000085c00000| Complete 
|  92|0x0000000085c00000, 0x0000000085d00000, 0x0000000085d00000|100%| O|  |TAMS 0x0000000085d00000, 0x0000000085d00000| Untracked 
|  93|0x0000000085d00000, 0x0000000085e00000, 0x0000000085e00000|100%|HS|  |TAMS 0x0000000085e00000, 0x0000000085e00000| Complete 
|  94|0x0000000085e00000, 0x0000000085f00000, 0x0000000085f00000|100%|HC|  |TAMS 0x0000000085f00000, 0x0000000085f00000| Complete 
|  95|0x0000000085f00000, 0x0000000086000000, 0x0000000086000000|100%|HC|  |TAMS 0x0000000086000000, 0x0000000086000000| Complete 
|  96|0x0000000086000000, 0x0000000086100000, 0x0000000086100000|100%|HC|  |TAMS 0x0000000086100000, 0x0000000086100000| Complete 
|  97|0x0000000086100000, 0x0000000086200000, 0x0000000086200000|100%| O|  |TAMS 0x0000000086200000, 0x0000000086200000| Untracked 
|  98|0x0000000086200000, 0x0000000086300000, 0x0000000086300000|100%| O|  |TAMS 0x0000000086300000, 0x0000000086300000| Untracked 
|  99|0x0000000086300000, 0x0000000086400000, 0x0000000086400000|100%| O|  |TAMS 0x0000000086400000, 0x0000000086400000| Untracked 
| 100|0x0000000086400000, 0x0000000086500000, 0x0000000086500000|100%| O|  |TAMS 0x0000000086500000, 0x0000000086500000| Untracked 
| 101|0x0000000086500000, 0x0000000086600000, 0x0000000086600000|100%| O|  |TAMS 0x0000000086600000, 0x0000000086600000| Untracked 
| 102|0x0000000086600000, 0x0000000086700000, 0x0000000086700000|100%| O|  |TAMS 0x0000000086700000, 0x0000000086700000| Untracked 
| 103|0x0000000086700000, 0x0000000086800000, 0x0000000086800000|100%| O|  |TAMS 0x0000000086800000, 0x0000000086800000| Untracked 
| 104|0x0000000086800000, 0x0000000086900000, 0x0000000086900000|100%| O|  |TAMS 0x0000000086900000, 0x0000000086900000| Untracked 
| 105|0x0000000086900000, 0x0000000086a00000, 0x0000000086a00000|100%| O|  |TAMS 0x0000000086a00000, 0x0000000086a00000| Untracked 
| 106|0x0000000086a00000, 0x0000000086b00000, 0x0000000086b00000|100%| O|  |TAMS 0x0000000086b00000, 0x0000000086b00000| Untracked 
| 107|0x0000000086b00000, 0x0000000086c00000, 0x0000000086c00000|100%| O|  |TAMS 0x0000000086c00000, 0x0000000086c00000| Untracked 
| 108|0x0000000086c00000, 0x0000000086d00000, 0x0000000086d00000|100%| O|  |TAMS 0x0000000086c00000, 0x0000000086d00000| Untracked 
| 109|0x0000000086d00000, 0x0000000086e00000, 0x0000000086e00000|100%| O|  |TAMS 0x0000000086e00000, 0x0000000086e00000| Untracked 
| 110|0x0000000086e00000, 0x0000000086f00000, 0x0000000086f00000|100%| O|  |TAMS 0x0000000086f00000, 0x0000000086f00000| Untracked 
| 111|0x0000000086f00000, 0x0000000087000000, 0x0000000087000000|100%| O|  |TAMS 0x0000000086f00000, 0x0000000087000000| Untracked 
| 112|0x0000000087000000, 0x0000000087100000, 0x0000000087100000|100%| O|  |TAMS 0x0000000087100000, 0x0000000087100000| Untracked 
| 113|0x0000000087100000, 0x0000000087200000, 0x0000000087200000|100%| O|  |TAMS 0x0000000087200000, 0x0000000087200000| Untracked 
| 114|0x0000000087200000, 0x0000000087300000, 0x0000000087300000|100%| O|  |TAMS 0x0000000087300000, 0x0000000087300000| Untracked 
| 115|0x0000000087300000, 0x0000000087400000, 0x0000000087400000|100%| O|  |TAMS 0x0000000087400000, 0x0000000087400000| Untracked 
| 116|0x0000000087400000, 0x0000000087500000, 0x0000000087500000|100%| O|  |TAMS 0x0000000087500000, 0x0000000087500000| Untracked 
| 117|0x0000000087500000, 0x0000000087600000, 0x0000000087600000|100%| O|  |TAMS 0x0000000087600000, 0x0000000087600000| Untracked 
| 118|0x0000000087600000, 0x0000000087700000, 0x0000000087700000|100%| O|  |TAMS 0x0000000087700000, 0x0000000087700000| Untracked 
| 119|0x0000000087700000, 0x0000000087800000, 0x0000000087800000|100%| O|  |TAMS 0x0000000087800000, 0x0000000087800000| Untracked 
| 120|0x0000000087800000, 0x0000000087900000, 0x0000000087900000|100%| O|  |TAMS 0x0000000087900000, 0x0000000087900000| Untracked 
| 121|0x0000000087900000, 0x0000000087a00000, 0x0000000087a00000|100%| O|  |TAMS 0x0000000087a00000, 0x0000000087a00000| Untracked 
| 122|0x0000000087a00000, 0x0000000087b00000, 0x0000000087b00000|100%| O|  |TAMS 0x0000000087b00000, 0x0000000087b00000| Untracked 
| 123|0x0000000087b00000, 0x0000000087c00000, 0x0000000087c00000|100%| O|  |TAMS 0x0000000087c00000, 0x0000000087c00000| Untracked 
| 124|0x0000000087c00000, 0x0000000087d00000, 0x0000000087d00000|100%| O|  |TAMS 0x0000000087d00000, 0x0000000087d00000| Untracked 
| 125|0x0000000087d00000, 0x0000000087e00000, 0x0000000087e00000|100%| O|  |TAMS 0x0000000087e00000, 0x0000000087e00000| Untracked 
| 126|0x0000000087e00000, 0x0000000087f00000, 0x0000000087f00000|100%| O|  |TAMS 0x0000000087f00000, 0x0000000087f00000| Untracked 
| 127|0x0000000087f00000, 0x0000000088000000, 0x0000000088000000|100%| O|  |TAMS 0x0000000088000000, 0x0000000088000000| Untracked 
| 128|0x0000000088000000, 0x0000000088100000, 0x0000000088100000|100%| O|  |TAMS 0x0000000088100000, 0x0000000088100000| Untracked 
| 129|0x0000000088100000, 0x0000000088200000, 0x0000000088200000|100%| O|  |TAMS 0x0000000088200000, 0x0000000088200000| Untracked 
| 130|0x0000000088200000, 0x0000000088300000, 0x0000000088300000|100%| O|  |TAMS 0x0000000088300000, 0x0000000088300000| Untracked 
| 131|0x0000000088300000, 0x0000000088400000, 0x0000000088400000|100%| O|  |TAMS 0x0000000088400000, 0x0000000088400000| Untracked 
| 132|0x0000000088400000, 0x0000000088500000, 0x0000000088500000|100%| O|  |TAMS 0x0000000088500000, 0x0000000088500000| Untracked 
| 133|0x0000000088500000, 0x0000000088600000, 0x0000000088600000|100%| O|  |TAMS 0x0000000088500000, 0x0000000088600000| Untracked 
| 134|0x0000000088600000, 0x0000000088700000, 0x0000000088700000|100%| O|  |TAMS 0x0000000088700000, 0x0000000088700000| Untracked 
| 135|0x0000000088700000, 0x0000000088800000, 0x0000000088800000|100%| O|  |TAMS 0x0000000088800000, 0x0000000088800000| Untracked 
| 136|0x0000000088800000, 0x0000000088900000, 0x0000000088900000|100%| O|  |TAMS 0x0000000088900000, 0x0000000088900000| Untracked 
| 137|0x0000000088900000, 0x0000000088a00000, 0x0000000088a00000|100%| O|  |TAMS 0x0000000088a00000, 0x0000000088a00000| Untracked 
| 138|0x0000000088a00000, 0x0000000088b00000, 0x0000000088b00000|100%| O|  |TAMS 0x0000000088b00000, 0x0000000088b00000| Untracked 
| 139|0x0000000088b00000, 0x0000000088c00000, 0x0000000088c00000|100%| O|  |TAMS 0x0000000088c00000, 0x0000000088c00000| Untracked 
| 140|0x0000000088c00000, 0x0000000088d00000, 0x0000000088d00000|100%| O|  |TAMS 0x0000000088d00000, 0x0000000088d00000| Untracked 
| 141|0x0000000088d00000, 0x0000000088e00000, 0x0000000088e00000|100%| O|  |TAMS 0x0000000088e00000, 0x0000000088e00000| Untracked 
| 142|0x0000000088e00000, 0x0000000088f00000, 0x0000000088f00000|100%| O|  |TAMS 0x0000000088f00000, 0x0000000088f00000| Untracked 
| 143|0x0000000088f00000, 0x0000000089000000, 0x0000000089000000|100%| O|  |TAMS 0x0000000089000000, 0x0000000089000000| Untracked 
| 144|0x0000000089000000, 0x0000000089100000, 0x0000000089100000|100%| O|  |TAMS 0x0000000089100000, 0x0000000089100000| Untracked 
| 145|0x0000000089100000, 0x0000000089200000, 0x0000000089200000|100%| O|  |TAMS 0x0000000089200000, 0x0000000089200000| Untracked 
| 146|0x0000000089200000, 0x0000000089300000, 0x0000000089300000|100%| O|  |TAMS 0x0000000089300000, 0x0000000089300000| Untracked 
| 147|0x0000000089300000, 0x0000000089400000, 0x0000000089400000|100%| O|  |TAMS 0x0000000089400000, 0x0000000089400000| Untracked 
| 148|0x0000000089400000, 0x0000000089500000, 0x0000000089500000|100%| O|  |TAMS 0x0000000089500000, 0x0000000089500000| Untracked 
| 149|0x0000000089500000, 0x0000000089600000, 0x0000000089600000|100%| O|  |TAMS 0x0000000089600000, 0x0000000089600000| Untracked 
| 150|0x0000000089600000, 0x0000000089700000, 0x0000000089700000|100%| O|  |TAMS 0x0000000089700000, 0x0000000089700000| Untracked 
| 151|0x0000000089700000, 0x0000000089800000, 0x0000000089800000|100%| O|  |TAMS 0x0000000089800000, 0x0000000089800000| Untracked 
| 152|0x0000000089800000, 0x0000000089900000, 0x0000000089900000|100%| O|  |TAMS 0x0000000089900000, 0x0000000089900000| Untracked 
| 153|0x0000000089900000, 0x0000000089a00000, 0x0000000089a00000|100%| O|  |TAMS 0x0000000089a00000, 0x0000000089a00000| Untracked 
| 154|0x0000000089a00000, 0x0000000089b00000, 0x0000000089b00000|100%| O|  |TAMS 0x0000000089b00000, 0x0000000089b00000| Untracked 
| 155|0x0000000089b00000, 0x0000000089c00000, 0x0000000089c00000|100%| O|  |TAMS 0x0000000089c00000, 0x0000000089c00000| Untracked 
| 156|0x0000000089c00000, 0x0000000089d00000, 0x0000000089d00000|100%| O|  |TAMS 0x0000000089d00000, 0x0000000089d00000| Untracked 
| 157|0x0000000089d00000, 0x0000000089e00000, 0x0000000089e00000|100%| O|  |TAMS 0x0000000089e00000, 0x0000000089e00000| Untracked 
| 158|0x0000000089e00000, 0x0000000089f00000, 0x0000000089f00000|100%| O|  |TAMS 0x0000000089f00000, 0x0000000089f00000| Untracked 
| 159|0x0000000089f00000, 0x000000008a000000, 0x000000008a000000|100%| O|  |TAMS 0x000000008a000000, 0x000000008a000000| Untracked 
| 160|0x000000008a000000, 0x000000008a100000, 0x000000008a100000|100%| O|  |TAMS 0x000000008a100000, 0x000000008a100000| Untracked 
| 161|0x000000008a100000, 0x000000008a200000, 0x000000008a200000|100%| O|  |TAMS 0x000000008a200000, 0x000000008a200000| Untracked 
| 162|0x000000008a200000, 0x000000008a300000, 0x000000008a300000|100%| O|  |TAMS 0x000000008a300000, 0x000000008a300000| Untracked 
| 163|0x000000008a300000, 0x000000008a400000, 0x000000008a400000|100%| O|  |TAMS 0x000000008a400000, 0x000000008a400000| Untracked 
| 164|0x000000008a400000, 0x000000008a500000, 0x000000008a500000|100%| O|  |TAMS 0x000000008a500000, 0x000000008a500000| Untracked 
| 165|0x000000008a500000, 0x000000008a600000, 0x000000008a600000|100%| O|  |TAMS 0x000000008a600000, 0x000000008a600000| Untracked 
| 166|0x000000008a600000, 0x000000008a700000, 0x000000008a700000|100%| O|  |TAMS 0x000000008a700000, 0x000000008a700000| Untracked 
| 167|0x000000008a700000, 0x000000008a800000, 0x000000008a800000|100%| O|  |TAMS 0x000000008a800000, 0x000000008a800000| Untracked 
| 168|0x000000008a800000, 0x000000008a900000, 0x000000008a900000|100%| O|  |TAMS 0x000000008a900000, 0x000000008a900000| Untracked 
| 169|0x000000008a900000, 0x000000008aa00000, 0x000000008aa00000|100%| O|  |TAMS 0x000000008a900000, 0x000000008aa00000| Untracked 
| 170|0x000000008aa00000, 0x000000008ab00000, 0x000000008ab00000|100%| O|  |TAMS 0x000000008ab00000, 0x000000008ab00000| Untracked 
| 171|0x000000008ab00000, 0x000000008ac00000, 0x000000008ac00000|100%| O|  |TAMS 0x000000008ac00000, 0x000000008ac00000| Untracked 
| 172|0x000000008ac00000, 0x000000008ad00000, 0x000000008ad00000|100%| O|  |TAMS 0x000000008ad00000, 0x000000008ad00000| Untracked 
| 173|0x000000008ad00000, 0x000000008ae00000, 0x000000008ae00000|100%| O|  |TAMS 0x000000008ae00000, 0x000000008ae00000| Untracked 
| 174|0x000000008ae00000, 0x000000008af00000, 0x000000008af00000|100%| O|  |TAMS 0x000000008af00000, 0x000000008af00000| Untracked 
| 175|0x000000008af00000, 0x000000008b000000, 0x000000008b000000|100%| O|  |TAMS 0x000000008b000000, 0x000000008b000000| Untracked 
| 176|0x000000008b000000, 0x000000008b100000, 0x000000008b100000|100%| O|  |TAMS 0x000000008b100000, 0x000000008b100000| Untracked 
| 177|0x000000008b100000, 0x000000008b200000, 0x000000008b200000|100%| O|  |TAMS 0x000000008b200000, 0x000000008b200000| Untracked 
| 178|0x000000008b200000, 0x000000008b300000, 0x000000008b300000|100%| O|  |TAMS 0x000000008b300000, 0x000000008b300000| Untracked 
| 179|0x000000008b300000, 0x000000008b400000, 0x000000008b400000|100%| O|  |TAMS 0x000000008b400000, 0x000000008b400000| Untracked 
| 180|0x000000008b400000, 0x000000008b500000, 0x000000008b500000|100%| O|  |TAMS 0x000000008b500000, 0x000000008b500000| Untracked 
| 181|0x000000008b500000, 0x000000008b600000, 0x000000008b600000|100%| O|  |TAMS 0x000000008b500000, 0x000000008b600000| Untracked 
| 182|0x000000008b600000, 0x000000008b700000, 0x000000008b700000|100%| O|  |TAMS 0x000000008b600000, 0x000000008b700000| Untracked 
| 183|0x000000008b700000, 0x000000008b800000, 0x000000008b800000|100%| O|  |TAMS 0x000000008b700000, 0x000000008b800000| Untracked 
| 184|0x000000008b800000, 0x000000008b900000, 0x000000008b900000|100%| O|  |TAMS 0x000000008b800000, 0x000000008b900000| Untracked 
| 185|0x000000008b900000, 0x000000008ba00000, 0x000000008ba00000|100%| O|  |TAMS 0x000000008b900000, 0x000000008ba00000| Untracked 
| 186|0x000000008ba00000, 0x000000008bb00000, 0x000000008bb00000|100%| O|  |TAMS 0x000000008ba00000, 0x000000008bb00000| Untracked 
| 187|0x000000008bb00000, 0x000000008bc00000, 0x000000008bc00000|100%| O|  |TAMS 0x000000008bb00000, 0x000000008bc00000| Untracked 
| 188|0x000000008bc00000, 0x000000008bd00000, 0x000000008bd00000|100%| O|  |TAMS 0x000000008bc00000, 0x000000008bd00000| Untracked 
| 189|0x000000008bd00000, 0x000000008be00000, 0x000000008be00000|100%| O|  |TAMS 0x000000008bd00000, 0x000000008be00000| Untracked 
| 190|0x000000008be00000, 0x000000008bf00000, 0x000000008bf00000|100%| O|  |TAMS 0x000000008be00000, 0x000000008bf00000| Untracked 
| 191|0x000000008bf00000, 0x000000008c000000, 0x000000008c000000|100%| O|  |TAMS 0x000000008bf00000, 0x000000008c000000| Untracked 
| 192|0x000000008c000000, 0x000000008c100000, 0x000000008c100000|100%| O|  |TAMS 0x000000008c000000, 0x000000008c100000| Untracked 
| 193|0x000000008c100000, 0x000000008c200000, 0x000000008c200000|100%| O|  |TAMS 0x000000008c100000, 0x000000008c200000| Untracked 
| 194|0x000000008c200000, 0x000000008c300000, 0x000000008c300000|100%| O|  |TAMS 0x000000008c200000, 0x000000008c300000| Untracked 
| 195|0x000000008c300000, 0x000000008c400000, 0x000000008c400000|100%| O|  |TAMS 0x000000008c300000, 0x000000008c35b000| Untracked 
| 196|0x000000008c400000, 0x000000008c500000, 0x000000008c500000|100%| O|  |TAMS 0x000000008c400000, 0x000000008c400000| Untracked 
| 197|0x000000008c500000, 0x000000008c600000, 0x000000008c600000|100%| O|  |TAMS 0x000000008c500000, 0x000000008c500000| Untracked 
| 198|0x000000008c600000, 0x000000008c700000, 0x000000008c700000|100%| O|  |TAMS 0x000000008c600000, 0x000000008c600000| Untracked 
| 199|0x000000008c700000, 0x000000008c800000, 0x000000008c800000|100%| O|  |TAMS 0x000000008c700000, 0x000000008c700000| Untracked 
| 200|0x000000008c800000, 0x000000008c900000, 0x000000008c900000|100%| O|  |TAMS 0x000000008c800000, 0x000000008c800000| Untracked 
| 201|0x000000008c900000, 0x000000008ca00000, 0x000000008ca00000|100%| O|  |TAMS 0x000000008c900000, 0x000000008c900000| Untracked 
| 202|0x000000008ca00000, 0x000000008cb00000, 0x000000008cb00000|100%| O|  |TAMS 0x000000008ca00000, 0x000000008ca00000| Untracked 
| 203|0x000000008cb00000, 0x000000008cc00000, 0x000000008cc00000|100%| O|  |TAMS 0x000000008cb00000, 0x000000008cb00000| Untracked 
| 204|0x000000008cc00000, 0x000000008cd00000, 0x000000008cd00000|100%| O|  |TAMS 0x000000008cc00000, 0x000000008cc00000| Untracked 
| 205|0x000000008cd00000, 0x000000008ce00000, 0x000000008ce00000|100%| O|  |TAMS 0x000000008cd00000, 0x000000008cd00000| Untracked 
| 206|0x000000008ce00000, 0x000000008ce39c00, 0x000000008cf00000| 22%| O|  |TAMS 0x000000008ce00000, 0x000000008ce00000| Untracked 
| 207|0x000000008cf00000, 0x000000008cf00000, 0x000000008d000000|  0%| F|  |TAMS 0x000000008cf00000, 0x000000008cf00000| Untracked 
| 208|0x000000008d000000, 0x000000008d000000, 0x000000008d100000|  0%| F|  |TAMS 0x000000008d000000, 0x000000008d000000| Untracked 
| 209|0x000000008d100000, 0x000000008d100000, 0x000000008d200000|  0%| F|  |TAMS 0x000000008d100000, 0x000000008d100000| Untracked 
| 210|0x000000008d200000, 0x000000008d200000, 0x000000008d300000|  0%| F|  |TAMS 0x000000008d200000, 0x000000008d200000| Untracked 
| 211|0x000000008d300000, 0x000000008d300000, 0x000000008d400000|  0%| F|  |TAMS 0x000000008d300000, 0x000000008d300000| Untracked 
| 212|0x000000008d400000, 0x000000008d400000, 0x000000008d500000|  0%| F|  |TAMS 0x000000008d400000, 0x000000008d400000| Untracked 
| 213|0x000000008d500000, 0x000000008d500000, 0x000000008d600000|  0%| F|  |TAMS 0x000000008d500000, 0x000000008d500000| Untracked 
| 214|0x000000008d600000, 0x000000008d600000, 0x000000008d700000|  0%| F|  |TAMS 0x000000008d600000, 0x000000008d600000| Untracked 
| 215|0x000000008d700000, 0x000000008d700000, 0x000000008d800000|  0%| F|  |TAMS 0x000000008d700000, 0x000000008d700000| Untracked 
| 216|0x000000008d800000, 0x000000008d800000, 0x000000008d900000|  0%| F|  |TAMS 0x000000008d800000, 0x000000008d800000| Untracked 
| 217|0x000000008d900000, 0x000000008d900000, 0x000000008da00000|  0%| F|  |TAMS 0x000000008d900000, 0x000000008d900000| Untracked 
| 218|0x000000008da00000, 0x000000008da00000, 0x000000008db00000|  0%| F|  |TAMS 0x000000008da00000, 0x000000008da00000| Untracked 
| 219|0x000000008db00000, 0x000000008db00000, 0x000000008dc00000|  0%| F|  |TAMS 0x000000008db00000, 0x000000008db00000| Untracked 
| 220|0x000000008dc00000, 0x000000008dc00000, 0x000000008dd00000|  0%| F|  |TAMS 0x000000008dc00000, 0x000000008dc00000| Untracked 
| 221|0x000000008dd00000, 0x000000008dd00000, 0x000000008de00000|  0%| F|  |TAMS 0x000000008dd00000, 0x000000008dd00000| Untracked 
| 222|0x000000008de00000, 0x000000008de00000, 0x000000008df00000|  0%| F|  |TAMS 0x000000008de00000, 0x000000008de00000| Untracked 
| 223|0x000000008df00000, 0x000000008df00000, 0x000000008e000000|  0%| F|  |TAMS 0x000000008df00000, 0x000000008df00000| Untracked 
| 224|0x000000008e000000, 0x000000008e000000, 0x000000008e100000|  0%| F|  |TAMS 0x000000008e000000, 0x000000008e000000| Untracked 
| 225|0x000000008e100000, 0x000000008e100000, 0x000000008e200000|  0%| F|  |TAMS 0x000000008e100000, 0x000000008e100000| Untracked 
| 226|0x000000008e200000, 0x000000008e200000, 0x000000008e300000|  0%| F|  |TAMS 0x000000008e200000, 0x000000008e200000| Untracked 
| 227|0x000000008e300000, 0x000000008e300000, 0x000000008e400000|  0%| F|  |TAMS 0x000000008e300000, 0x000000008e300000| Untracked 
| 228|0x000000008e400000, 0x000000008e400000, 0x000000008e500000|  0%| F|  |TAMS 0x000000008e400000, 0x000000008e400000| Untracked 
| 229|0x000000008e500000, 0x000000008e500000, 0x000000008e600000|  0%| F|  |TAMS 0x000000008e500000, 0x000000008e500000| Untracked 
| 230|0x000000008e600000, 0x000000008e600000, 0x000000008e700000|  0%| F|  |TAMS 0x000000008e600000, 0x000000008e600000| Untracked 
| 231|0x000000008e700000, 0x000000008e700000, 0x000000008e800000|  0%| F|  |TAMS 0x000000008e700000, 0x000000008e700000| Untracked 
| 232|0x000000008e800000, 0x000000008e800000, 0x000000008e900000|  0%| F|  |TAMS 0x000000008e800000, 0x000000008e800000| Untracked 
| 233|0x000000008e900000, 0x000000008e900000, 0x000000008ea00000|  0%| F|  |TAMS 0x000000008e900000, 0x000000008e900000| Untracked 
| 234|0x000000008ea00000, 0x000000008ea00000, 0x000000008eb00000|  0%| F|  |TAMS 0x000000008ea00000, 0x000000008ea00000| Untracked 
| 235|0x000000008eb00000, 0x000000008eb00000, 0x000000008ec00000|  0%| F|  |TAMS 0x000000008eb00000, 0x000000008eb00000| Untracked 
| 236|0x000000008ec00000, 0x000000008ec00000, 0x000000008ed00000|  0%| F|  |TAMS 0x000000008ec00000, 0x000000008ec00000| Untracked 
| 237|0x000000008ed00000, 0x000000008ed00000, 0x000000008ee00000|  0%| F|  |TAMS 0x000000008ed00000, 0x000000008ed00000| Untracked 
| 238|0x000000008ee00000, 0x000000008ef00000, 0x000000008ef00000|100%| S|CS|TAMS 0x000000008ee00000, 0x000000008ee00000| Complete 
| 239|0x000000008ef00000, 0x000000008ef00000, 0x000000008f000000|  0%| F|  |TAMS 0x000000008ef00000, 0x000000008ef00000| Untracked 
| 240|0x000000008f000000, 0x000000008f000000, 0x000000008f100000|  0%| F|  |TAMS 0x000000008f000000, 0x000000008f000000| Untracked 
| 241|0x000000008f100000, 0x000000008f200000, 0x000000008f200000|100%| S|CS|TAMS 0x000000008f100000, 0x000000008f100000| Complete 
| 242|0x000000008f200000, 0x000000008f200000, 0x000000008f300000|  0%| F|  |TAMS 0x000000008f200000, 0x000000008f200000| Untracked 
| 243|0x000000008f300000, 0x000000008f300000, 0x000000008f400000|  0%| F|  |TAMS 0x000000008f300000, 0x000000008f300000| Untracked 
| 244|0x000000008f400000, 0x000000008f400000, 0x000000008f500000|  0%| F|  |TAMS 0x000000008f400000, 0x000000008f400000| Untracked 
| 245|0x000000008f500000, 0x000000008f500000, 0x000000008f600000|  0%| F|  |TAMS 0x000000008f500000, 0x000000008f500000| Untracked 
| 246|0x000000008f600000, 0x000000008f600000, 0x000000008f700000|  0%| F|  |TAMS 0x000000008f600000, 0x000000008f600000| Untracked 
| 247|0x000000008f700000, 0x000000008f700000, 0x000000008f800000|  0%| F|  |TAMS 0x000000008f700000, 0x000000008f700000| Untracked 
| 248|0x000000008f800000, 0x000000008f800000, 0x000000008f900000|  0%| F|  |TAMS 0x000000008f800000, 0x000000008f800000| Untracked 
| 249|0x000000008f900000, 0x000000008f900000, 0x000000008fa00000|  0%| F|  |TAMS 0x000000008f900000, 0x000000008f900000| Untracked 
| 250|0x000000008fa00000, 0x000000008fa00000, 0x000000008fb00000|  0%| F|  |TAMS 0x000000008fa00000, 0x000000008fa00000| Untracked 
| 251|0x000000008fb00000, 0x000000008fb00000, 0x000000008fc00000|  0%| F|  |TAMS 0x000000008fb00000, 0x000000008fb00000| Untracked 
| 252|0x000000008fc00000, 0x000000008fc00000, 0x000000008fd00000|  0%| F|  |TAMS 0x000000008fc00000, 0x000000008fc00000| Untracked 

Card table byte_map: [0x00000171c81e0000,0x00000171c85e0000] _byte_map_base: 0x00000171c7de0000

Marking Bits (Prev, Next): (CMBitMap*) 0x00000171b4fe0a90, (CMBitMap*) 0x00000171b4fe0a58
 Prev Bits: [0x00000171ca9e0000, 0x00000171cc9e0000)
 Next Bits: [0x00000171c89e0000, 0x00000171ca9e0000)

Polling page: 0x00000171b2f40000

Metaspace:

Usage:
  Non-class:    115.09 MB capacity,   112.78 MB ( 98%) used,     1.91 MB (  2%) free+waste,   406.13 KB ( <1%) overhead. 
      Class:     17.49 MB capacity,    16.12 MB ( 92%) used,     1.19 MB (  7%) free+waste,   182.94 KB (  1%) overhead. 
       Both:    132.58 MB capacity,   128.89 MB ( 97%) used,     3.11 MB (  2%) free+waste,   589.06 KB ( <1%) overhead. 

Virtual space:
  Non-class space:      116.00 MB reserved,     115.17 MB (>99%) committed 
      Class space:        1.00 GB reserved,      17.50 MB (  2%) committed 
             Both:        1.11 GB reserved,     132.67 MB ( 12%) committed 

Chunk freelists:
   Non-Class:  23.00 KB
       Class:  12.00 KB
        Both:  35.00 KB

MaxMetaspaceSize: 17179869184.00 GB
CompressedClassSpaceSize: 1.00 GB
Initial GC threshold: 20.80 MB
Current GC threshold: 219.87 MB
CDS: off

CodeHeap 'non-profiled nmethods': size=120000Kb used=16032Kb max_used=16762Kb free=103967Kb
 bounds [0x00000171c0580000, 0x00000171c15e0000, 0x00000171c7ab0000]
CodeHeap 'profiled nmethods': size=120000Kb used=40496Kb max_used=42283Kb free=79503Kb
 bounds [0x00000171b9050000, 0x00000171bb9d0000, 0x00000171c0580000]
CodeHeap 'non-nmethods': size=5760Kb used=2463Kb max_used=2523Kb free=3296Kb
 bounds [0x00000171b8ab0000, 0x00000171b8d40000, 0x00000171b9050000]
 total_blobs=19535 nmethods=18540 adapters=906
 compilation: enabled
              stopped_count=0, restarted_count=0
 full_count=0

Compilation events (20 events):
Event: 695.271 Thread 0x00000171cf452000 21051       2       com.android.tools.r8.internal.X3::<init> (151 bytes)
Event: 695.272 Thread 0x00000171cf452000 nmethod 21051 0x00000171b9b8a790 code [0x00000171b9b8a940, 0x00000171b9b8aad8]
Event: 695.282 Thread 0x00000171cf452000 21052       2       com.android.tools.r8.graph.G0::a (20 bytes)
Event: 695.283 Thread 0x00000171cf452000 nmethod 21052 0x00000171b9c8b190 code [0x00000171b9c8b340, 0x00000171b9c8b4c8]
Event: 695.295 Thread 0x00000171cf452000 21053       2       com.android.tools.r8.internal.Ni::p (22 bytes)
Event: 695.295 Thread 0x00000171cf452000 nmethod 21053 0x00000171b9c8c810 code [0x00000171b9c8c9c0, 0x00000171b9c8cb38]
Event: 695.295 Thread 0x00000171cf452000 21054       2       com.android.tools.r8.internal.Jo::<init> (19 bytes)
Event: 695.295 Thread 0x00000171cf452000 nmethod 21054 0x00000171b9cb0790 code [0x00000171b9cb0940, 0x00000171b9cb0a58]
Event: 695.295 Thread 0x00000171cf452000 21055       2       com.android.tools.r8.graph.E0::<init> (7 bytes)
Event: 695.295 Thread 0x00000171cf452000 nmethod 21055 0x00000171b9cdff90 code [0x00000171b9ce0140, 0x00000171b9ce0298]
Event: 695.299 Thread 0x00000171cf452000 21059       2       com.android.tools.r8.graph.D0::<init> (38 bytes)
Event: 695.299 Thread 0x00000171cf452000 nmethod 21059 0x00000171b98f3090 code [0x00000171b98f3260, 0x00000171b98f35c8]
Event: 695.299 Thread 0x00000171cf452000 21056       2       com.android.tools.r8.graph.H0::a (232 bytes)
Event: 695.300 Thread 0x00000171cf452000 nmethod 21056 0x00000171b9592310 code [0x00000171b9592540, 0x00000171b9592ca8]
Event: 695.300 Thread 0x00000171cf452000 21057       2       com.android.tools.r8.internal.g7::a (52 bytes)
Event: 695.300 Thread 0x00000171cf452000 nmethod 21057 0x00000171b9a45090 code [0x00000171b9a45260, 0x00000171b9a45478]
Event: 695.300 Thread 0x00000171cf452000 21058       2       com.android.tools.r8.internal.g7::a (16 bytes)
Event: 695.301 Thread 0x00000171cf452000 nmethod 21058 0x00000171b9ce0a10 code [0x00000171b9ce0bc0, 0x00000171b9ce0ce8]
Event: 695.305 Thread 0x00000171cf452000 21060 %     3       java.util.IdentityHashMap::resize @ 104 (153 bytes)
Event: 695.306 Thread 0x00000171cf452000 nmethod 21060% 0x00000171b99ef010 code [0x00000171b99ef280, 0x00000171b99f0138]

GC Heap History (20 events):
Event: 694.462 GC heap after
{Heap after GC invocations=353 (full 0):
 garbage-first heap   total 215040K, used 193302K [0x0000000080000000, 0x0000000100000000)
  region size 1024K, 2 young (2048K), 2 survivors (2048K)
 Metaspace       used 131149K, capacity 134916K, committed 135088K, reserved 1167360K
  class space    used 16399K, capacity 17801K, committed 17920K, reserved 1048576K
}
Event: 694.510 GC heap before
{Heap before GC invocations=353 (full 0):
 garbage-first heap   total 215040K, used 201494K [0x0000000080000000, 0x0000000100000000)
  region size 1024K, 10 young (10240K), 2 survivors (2048K)
 Metaspace       used 131169K, capacity 134919K, committed 135088K, reserved 1167360K
  class space    used 16402K, capacity 17802K, committed 17920K, reserved 1048576K
}
Event: 694.515 GC heap after
{Heap after GC invocations=354 (full 0):
 garbage-first heap   total 215040K, used 195270K [0x0000000080000000, 0x0000000100000000)
  region size 1024K, 2 young (2048K), 2 survivors (2048K)
 Metaspace       used 131169K, capacity 134919K, committed 135088K, reserved 1167360K
  class space    used 16402K, capacity 17802K, committed 17920K, reserved 1048576K
}
Event: 694.585 GC heap before
{Heap before GC invocations=354 (full 0):
 garbage-first heap   total 215040K, used 203462K [0x0000000080000000, 0x0000000100000000)
  region size 1024K, 10 young (10240K), 2 survivors (2048K)
 Metaspace       used 131247K, capacity 134998K, committed 135344K, reserved 1167360K
  class space    used 16415K, capacity 17807K, committed 17920K, reserved 1048576K
}
Event: 694.591 GC heap after
{Heap after GC invocations=355 (full 0):
 garbage-first heap   total 215040K, used 197256K [0x0000000080000000, 0x0000000100000000)
  region size 1024K, 2 young (2048K), 2 survivors (2048K)
 Metaspace       used 131247K, capacity 134998K, committed 135344K, reserved 1167360K
  class space    used 16415K, capacity 17807K, committed 17920K, reserved 1048576K
}
Event: 695.067 GC heap before
{Heap before GC invocations=356 (full 0):
 garbage-first heap   total 215040K, used 205448K [0x0000000080000000, 0x0000000100000000)
  region size 1024K, 10 young (10240K), 2 survivors (2048K)
 Metaspace       used 131627K, capacity 135398K, committed 135600K, reserved 1167360K
  class space    used 16467K, capacity 17876K, committed 17920K, reserved 1048576K
}
Event: 695.073 GC heap after
{Heap after GC invocations=357 (full 0):
 garbage-first heap   total 215040K, used 198789K [0x0000000080000000, 0x0000000100000000)
  region size 1024K, 2 young (2048K), 2 survivors (2048K)
 Metaspace       used 131627K, capacity 135398K, committed 135600K, reserved 1167360K
  class space    used 16467K, capacity 17876K, committed 17920K, reserved 1048576K
}
Event: 695.097 GC heap before
{Heap before GC invocations=357 (full 0):
 garbage-first heap   total 215040K, used 206981K [0x0000000080000000, 0x0000000100000000)
  region size 1024K, 10 young (10240K), 2 survivors (2048K)
 Metaspace       used 131689K, capacity 135464K, committed 135600K, reserved 1167360K
  class space    used 16471K, capacity 17876K, committed 17920K, reserved 1048576K
}
Event: 695.103 GC heap after
{Heap after GC invocations=358 (full 0):
 garbage-first heap   total 215040K, used 200159K [0x0000000080000000, 0x0000000100000000)
  region size 1024K, 2 young (2048K), 2 survivors (2048K)
 Metaspace       used 131689K, capacity 135464K, committed 135600K, reserved 1167360K
  class space    used 16471K, capacity 17876K, committed 17920K, reserved 1048576K
}
Event: 695.122 GC heap before
{Heap before GC invocations=358 (full 0):
 garbage-first heap   total 215040K, used 208351K [0x0000000080000000, 0x0000000100000000)
  region size 1024K, 10 young (10240K), 2 survivors (2048K)
 Metaspace       used 131705K, capacity 135464K, committed 135600K, reserved 1167360K
  class space    used 16472K, capacity 17876K, committed 17920K, reserved 1048576K
}
Event: 695.127 GC heap after
{Heap after GC invocations=359 (full 0):
 garbage-first heap   total 215040K, used 201829K [0x0000000080000000, 0x0000000100000000)
  region size 1024K, 2 young (2048K), 2 survivors (2048K)
 Metaspace       used 131705K, capacity 135464K, committed 135600K, reserved 1167360K
  class space    used 16472K, capacity 17876K, committed 17920K, reserved 1048576K
}
Event: 695.145 GC heap before
{Heap before GC invocations=359 (full 0):
 garbage-first heap   total 215040K, used 210021K [0x0000000080000000, 0x0000000100000000)
  region size 1024K, 10 young (10240K), 2 survivors (2048K)
 Metaspace       used 131741K, capacity 135468K, committed 135600K, reserved 1167360K
  class space    used 16473K, capacity 17876K, committed 17920K, reserved 1048576K
}
Event: 695.151 GC heap after
{Heap after GC invocations=360 (full 0):
 garbage-first heap   total 259072K, used 203470K [0x0000000080000000, 0x0000000100000000)
  region size 1024K, 2 young (2048K), 2 survivors (2048K)
 Metaspace       used 131741K, capacity 135468K, committed 135600K, reserved 1167360K
  class space    used 16473K, capacity 17876K, committed 17920K, reserved 1048576K
}
Event: 695.189 GC heap before
{Heap before GC invocations=360 (full 0):
 garbage-first heap   total 259072K, used 216782K [0x0000000080000000, 0x0000000100000000)
  region size 1024K, 15 young (15360K), 2 survivors (2048K)
 Metaspace       used 131782K, capacity 135533K, committed 135600K, reserved 1167360K
  class space    used 16475K, capacity 17876K, committed 17920K, reserved 1048576K
}
Event: 695.195 GC heap after
{Heap after GC invocations=361 (full 0):
 garbage-first heap   total 259072K, used 206058K [0x0000000080000000, 0x0000000100000000)
  region size 1024K, 2 young (2048K), 2 survivors (2048K)
 Metaspace       used 131782K, capacity 135533K, committed 135600K, reserved 1167360K
  class space    used 16475K, capacity 17876K, committed 17920K, reserved 1048576K
}
Event: 695.245 GC heap before
{Heap before GC invocations=361 (full 0):
 garbage-first heap   total 259072K, used 219370K [0x0000000080000000, 0x0000000100000000)
  region size 1024K, 15 young (15360K), 2 survivors (2048K)
 Metaspace       used 131864K, capacity 135597K, committed 135856K, reserved 1167360K
  class space    used 16481K, capacity 17876K, committed 17920K, reserved 1048576K
}
Event: 695.252 GC heap after
{Heap after GC invocations=362 (full 0):
 garbage-first heap   total 259072K, used 208546K [0x0000000080000000, 0x0000000100000000)
  region size 1024K, 2 young (2048K), 2 survivors (2048K)
 Metaspace       used 131864K, capacity 135597K, committed 135856K, reserved 1167360K
  class space    used 16481K, capacity 17876K, committed 17920K, reserved 1048576K
}
Event: 695.284 GC heap before
{Heap before GC invocations=362 (full 0):
 garbage-first heap   total 259072K, used 220834K [0x0000000080000000, 0x0000000100000000)
  region size 1024K, 14 young (14336K), 2 survivors (2048K)
 Metaspace       used 131879K, capacity 135597K, committed 135856K, reserved 1167360K
  class space    used 16486K, capacity 17876K, committed 17920K, reserved 1048576K
}
Event: 695.289 GC heap after
{Heap after GC invocations=363 (full 0):
 garbage-first heap   total 259072K, used 211055K [0x0000000080000000, 0x0000000100000000)
  region size 1024K, 2 young (2048K), 2 survivors (2048K)
 Metaspace       used 131879K, capacity 135597K, committed 135856K, reserved 1167360K
  class space    used 16486K, capacity 17876K, committed 17920K, reserved 1048576K
}
Event: 695.341 GC heap before
{Heap before GC invocations=363 (full 0):
 garbage-first heap   total 259072K, used 222319K [0x0000000080000000, 0x0000000100000000)
  region size 1024K, 13 young (13312K), 2 survivors (2048K)
 Metaspace       used 131986K, capacity 135757K, committed 135856K, reserved 1167360K
  class space    used 16504K, capacity 17908K, committed 17920K, reserved 1048576K
}

Deoptimization events (20 events):
Event: 695.075 Thread 0x00000171dc229000 DEOPT UNPACKING pc=0x00000171b8afa95e sp=0x0000000f6a0f9428 mode 0
Event: 695.075 Thread 0x00000171dc22e800 DEOPT UNPACKING pc=0x00000171b8afa95e sp=0x0000000f6abf91b8 mode 0
Event: 695.077 Thread 0x00000171dc22e800 DEOPT PACKING pc=0x00000171b9714ff9 sp=0x0000000f6abf9d30
Event: 695.077 Thread 0x00000171dc22e800 DEOPT UNPACKING pc=0x00000171b8afa95e sp=0x0000000f6abf9258 mode 0
Event: 695.080 Thread 0x00000171d6ad9000 DEOPT PACKING pc=0x00000171b9714ff9 sp=0x0000000f676f9da0
Event: 695.080 Thread 0x00000171d6ad9000 DEOPT UNPACKING pc=0x00000171b8afa95e sp=0x0000000f676f92c8 mode 0
Event: 695.081 Thread 0x00000171d91b9000 DEOPT PACKING pc=0x00000171b9715131 sp=0x0000000f663f9c50
Event: 695.081 Thread 0x00000171d91b9000 DEOPT UNPACKING pc=0x00000171b8afa95e sp=0x0000000f663f9178 mode 0
Event: 695.082 Thread 0x00000171dc229000 DEOPT PACKING pc=0x00000171b9714ff9 sp=0x0000000f6a0fa440
Event: 695.082 Thread 0x00000171dc229000 DEOPT UNPACKING pc=0x00000171b8afa95e sp=0x0000000f6a0f9968 mode 0
Event: 695.085 Thread 0x00000171d6ad9000 DEOPT PACKING pc=0x00000171b9714ff9 sp=0x0000000f676fa2d0
Event: 695.085 Thread 0x00000171d6ad9000 DEOPT UNPACKING pc=0x00000171b8afa95e sp=0x0000000f676f97f8 mode 0
Event: 695.296 Thread 0x00000171d2dcd800 Uncommon trap: trap_request=0xffffff4d fr.pc=0x00000171c156aa9c relative=0x000000000000105c
Event: 695.296 Thread 0x00000171d2dcd800 Uncommon trap: reason=unstable_if action=reinterpret pc=0x00000171c156aa9c method=com.android.tools.build.apkzlib.zip.ZipField.verify(Ljava/nio/ByteBuffer;JLcom/android/tools/build/apkzlib/zip/VerifyLog;)V @ 16 c2
Event: 695.296 Thread 0x00000171d2dcd800 DEOPT PACKING pc=0x00000171c156aa9c sp=0x0000000f6b8fd500
Event: 695.296 Thread 0x00000171d2dcd800 DEOPT UNPACKING pc=0x00000171b8afa1af sp=0x0000000f6b8fd3f0 mode 2
Event: 695.296 Thread 0x00000171d2dcd800 Uncommon trap: trap_request=0xffffff4d fr.pc=0x00000171c14d85b8 relative=0x0000000000000338
Event: 695.296 Thread 0x00000171d2dcd800 Uncommon trap: reason=unstable_if action=reinterpret pc=0x00000171c14d85b8 method=com.android.tools.build.apkzlib.zip.ZipField.verify(Ljava/nio/ByteBuffer;JLcom/android/tools/build/apkzlib/zip/VerifyLog;)V @ 16 c2
Event: 695.296 Thread 0x00000171d2dcd800 DEOPT PACKING pc=0x00000171c14d85b8 sp=0x0000000f6b8fd420
Event: 695.296 Thread 0x00000171d2dcd800 DEOPT UNPACKING pc=0x00000171b8afa1af sp=0x0000000f6b8fd3e8 mode 2

Classes redefined (0 events):
No events

Internal exceptions (20 events):
Event: 680.545 Thread 0x00000171d6bba800 Exception <a 'sun/nio/fs/WindowsException'{0x000000008bef1260}> (0x000000008bef1260) thrown at [./src/hotspot/share/prims/jni.cpp, line 615]
Event: 680.844 Thread 0x00000171dc22c000 Exception <a 'sun/nio/fs/WindowsException'{0x000000008cf3cb90}> (0x000000008cf3cb90) thrown at [./src/hotspot/share/prims/jni.cpp, line 615]
Event: 680.969 Thread 0x00000171d6bba800 Exception <a 'sun/nio/fs/WindowsException'{0x000000008ce44198}> (0x000000008ce44198) thrown at [./src/hotspot/share/prims/jni.cpp, line 615]
Event: 690.682 Thread 0x00000171dc229000 Exception <a 'sun/nio/fs/WindowsException'{0x000000008cf902a8}> (0x000000008cf902a8) thrown at [./src/hotspot/share/prims/jni.cpp, line 615]
Event: 690.682 Thread 0x00000171d91b9000 Exception <a 'sun/nio/fs/WindowsException'{0x000000008cfa7738}> (0x000000008cfa7738) thrown at [./src/hotspot/share/prims/jni.cpp, line 615]
Event: 690.682 Thread 0x00000171d6ae3800 Exception <a 'sun/nio/fs/WindowsException'{0x000000008cfa64d8}> (0x000000008cfa64d8) thrown at [./src/hotspot/share/prims/jni.cpp, line 615]
Event: 691.456 Thread 0x00000171d6ad9000 Exception <a 'sun/nio/fs/WindowsException'{0x000000008cbae618}> (0x000000008cbae618) thrown at [./src/hotspot/share/prims/jni.cpp, line 615]
Event: 691.562 Thread 0x00000171d6bc1000 Exception <a 'sun/nio/fs/WindowsException'{0x000000008ce76178}> (0x000000008ce76178) thrown at [./src/hotspot/share/prims/jni.cpp, line 615]
Event: 692.087 Thread 0x00000171d6ae3800 Exception <a 'java/lang/IncompatibleClassChangeError'{0x000000008d164db8}: Found class java.lang.Object, but interface was expected> (0x000000008d164db8) thrown at [./src/hotspot/share/interpreter/linkResolver.cpp, line 839]
Event: 692.087 Thread 0x00000171dc229000 Exception <a 'java/lang/IncompatibleClassChangeError'{0x000000008d166290}: Found class java.lang.Object, but interface was expected> (0x000000008d166290) thrown at [./src/hotspot/share/interpreter/linkResolver.cpp, line 839]
Event: 692.087 Thread 0x00000171d6bc1000 Exception <a 'java/lang/IncompatibleClassChangeError'{0x000000008d14e190}: Found class java.lang.Object, but interface was expected> (0x000000008d14e190) thrown at [./src/hotspot/share/interpreter/linkResolver.cpp, line 839]
Event: 692.087 Thread 0x00000171d91b9000 Exception <a 'java/lang/IncompatibleClassChangeError'{0x000000008d163c50}: Found class java.lang.Object, but interface was expected> (0x000000008d163c50) thrown at [./src/hotspot/share/interpreter/linkResolver.cpp, line 839]
Event: 692.323 Thread 0x00000171dc22e800 Exception <a 'sun/nio/fs/WindowsException'{0x000000008cd867a8}> (0x000000008cd867a8) thrown at [./src/hotspot/share/prims/jni.cpp, line 615]
Event: 693.644 Thread 0x00000171d6ad9000 Exception <a 'java/lang/NoSuchMethodError'{0x000000008d06fbc8}: 'java.lang.Object java.lang.invoke.DirectMethodHandle$Holder.invokeStatic(java.lang.Object, long)'> (0x000000008d06fbc8) thrown at [./src/hotspot/share/interpreter/linkResolver.cpp, line 773]
Event: 693.644 Thread 0x00000171d6ae3800 Exception <a 'java/lang/NoSuchMethodError'{0x000000008d086540}: 'java.lang.Object java.lang.invoke.DirectMethodHandle$Holder.invokeStatic(java.lang.Object, long)'> (0x000000008d086540) thrown at [./src/hotspot/share/interpreter/linkResolver.cpp, line 773]
Event: 693.644 Thread 0x00000171dc22e800 Exception <a 'java/lang/NoSuchMethodError'{0x000000008d078b50}: 'java.lang.Object java.lang.invoke.DirectMethodHandle$Holder.invokeStatic(java.lang.Object, long)'> (0x000000008d078b50) thrown at [./src/hotspot/share/interpreter/linkResolver.cpp, line 773]
Event: 693.644 Thread 0x00000171d6bc1000 Exception <a 'java/lang/NoSuchMethodError'{0x000000008d065880}: 'java.lang.Object java.lang.invoke.DirectMethodHandle$Holder.invokeStatic(java.lang.Object, long)'> (0x000000008d065880) thrown at [./src/hotspot/share/interpreter/linkResolver.cpp, line 773]
Event: 693.644 Thread 0x00000171d91b9000 Exception <a 'java/lang/NoSuchMethodError'{0x000000008d0880a0}: 'java.lang.Object java.lang.invoke.DirectMethodHandle$Holder.invokeStatic(java.lang.Object, long)'> (0x000000008d0880a0) thrown at [./src/hotspot/share/interpreter/linkResolver.cpp, line 773]
Event: 694.518 Thread 0x00000171d6ad9000 Exception <a 'java/lang/IncompatibleClassChangeError'{0x000000008d1966d0}: Found class java.lang.Object, but interface was expected> (0x000000008d1966d0) thrown at [./src/hotspot/share/interpreter/linkResolver.cpp, line 839]
Event: 694.518 Thread 0x00000171d6ae3800 Exception <a 'java/lang/IncompatibleClassChangeError'{0x000000008d1999f0}: Found class java.lang.Object, but interface was expected> (0x000000008d1999f0) thrown at [./src/hotspot/share/interpreter/linkResolver.cpp, line 839]

Events (20 events):
Event: 695.301 loading class com/android/tools/r8/internal/QC done
Event: 695.302 loading class com/android/tools/r8/internal/lg
Event: 695.302 loading class com/android/tools/r8/internal/lg done
Event: 695.302 loading class com/android/tools/r8/internal/gk
Event: 695.302 loading class com/android/tools/r8/internal/gk done
Event: 695.303 loading class com/android/tools/r8/ir/conversion/p$b
Event: 695.303 loading class com/android/tools/r8/ir/conversion/p$b done
Event: 695.303 loading class com/android/tools/r8/internal/c1
Event: 695.303 loading class com/android/tools/r8/internal/c1 done
Event: 695.304 loading class com/android/tools/r8/internal/tA
Event: 695.304 loading class com/android/tools/r8/internal/tA done
Event: 695.304 loading class com/android/tools/r8/ir/conversion/w
Event: 695.304 loading class com/android/tools/r8/ir/conversion/w done
Event: 695.305 loading class com/android/tools/r8/graph/a1
Event: 695.305 loading class com/android/tools/r8/graph/a1 done
Event: 695.305 loading class com/android/tools/r8/ir/conversion/r
Event: 695.305 loading class com/android/tools/r8/ir/conversion/r done
Event: 695.306 loading class com/android/tools/r8/graph/W0
Event: 695.306 loading class com/android/tools/r8/graph/W0 done
Event: 695.341 Executing VM operation: G1CollectForAllocation


Dynamic libraries:
0x00007ff763f90000 - 0x00007ff763f9a000 	C:\Program Files\Android\Android Studio\jre\bin\java.exe
0x00007ffa2fe90000 - 0x00007ffa30085000 	C:\WINDOWS\SYSTEM32\ntdll.dll
0x00007ffa2fbd0000 - 0x00007ffa2fc8d000 	C:\WINDOWS\System32\KERNEL32.DLL
0x00007ffa2d990000 - 0x00007ffa2dc5d000 	C:\WINDOWS\System32\KERNELBASE.dll
0x00007ffa2dde0000 - 0x00007ffa2dee0000 	C:\WINDOWS\System32\ucrtbase.dll
0x00007ffa1d4c0000 - 0x00007ffa1d4d9000 	C:\Program Files\Android\Android Studio\jre\bin\jli.dll
0x00007ffa13730000 - 0x00007ffa13747000 	C:\Program Files\Android\Android Studio\jre\bin\VCRUNTIME140.dll
0x00007ffa2e500000 - 0x00007ffa2e6a0000 	C:\WINDOWS\System32\USER32.dll
0x00007ffa2d750000 - 0x00007ffa2d772000 	C:\WINDOWS\System32\win32u.dll
0x00007ffa2f800000 - 0x00007ffa2f82a000 	C:\WINDOWS\System32\GDI32.dll
0x00007ffa11a40000 - 0x00007ffa11cda000 	C:\WINDOWS\WinSxS\amd64_microsoft.windows.common-controls_6595b64144ccf1df_6.0.19041.1110_none_60b5254171f9507e\COMCTL32.dll
0x00007ffa2d640000 - 0x00007ffa2d74b000 	C:\WINDOWS\System32\gdi32full.dll
0x00007ffa2dee0000 - 0x00007ffa2df7e000 	C:\WINDOWS\System32\msvcrt.dll
0x00007ffa2d5a0000 - 0x00007ffa2d63d000 	C:\WINDOWS\System32\msvcp_win.dll
0x00007ffa2fb00000 - 0x00007ffa2fb30000 	C:\WINDOWS\System32\IMM32.DLL
0x00007ffa05860000 - 0x00007ffa058fd000 	C:\Program Files\Android\Android Studio\jre\bin\msvcp140.dll
0x00007ff9d5ba0000 - 0x00007ff9d6685000 	C:\Program Files\Android\Android Studio\jre\bin\server\jvm.dll
0x00007ffa2f6e0000 - 0x00007ffa2f78e000 	C:\WINDOWS\System32\ADVAPI32.dll
0x00007ffa2fb30000 - 0x00007ffa2fbcc000 	C:\WINDOWS\System32\sechost.dll
0x00007ffa2fc90000 - 0x00007ffa2fdb5000 	C:\WINDOWS\System32\RPCRT4.dll
0x00007ffa2fdc0000 - 0x00007ffa2fdc8000 	C:\WINDOWS\System32\PSAPI.DLL
0x00007ffa27830000 - 0x00007ffa27839000 	C:\WINDOWS\SYSTEM32\WSOCK32.dll
0x00007ffa17950000 - 0x00007ffa17977000 	C:\WINDOWS\SYSTEM32\WINMM.dll
0x00007ffa26b20000 - 0x00007ffa26b2a000 	C:\WINDOWS\SYSTEM32\VERSION.dll
0x00007ffa2f790000 - 0x00007ffa2f7fb000 	C:\WINDOWS\System32\WS2_32.dll
0x00007ffa2be20000 - 0x00007ffa2be32000 	C:\WINDOWS\SYSTEM32\kernel.appcore.dll
0x00007ffa10470000 - 0x00007ffa10481000 	C:\Program Files\Android\Android Studio\jre\bin\verify.dll
0x00007ffa2bb40000 - 0x00007ffa2bd24000 	C:\WINDOWS\SYSTEM32\DBGHELP.DLL
0x00007ffa12bf0000 - 0x00007ffa12c1c000 	C:\WINDOWS\SYSTEM32\dbgcore.DLL
0x00007ffa2dd20000 - 0x00007ffa2dda2000 	C:\WINDOWS\System32\bcryptPrimitives.dll
0x00007ffa0d7f0000 - 0x00007ffa0d819000 	C:\Program Files\Android\Android Studio\jre\bin\java.dll
0x00007ffa13720000 - 0x00007ffa1372b000 	C:\Program Files\Android\Android Studio\jre\bin\jimage.dll
0x00007ffa100c0000 - 0x00007ffa100d8000 	C:\Program Files\Android\Android Studio\jre\bin\zip.dll
0x00007ffa2ef90000 - 0x00007ffa2f6d4000 	C:\WINDOWS\System32\SHELL32.dll
0x00007ffa2b2e0000 - 0x00007ffa2ba74000 	C:\WINDOWS\SYSTEM32\windows.storage.dll
0x00007ffa2ebd0000 - 0x00007ffa2ef24000 	C:\WINDOWS\System32\combase.dll
0x00007ffa2d000000 - 0x00007ffa2d02c000 	C:\WINDOWS\SYSTEM32\Wldp.dll
0x00007ffa2eb20000 - 0x00007ffa2ebcd000 	C:\WINDOWS\System32\SHCORE.dll
0x00007ffa2f830000 - 0x00007ffa2f885000 	C:\WINDOWS\System32\shlwapi.dll
0x00007ffa2d4e0000 - 0x00007ffa2d4ff000 	C:\WINDOWS\SYSTEM32\profapi.dll
0x00007ffa0c990000 - 0x00007ffa0c9aa000 	C:\Program Files\Android\Android Studio\jre\bin\net.dll
0x00007ffa1c1d0000 - 0x00007ffa1c2da000 	C:\WINDOWS\SYSTEM32\WINHTTP.dll
0x00007ffa2cd60000 - 0x00007ffa2cdca000 	C:\WINDOWS\system32\mswsock.dll
0x00007ffa0c900000 - 0x00007ffa0c914000 	C:\Program Files\Android\Android Studio\jre\bin\nio.dll
0x00007ffa1c620000 - 0x00007ffa1c647000 	C:\Users\Ramyashree Shetty\Desktop\App-dev\gastos\native\e1d6ef7f7dcc3fd88c89a11ec53ec762bb8ba0a96d01ffa2cd45eb1d1d8dd5c5\windows-amd64\native-platform.dll
0x00007ff9ec300000 - 0x00007ff9ec444000 	C:\Users\Ramyashree Shetty\Desktop\App-dev\gastos\native\5664cfc778a61ccfe75a443a1ab52a65af34e5dc3c78e0209fed803814484fcb\windows-amd64\native-platform-file-events.dll
0x00007ffa12180000 - 0x00007ffa1218a000 	C:\Program Files\Android\Android Studio\jre\bin\management.dll
0x00007ffa0e720000 - 0x00007ffa0e72d000 	C:\Program Files\Android\Android Studio\jre\bin\management_ext.dll
0x00007ffa2cf50000 - 0x00007ffa2cf68000 	C:\WINDOWS\SYSTEM32\CRYPTSP.dll
0x00007ffa2c670000 - 0x00007ffa2c6a4000 	C:\WINDOWS\system32\rsaenh.dll
0x00007ffa2ddb0000 - 0x00007ffa2ddd7000 	C:\WINDOWS\System32\bcrypt.dll
0x00007ffa2d4a0000 - 0x00007ffa2d4ce000 	C:\WINDOWS\SYSTEM32\USERENV.dll
0x00007ffa2cf70000 - 0x00007ffa2cf7c000 	C:\WINDOWS\SYSTEM32\CRYPTBASE.dll
0x00007ffa2ca00000 - 0x00007ffa2ca3b000 	C:\WINDOWS\SYSTEM32\IPHLPAPI.DLL
0x00007ffa2e370000 - 0x00007ffa2e378000 	C:\WINDOWS\System32\NSI.dll
0x00007ffa24de0000 - 0x00007ffa24df7000 	C:\WINDOWS\SYSTEM32\dhcpcsvc6.DLL
0x00007ffa24dc0000 - 0x00007ffa24ddd000 	C:\WINDOWS\SYSTEM32\dhcpcsvc.DLL
0x00007ffa2ca90000 - 0x00007ffa2cb5b000 	C:\WINDOWS\SYSTEM32\DNSAPI.dll
0x00007ffa06f20000 - 0x00007ffa06f47000 	C:\Program Files\Android\Android Studio\jre\bin\sunec.dll
0x00007ffa1c130000 - 0x00007ffa1c13a000 	C:\Windows\System32\rasadhlp.dll
0x00007ffa1c150000 - 0x00007ffa1c1d0000 	C:\WINDOWS\System32\fwpuclnt.dll

dbghelp: loaded successfully - version: 4.0.5 - missing functions: none
symbol engine: initialized successfully - sym options: 0x614 - pdb path: .;C:\Program Files\Android\Android Studio\jre\bin;C:\WINDOWS\SYSTEM32;C:\WINDOWS\WinSxS\amd64_microsoft.windows.common-controls_6595b64144ccf1df_6.0.19041.1110_none_60b5254171f9507e;C:\Program Files\Android\Android Studio\jre\bin\server;C:\Users\Ramyashree Shetty\Desktop\App-dev\gastos\native\e1d6ef7f7dcc3fd88c89a11ec53ec762bb8ba0a96d01ffa2cd45eb1d1d8dd5c5\windows-amd64;C:\Users\Ramyashree Shetty\Desktop\App-dev\gastos\native\5664cfc778a61ccfe75a443a1ab52a65af34e5dc3c78e0209fed803814484fcb\windows-amd64

VM Arguments:
jvm_args: --add-opens=java.base/java.util=ALL-UNNAMED --add-opens=java.base/java.lang=ALL-UNNAMED --add-opens=java.base/java.lang.invoke=ALL-UNNAMED --add-opens=java.base/java.util=ALL-UNNAMED --add-opens=java.prefs/java.util.prefs=ALL-UNNAMED --add-opens=java.prefs/java.util.prefs=ALL-UNNAMED --add-opens=java.base/java.nio.charset=ALL-UNNAMED --add-opens=java.base/java.net=ALL-UNNAMED --add-opens=java.base/java.util.concurrent.atomic=ALL-UNNAMED -Xmx2048m -Dfile.encoding=UTF-8 -Duser.country=IN -Duser.language=en -Duser.variant 
java_command: org.gradle.launcher.daemon.bootstrap.GradleDaemon 7.2
java_class_path (initial): C:\Users\Ramyashree Shetty\Desktop\App-dev\gastos\wrapper\dists\gradle-7.2-bin\2dnblmf4td7x66yl1d74lt32g\gradle-7.2\lib\gradle-launcher-7.2.jar
Launcher Type: SUN_STANDARD

[Global flags]
     intx CICompilerCount                          = 4                                         {product} {ergonomic}
     uint ConcGCThreads                            = 2                                         {product} {ergonomic}
     uint G1ConcRefinementThreads                  = 8                                         {product} {ergonomic}
   size_t G1HeapRegionSize                         = 1048576                                   {product} {ergonomic}
    uintx GCDrainStackTargetSize                   = 64                                        {product} {ergonomic}
   size_t InitialHeapSize                          = 134217728                                 {product} {ergonomic}
   size_t MarkStackSize                            = 4194304                                   {product} {ergonomic}
   size_t MaxHeapSize                              = 2147483648                                {product} {command line}
   size_t MaxNewSize                               = 1287651328                                {product} {ergonomic}
   size_t MinHeapDeltaBytes                        = 1048576                                   {product} {ergonomic}
    uintx NonNMethodCodeHeapSize                   = 5836300                                {pd product} {ergonomic}
    uintx NonProfiledCodeHeapSize                  = 122910970                              {pd product} {ergonomic}
    uintx ProfiledCodeHeapSize                     = 122910970                              {pd product} {ergonomic}
    uintx ReservedCodeCacheSize                    = 251658240                              {pd product} {ergonomic}
     bool SegmentedCodeCache                       = true                                      {product} {ergonomic}
     bool UseCompressedClassPointers               = true                                 {lp64_product} {ergonomic}
     bool UseCompressedOops                        = true                                 {lp64_product} {ergonomic}
     bool UseG1GC                                  = true                                      {product} {ergonomic}
     bool UseLargePagesIndividualAllocation        = false                                  {pd product} {ergonomic}

Logging:
Log output configuration:
 #0: stdout all=warning uptime,level,tags
 #1: stderr all=off uptime,level,tags

Environment Variables:
PATH=C:\Program Files (x86)\VMware\VMware Workstation\bin\;C:\oraclexe\app\oracle\product\11.2.0\server\bin;;C:\Program Files\Python310\Scripts\;C:\Program Files\Python310\;C:\Python39\Scripts\;C:\Python39\;C:\Windows\system32;C:\Windows;C:\Windows\System32\Wbem;C:\Windows\System32\WindowsPowerShell\v1.0\;C:\Windows\System32\OpenSSH\;C:\Program Files (x86)\NVIDIA Corporation\PhysX\Common;C:\Program Files\NVIDIA Corporation\NVIDIA NvDLISR;C:\Program Files\Git\cmd;C:\Program Files\MATLAB\R2007b\bin;C:\Program Files\MATLAB\R2007b\bin\win64;C:\WINDOWS\system32;C:\WINDOWS;C:\WINDOWS\System32\Wbem;C:\WINDOWS\System32\WindowsPowerShell\v1.0\;C:\WINDOWS\System32\OpenSSH\;C:\ProgramData\chocolatey\bin;C:\MinGW\bin;C:\Program Files (x86)\LLVM\bin;C:\Program Files\nodejs\;C:\Program Files\MySQL\MySQL Shell 8.0\bin\;"C:\Users\Ramyashree Shetty\AppData\Local\Microsoft\WindowsApps;C:\Program Files\nodejs";C:\Users\Ramyashree Shetty\Downloads\php;C:\Users\Ramyashree Shetty\AppData\Local\atom\bin;C:\Users\Ramyashree Shetty\AppData\Local\GitHubDesktop\bin;C:\Users\Ramyashree Shetty\AppData\Local\Microsoft\WindowsApps;C:\Users\Ramyashree Shetty\AppData\Local\Programs\Microsoft VS Code\bin;C:\Users\Ramyashree Shetty\AppData\Local\Google\Cloud SDK\google-cloud-sdk\bin;C:\Users\Ramyashree Shetty\Documents\flutter\bin;C:\Users\Ramyashree Shetty\AppData\Roaming\npm
USERNAME=Ramyashree Shetty
OS=Windows_NT
PROCESSOR_IDENTIFIER=Intel64 Family 6 Model 158 Stepping 10, GenuineIntel



---------------  S Y S T E M  ---------------

OS: Windows 10 , 64 bit Build 19041 (10.0.19041.1706)
OS uptime: 4 days 1:24 hours

CPU:total 8 (initial active 8) (4 cores per cpu, 2 threads per core) family 6 model 158 stepping 10 microcode 0xde, cmov, cx8, fxsr, mmx, sse, sse2, sse3, ssse3, sse4.1, sse4.2, popcnt, avx, avx2, aes, clmul, erms, 3dnowpref, lzcnt, ht, tsc, tscinvbit, bmi1, bmi2, adx, fma

Memory: 4k page, system-wide physical 8072M (457M free)
TotalPageFile size 16072M (AvailPageFile size 146M)
current process WorkingSet (physical memory assigned to process): 522M, peak: 557M
current process commit charge ("private bytes"): 719M, peak: 851M

vm_info: OpenJDK 64-Bit Server VM (11.0.12+7-b1504.28-7817840) for windows-amd64 JRE (11.0.12+7-b1504.28-7817840), built on Oct 13 2021 22:12:33 by "builder" with MS VC++ 14.0 (VS2015)

END.
