#
# There is insufficient memory for the Java Runtime Environment to continue.
# Native memory allocation (malloc) failed to allocate 220176 bytes for Chunk::new
# Possible reasons:
#   The system is out of physical RAM or swap space
#   The process is running with CompressedOops enabled, and the Java Heap may be blocking the growth of the native heap
# Possible solutions:
#   Reduce memory load on the system
#   Increase physical memory or swap space
#   Check if swap backing store is full
#   Decrease Java heap size (-Xmx/-Xms)
#   Decrease number of Java threads
#   Decrease Java thread stack sizes (-Xss)
#   Set larger code cache with -XX:ReservedCodeCacheSize=
#   JVM is running with Unscaled Compressed Oops mode in which the Java heap is
#     placed in the first 4GB address space. The Java Heap base address is the
#     maximum limit for the native heap growth. Please use -XX:HeapBaseMinAddress
#     to set the Java Heap base and to place the Java Heap above 4GB virtual address.
# This output file may be truncated or incomplete.
#
#  Out of Memory Error (./src/hotspot/share/memory/arena.cpp:197), pid=14488, tid=10840
#
# JRE version: OpenJDK Runtime Environment (11.0.11+9) (build 11.0.11+9-b60-7590822)
# Java VM: OpenJDK 64-Bit Server VM (11.0.11+9-b60-7590822, mixed mode, tiered, compressed oops, g1 gc, windows-amd64)
# No core dump will be written. Minidumps are not enabled by default on client versions of Windows
#

---------------  S U M M A R Y ------------

Command Line: --add-opens=java.base/java.util=ALL-UNNAMED --add-opens=java.base/java.lang=ALL-UNNAMED --add-opens=java.base/java.lang.invoke=ALL-UNNAMED --add-opens=java.base/java.util=ALL-UNNAMED --add-opens=java.prefs/java.util.prefs=ALL-UNNAMED --add-opens=java.prefs/java.util.prefs=ALL-UNNAMED --add-opens=java.base/java.nio.charset=ALL-UNNAMED --add-opens=java.base/java.net=ALL-UNNAMED --add-opens=java.base/java.util.concurrent.atomic=ALL-UNNAMED -Xmx2048m -Dfile.encoding=UTF-8 -Duser.country=IN -Duser.language=en -Duser.variant org.gradle.launcher.daemon.bootstrap.GradleDaemon 7.2

Host: Intel(R) Core(TM) i5-9300H CPU @ 2.40GHz, 8 cores, 7G,  Windows 10 , 64 bit Build 19041 (10.0.19041.1645)
Time: Tue May  3 13:02:06 2022 India Standard Time elapsed time: 89.563216 seconds (0d 0h 1m 29s)

---------------  T H R E A D  ---------------

Current thread (0x00000269ef80c800):  JavaThread "C2 CompilerThread0" daemon [_thread_in_native, id=10840, stack(0x0000008a32400000,0x0000008a32500000)]


Current CompileTask:
C2:  89563 5678       4       java.util.concurrent.locks.AbstractQueuedSynchronizer$ConditionObject::awaitNanos (181 bytes)

Stack: [0x0000008a32400000,0x0000008a32500000]
Native frames: (J=compiled Java code, j=interpreted, Vv=VM code, C=native code)
V  [jvm.dll+0x5f214a]
V  [jvm.dll+0x726fb5]
V  [jvm.dll+0x7285cd]
V  [jvm.dll+0x728c83]
V  [jvm.dll+0x243278]
V  [jvm.dll+0xbc53c]
V  [jvm.dll+0xbca3c]
V  [jvm.dll+0x353e3b]
V  [jvm.dll+0x19875c]
V  [jvm.dll+0x1fc2ee]
V  [jvm.dll+0x1fb3d4]
V  [jvm.dll+0x183d6c]
V  [jvm.dll+0x209a57]
V  [jvm.dll+0x2082a1]
V  [jvm.dll+0x6ef58f]
V  [jvm.dll+0x6e80b5]
V  [jvm.dll+0x5f1036]
C  [ucrtbase.dll+0x21bb2]
C  [KERNEL32.DLL+0x17034]
C  [ntdll.dll+0x52651]


---------------  P R O C E S S  ---------------

Threads class SMR info:
_java_thread_list=0x00000269f3f9dd00, length=120, elements={
0x00000269d2a3e000, 0x00000269eee83000, 0x00000269eee8e800, 0x00000269ef802800,
0x00000269ef804000, 0x00000269ef80a000, 0x00000269ef80c800, 0x00000269ef80e000,
0x00000269eee9d800, 0x00000269ef950000, 0x00000269f079c800, 0x00000269efe48800,
0x00000269f1b74800, 0x00000269f0e07000, 0x00000269f1091800, 0x00000269efafa800,
0x00000269efe5c800, 0x00000269efe5d000, 0x00000269f0907800, 0x00000269f0908000,
0x00000269f0909000, 0x00000269f090b800, 0x00000269f090a800, 0x00000269f090c800,
0x00000269f090d000, 0x00000269f090a000, 0x00000269f090e000, 0x00000269f3c54800,
0x00000269f3c53800, 0x00000269f3c5a000, 0x00000269f3c55000, 0x00000269f3c5c800,
0x00000269f3c58800, 0x00000269f3c56800, 0x00000269f3c5d000, 0x00000269f3c5e000,
0x00000269f3c5f000, 0x00000269f3c59000, 0x00000269f3c5f800, 0x00000269f3c60800,
0x00000269f3c61800, 0x00000269f1da8000, 0x00000269f1da4000, 0x00000269f1da4800,
0x00000269f1da2800, 0x00000269f1da5800, 0x00000269f1da9000, 0x00000269f1da6800,
0x00000269f1da3000, 0x00000269f1dab800, 0x00000269f1dac000, 0x00000269f1da7000,
0x00000269f1daf800, 0x00000269f1daa800, 0x00000269f1dad000, 0x00000269f1da9800,
0x00000269f1dad800, 0x00000269f1dae800, 0x00000269f1db0000, 0x00000269f1db1000,
0x00000269f0160800, 0x00000269f0164800, 0x00000269f0163000, 0x00000269f015e800,
0x00000269f0163800, 0x00000269f0165000, 0x00000269f015f800, 0x00000269f0166000,
0x00000269f0162000, 0x00000269f0161000, 0x00000269f016a000, 0x00000269f016b000,
0x00000269f016c800, 0x00000269f0169800, 0x00000269f016c000, 0x00000269f0167800,
0x00000269f0168800, 0x00000269f0167000, 0x00000269f016d800, 0x00000269f3990800,
0x00000269f3994800, 0x00000269f3992800, 0x00000269f398e800, 0x00000269f3995000,
0x00000269f398f800, 0x00000269f3996000, 0x00000269f3997000, 0x00000269f3991000,
0x00000269f3997800, 0x00000269f3992000, 0x00000269f3999800, 0x00000269f3998800,
0x00000269f3993800, 0x00000269f399b800, 0x00000269f399a000, 0x00000269f399c800,
0x00000269f399b000, 0x00000269f399d800, 0x00000269f008e000, 0x00000269f008c800,
0x00000269f0091800, 0x00000269f008f000, 0x00000269f008f800, 0x00000269f0090800,
0x00000269f0092000, 0x00000269f0093000, 0x00000269f008d800, 0x00000269f0094000,
0x00000269f0099800, 0x00000269f0095800, 0x00000269f0098000, 0x00000269f0094800,
0x00000269f0098800, 0x00000269f0096800, 0x00000269f009a800, 0x00000269f0097000,
0x00000269f009b000, 0x00000269f192a000, 0x00000269f192c000, 0x00000269f192c800
}

Java Threads: ( => current thread )
  0x00000269d2a3e000 JavaThread "main" [_thread_blocked, id=9024, stack(0x0000008a31800000,0x0000008a31900000)]
  0x00000269eee83000 JavaThread "Reference Handler" daemon [_thread_blocked, id=652, stack(0x0000008a31f00000,0x0000008a32000000)]
  0x00000269eee8e800 JavaThread "Finalizer" daemon [_thread_blocked, id=17764, stack(0x0000008a32000000,0x0000008a32100000)]
  0x00000269ef802800 JavaThread "Signal Dispatcher" daemon [_thread_blocked, id=3780, stack(0x0000008a32100000,0x0000008a32200000)]
  0x00000269ef804000 JavaThread "Attach Listener" daemon [_thread_blocked, id=16312, stack(0x0000008a32200000,0x0000008a32300000)]
  0x00000269ef80a000 JavaThread "Service Thread" daemon [_thread_blocked, id=18124, stack(0x0000008a32300000,0x0000008a32400000)]
=>0x00000269ef80c800 JavaThread "C2 CompilerThread0" daemon [_thread_in_native, id=10840, stack(0x0000008a32400000,0x0000008a32500000)]
  0x00000269ef80e000 JavaThread "C1 CompilerThread0" daemon [_thread_blocked, id=20000, stack(0x0000008a32500000,0x0000008a32600000)]
  0x00000269eee9d800 JavaThread "Sweeper thread" daemon [_thread_blocked, id=2036, stack(0x0000008a32600000,0x0000008a32700000)]
  0x00000269ef950000 JavaThread "Common-Cleaner" daemon [_thread_blocked, id=10580, stack(0x0000008a32700000,0x0000008a32800000)]
  0x00000269f079c800 JavaThread "Daemon health stats" [_thread_blocked, id=20864, stack(0x0000008a32b00000,0x0000008a32c00000)]
  0x00000269efe48800 JavaThread "Incoming local TCP Connector on port 56545" [_thread_in_native, id=21684, stack(0x0000008a32c00000,0x0000008a32d00000)]
  0x00000269f1b74800 JavaThread "Daemon periodic checks" [_thread_blocked, id=7332, stack(0x0000008a32d00000,0x0000008a32e00000)]
  0x00000269f0e07000 JavaThread "Daemon" [_thread_blocked, id=12104, stack(0x0000008a32e00000,0x0000008a32f00000)]
  0x00000269f1091800 JavaThread "Handler for socket connection from /127.0.0.1:56545 to /127.0.0.1:56546" [_thread_in_native, id=13832, stack(0x0000008a32f00000,0x0000008a33000000)]
  0x00000269efafa800 JavaThread "Cancel handler" [_thread_blocked, id=7004, stack(0x0000008a33000000,0x0000008a33100000)]
  0x00000269efe5c800 JavaThread "Daemon worker" [_thread_in_native, id=13396, stack(0x0000008a33100000,0x0000008a33200000)]
  0x00000269efe5d000 JavaThread "Asynchronous log dispatcher for DefaultDaemonConnection: socket connection from /127.0.0.1:56545 to /127.0.0.1:56546" [_thread_blocked, id=19292, stack(0x0000008a33200000,0x0000008a33300000)]
  0x00000269f0907800 JavaThread "Daemon client event forwarder" [_thread_blocked, id=18208, stack(0x0000008a33400000,0x0000008a33500000)]
  0x00000269f0908000 JavaThread "Cache worker for journal cache (C:\Users\Ramyashree Shetty\Desktop\App-dev\gastos\caches\journal-1)" [_thread_blocked, id=17980, stack(0x0000008a33a00000,0x0000008a33b00000)]
  0x00000269f0909000 JavaThread "File lock request listener" [_thread_in_native, id=13812, stack(0x0000008a33b00000,0x0000008a33c00000)]
  0x00000269f090b800 JavaThread "Cache worker for file hash cache (C:\Users\Ramyashree Shetty\Desktop\App-dev\gastos\caches\7.2\fileHashes)" [_thread_blocked, id=7124, stack(0x0000008a33c00000,0x0000008a33d00000)]
  0x00000269f090a800 JavaThread "Cache worker for file hash cache (C:\Users\Ramyashree Shetty\Desktop\BloodDonationCommunity\.gradle\7.2\fileHashes)" [_thread_blocked, id=5376, stack(0x0000008a33e00000,0x0000008a33f00000)]
  0x00000269f090c800 JavaThread "File watcher server" daemon [_thread_in_native, id=1704, stack(0x0000008a34000000,0x0000008a34100000)]
  0x00000269f090d000 JavaThread "File watcher consumer" daemon [_thread_blocked, id=18772, stack(0x0000008a34100000,0x0000008a34200000)]
  0x00000269f090a000 JavaThread "Cache worker for checksums cache (C:\Users\Ramyashree Shetty\Desktop\BloodDonationCommunity\.gradle\checksums)" [_thread_blocked, id=2912, stack(0x0000008a34200000,0x0000008a34300000)]
  0x00000269f090e000 JavaThread "Cache worker for cache directory md-supplier (C:\Users\Ramyashree Shetty\Desktop\App-dev\gastos\caches\7.2\md-supplier)" [_thread_blocked, id=15316, stack(0x0000008a33f00000,0x0000008a34000000)]
  0x00000269f3c54800 JavaThread "Cache worker for cache directory md-rule (C:\Users\Ramyashree Shetty\Desktop\App-dev\gastos\caches\7.2\md-rule)" [_thread_blocked, id=20264, stack(0x0000008a34300000,0x0000008a34400000)]
  0x00000269f3c53800 JavaThread "Cache worker for execution history cache (C:\Users\Ramyashree Shetty\Desktop\App-dev\gastos\caches\7.2\executionHistory)" [_thread_blocked, id=5924, stack(0x0000008a34400000,0x0000008a34500000)]
  0x00000269f3c5a000 JavaThread "jar transforms" [_thread_blocked, id=16756, stack(0x0000008a34700000,0x0000008a34800000)]
  0x00000269f3c55000 JavaThread "Cache worker for file content cache (C:\Users\Ramyashree Shetty\Desktop\App-dev\gastos\caches\7.2\fileContent)" [_thread_blocked, id=11160, stack(0x0000008a34800000,0x0000008a34900000)]
  0x00000269f3c5c800 JavaThread "jar transforms Thread 2" [_thread_blocked, id=20932, stack(0x0000008a34500000,0x0000008a34600000)]
  0x00000269f3c58800 JavaThread "Cache worker for dependencies-accessors (C:\Users\Ramyashree Shetty\Desktop\BloodDonationCommunity\.gradle\7.2\dependencies-accessors)" [_thread_blocked, id=9608, stack(0x0000008a34600000,0x0000008a34700000)]
  0x00000269f3c56800 JavaThread "jar transforms Thread 3" [_thread_blocked, id=20108, stack(0x0000008a34900000,0x0000008a34a00000)]
  0x00000269f3c5d000 JavaThread "Cache worker for Build Output Cleanup Cache (C:\Users\Ramyashree Shetty\Desktop\BloodDonationCommunity\.gradle\buildOutputCleanup)" [_thread_blocked, id=3992, stack(0x0000008a31700000,0x0000008a31800000)]
  0x00000269f3c5e000 JavaThread "Unconstrained build operations" [_thread_blocked, id=12584, stack(0x0000008a34a00000,0x0000008a34b00000)]
  0x00000269f3c5f000 JavaThread "Unconstrained build operations Thread 2" [_thread_blocked, id=12216, stack(0x0000008a34b00000,0x0000008a34c00000)]
  0x00000269f3c59000 JavaThread "Unconstrained build operations Thread 3" [_thread_blocked, id=16348, stack(0x0000008a34c00000,0x0000008a34d00000)]
  0x00000269f3c5f800 JavaThread "Unconstrained build operations Thread 4" [_thread_blocked, id=21444, stack(0x0000008a34d00000,0x0000008a34e00000)]
  0x00000269f3c60800 JavaThread "Unconstrained build operations Thread 5" [_thread_blocked, id=15960, stack(0x0000008a34e00000,0x0000008a34f00000)]
  0x00000269f3c61800 JavaThread "Unconstrained build operations Thread 6" [_thread_blocked, id=18380, stack(0x0000008a34f00000,0x0000008a35000000)]
  0x00000269f1da8000 JavaThread "Unconstrained build operations Thread 7" [_thread_blocked, id=11088, stack(0x0000008a35000000,0x0000008a35100000)]
  0x00000269f1da4000 JavaThread "Unconstrained build operations Thread 8" [_thread_blocked, id=2228, stack(0x0000008a35100000,0x0000008a35200000)]
  0x00000269f1da4800 JavaThread "Unconstrained build operations Thread 9" [_thread_blocked, id=12028, stack(0x0000008a35200000,0x0000008a35300000)]
  0x00000269f1da2800 JavaThread "Unconstrained build operations Thread 10" [_thread_blocked, id=21448, stack(0x0000008a35300000,0x0000008a35400000)]
  0x00000269f1da5800 JavaThread "Unconstrained build operations Thread 11" [_thread_blocked, id=19224, stack(0x0000008a35400000,0x0000008a35500000)]
  0x00000269f1da9000 JavaThread "Unconstrained build operations Thread 12" [_thread_blocked, id=18988, stack(0x0000008a35500000,0x0000008a35600000)]
  0x00000269f1da6800 JavaThread "Unconstrained build operations Thread 13" [_thread_blocked, id=21736, stack(0x0000008a35600000,0x0000008a35700000)]
  0x00000269f1da3000 JavaThread "Unconstrained build operations Thread 14" [_thread_blocked, id=10404, stack(0x0000008a35700000,0x0000008a35800000)]
  0x00000269f1dab800 JavaThread "Unconstrained build operations Thread 15" [_thread_blocked, id=16704, stack(0x0000008a35800000,0x0000008a35900000)]
  0x00000269f1dac000 JavaThread "Unconstrained build operations Thread 16" [_thread_blocked, id=19616, stack(0x0000008a35900000,0x0000008a35a00000)]
  0x00000269f1da7000 JavaThread "Unconstrained build operations Thread 17" [_thread_blocked, id=5576, stack(0x0000008a35a00000,0x0000008a35b00000)]
  0x00000269f1daf800 JavaThread "Unconstrained build operations Thread 18" [_thread_blocked, id=18996, stack(0x0000008a35b00000,0x0000008a35c00000)]
  0x00000269f1daa800 JavaThread "Unconstrained build operations Thread 19" [_thread_blocked, id=17536, stack(0x0000008a35c00000,0x0000008a35d00000)]
  0x00000269f1dad000 JavaThread "Unconstrained build operations Thread 20" [_thread_blocked, id=20892, stack(0x0000008a35d00000,0x0000008a35e00000)]
  0x00000269f1da9800 JavaThread "Unconstrained build operations Thread 21" [_thread_blocked, id=8840, stack(0x0000008a35e00000,0x0000008a35f00000)]
  0x00000269f1dad800 JavaThread "Unconstrained build operations Thread 22" [_thread_blocked, id=12328, stack(0x0000008a35f00000,0x0000008a36000000)]
  0x00000269f1dae800 JavaThread "Unconstrained build operations Thread 23" [_thread_blocked, id=17776, stack(0x0000008a36000000,0x0000008a36100000)]
  0x00000269f1db0000 JavaThread "Unconstrained build operations Thread 24" [_thread_blocked, id=16396, stack(0x0000008a36100000,0x0000008a36200000)]
  0x00000269f1db1000 JavaThread "Unconstrained build operations Thread 25" [_thread_blocked, id=20008, stack(0x0000008a36200000,0x0000008a36300000)]
  0x00000269f0160800 JavaThread "Unconstrained build operations Thread 26" [_thread_blocked, id=4812, stack(0x0000008a36300000,0x0000008a36400000)]
  0x00000269f0164800 JavaThread "Unconstrained build operations Thread 27" [_thread_blocked, id=12452, stack(0x0000008a36400000,0x0000008a36500000)]
  0x00000269f0163000 JavaThread "Unconstrained build operations Thread 28" [_thread_blocked, id=21044, stack(0x0000008a36500000,0x0000008a36600000)]
  0x00000269f015e800 JavaThread "Unconstrained build operations Thread 29" [_thread_blocked, id=12060, stack(0x0000008a36600000,0x0000008a36700000)]
  0x00000269f0163800 JavaThread "Unconstrained build operations Thread 30" [_thread_blocked, id=11140, stack(0x0000008a36700000,0x0000008a36800000)]
  0x00000269f0165000 JavaThread "Unconstrained build operations Thread 31" [_thread_blocked, id=17984, stack(0x0000008a36800000,0x0000008a36900000)]
  0x00000269f015f800 JavaThread "Unconstrained build operations Thread 32" [_thread_blocked, id=22412, stack(0x0000008a36900000,0x0000008a36a00000)]
  0x00000269f0166000 JavaThread "Unconstrained build operations Thread 33" [_thread_blocked, id=10184, stack(0x0000008a36a00000,0x0000008a36b00000)]
  0x00000269f0162000 JavaThread "Unconstrained build operations Thread 34" [_thread_blocked, id=7140, stack(0x0000008a36b00000,0x0000008a36c00000)]
  0x00000269f0161000 JavaThread "Unconstrained build operations Thread 35" [_thread_blocked, id=10520, stack(0x0000008a36c00000,0x0000008a36d00000)]
  0x00000269f016a000 JavaThread "Unconstrained build operations Thread 36" [_thread_blocked, id=17628, stack(0x0000008a36d00000,0x0000008a36e00000)]
  0x00000269f016b000 JavaThread "Unconstrained build operations Thread 37" [_thread_blocked, id=21800, stack(0x0000008a36e00000,0x0000008a36f00000)]
  0x00000269f016c800 JavaThread "Unconstrained build operations Thread 38" [_thread_blocked, id=21216, stack(0x0000008a36f00000,0x0000008a37000000)]
  0x00000269f0169800 JavaThread "Unconstrained build operations Thread 39" [_thread_blocked, id=11932, stack(0x0000008a37000000,0x0000008a37100000)]
  0x00000269f016c000 JavaThread "Unconstrained build operations Thread 40" [_thread_blocked, id=18016, stack(0x0000008a37100000,0x0000008a37200000)]
  0x00000269f0167800 JavaThread "Unconstrained build operations Thread 41" [_thread_blocked, id=13864, stack(0x0000008a37200000,0x0000008a37300000)]
  0x00000269f0168800 JavaThread "Unconstrained build operations Thread 42" [_thread_blocked, id=16616, stack(0x0000008a37300000,0x0000008a37400000)]
  0x00000269f0167000 JavaThread "Unconstrained build operations Thread 43" [_thread_blocked, id=18076, stack(0x0000008a37400000,0x0000008a37500000)]
  0x00000269f016d800 JavaThread "Unconstrained build operations Thread 44" [_thread_blocked, id=11860, stack(0x0000008a37500000,0x0000008a37600000)]
  0x00000269f3990800 JavaThread "Unconstrained build operations Thread 45" [_thread_blocked, id=9372, stack(0x0000008a37600000,0x0000008a37700000)]
  0x00000269f3994800 JavaThread "Unconstrained build operations Thread 46" [_thread_blocked, id=2544, stack(0x0000008a37700000,0x0000008a37800000)]
  0x00000269f3992800 JavaThread "Unconstrained build operations Thread 47" [_thread_blocked, id=13060, stack(0x0000008a37800000,0x0000008a37900000)]
  0x00000269f398e800 JavaThread "Unconstrained build operations Thread 48" [_thread_blocked, id=19212, stack(0x0000008a37900000,0x0000008a37a00000)]
  0x00000269f3995000 JavaThread "Unconstrained build operations Thread 49" [_thread_blocked, id=15332, stack(0x0000008a37a00000,0x0000008a37b00000)]
  0x00000269f398f800 JavaThread "Unconstrained build operations Thread 50" [_thread_blocked, id=15900, stack(0x0000008a37b00000,0x0000008a37c00000)]
  0x00000269f3996000 JavaThread "Unconstrained build operations Thread 51" [_thread_blocked, id=13732, stack(0x0000008a37c00000,0x0000008a37d00000)]
  0x00000269f3997000 JavaThread "Unconstrained build operations Thread 52" [_thread_blocked, id=10516, stack(0x0000008a37d00000,0x0000008a37e00000)]
  0x00000269f3991000 JavaThread "Unconstrained build operations Thread 53" [_thread_blocked, id=22436, stack(0x0000008a37e00000,0x0000008a37f00000)]
  0x00000269f3997800 JavaThread "Unconstrained build operations Thread 54" [_thread_blocked, id=12700, stack(0x0000008a37f00000,0x0000008a38000000)]
  0x00000269f3992000 JavaThread "Unconstrained build operations Thread 55" [_thread_blocked, id=11936, stack(0x0000008a38000000,0x0000008a38100000)]
  0x00000269f3999800 JavaThread "Unconstrained build operations Thread 56" [_thread_blocked, id=18604, stack(0x0000008a38100000,0x0000008a38200000)]
  0x00000269f3998800 JavaThread "Unconstrained build operations Thread 57" [_thread_blocked, id=18276, stack(0x0000008a38200000,0x0000008a38300000)]
  0x00000269f3993800 JavaThread "Unconstrained build operations Thread 58" [_thread_blocked, id=20660, stack(0x0000008a38300000,0x0000008a38400000)]
  0x00000269f399b800 JavaThread "Unconstrained build operations Thread 59" [_thread_blocked, id=18372, stack(0x0000008a38400000,0x0000008a38500000)]
  0x00000269f399a000 JavaThread "Unconstrained build operations Thread 60" [_thread_blocked, id=13388, stack(0x0000008a38500000,0x0000008a38600000)]
  0x00000269f399c800 JavaThread "Unconstrained build operations Thread 61" [_thread_blocked, id=7064, stack(0x0000008a38600000,0x0000008a38700000)]
  0x00000269f399b000 JavaThread "Unconstrained build operations Thread 62" [_thread_blocked, id=12440, stack(0x0000008a38700000,0x0000008a38800000)]
  0x00000269f399d800 JavaThread "Unconstrained build operations Thread 63" [_thread_blocked, id=508, stack(0x0000008a38800000,0x0000008a38900000)]
  0x00000269f008e000 JavaThread "Unconstrained build operations Thread 64" [_thread_blocked, id=12388, stack(0x0000008a38900000,0x0000008a38a00000)]
  0x00000269f008c800 JavaThread "Unconstrained build operations Thread 65" [_thread_blocked, id=16180, stack(0x0000008a38a00000,0x0000008a38b00000)]
  0x00000269f0091800 JavaThread "Unconstrained build operations Thread 66" [_thread_blocked, id=11280, stack(0x0000008a38b00000,0x0000008a38c00000)]
  0x00000269f008f000 JavaThread "Unconstrained build operations Thread 67" [_thread_blocked, id=7800, stack(0x0000008a38c00000,0x0000008a38d00000)]
  0x00000269f008f800 JavaThread "Unconstrained build operations Thread 68" [_thread_blocked, id=4108, stack(0x0000008a38d00000,0x0000008a38e00000)]
  0x00000269f0090800 JavaThread "Unconstrained build operations Thread 69" [_thread_blocked, id=21304, stack(0x0000008a38e00000,0x0000008a38f00000)]
  0x00000269f0092000 JavaThread "Unconstrained build operations Thread 70" [_thread_blocked, id=17664, stack(0x0000008a38f00000,0x0000008a39000000)]
  0x00000269f0093000 JavaThread "Unconstrained build operations Thread 71" [_thread_blocked, id=20520, stack(0x0000008a39000000,0x0000008a39100000)]
  0x00000269f008d800 JavaThread "Unconstrained build operations Thread 72" [_thread_blocked, id=12756, stack(0x0000008a39100000,0x0000008a39200000)]
  0x00000269f0094000 JavaThread "Unconstrained build operations Thread 73" [_thread_blocked, id=3064, stack(0x0000008a39200000,0x0000008a39300000)]
  0x00000269f0099800 JavaThread "Unconstrained build operations Thread 74" [_thread_blocked, id=12168, stack(0x0000008a39300000,0x0000008a39400000)]
  0x00000269f0095800 JavaThread "Unconstrained build operations Thread 75" [_thread_blocked, id=13120, stack(0x0000008a39400000,0x0000008a39500000)]
  0x00000269f0098000 JavaThread "Unconstrained build operations Thread 76" [_thread_blocked, id=9860, stack(0x0000008a39500000,0x0000008a39600000)]
  0x00000269f0094800 JavaThread "Unconstrained build operations Thread 77" [_thread_blocked, id=17468, stack(0x0000008a39600000,0x0000008a39700000)]
  0x00000269f0098800 JavaThread "Unconstrained build operations Thread 78" [_thread_blocked, id=20732, stack(0x0000008a39700000,0x0000008a39800000)]
  0x00000269f0096800 JavaThread "Unconstrained build operations Thread 79" [_thread_blocked, id=17932, stack(0x0000008a39800000,0x0000008a39900000)]
  0x00000269f009a800 JavaThread "Unconstrained build operations Thread 80" [_thread_blocked, id=13064, stack(0x0000008a39900000,0x0000008a39a00000)]
  0x00000269f0097000 JavaThread "jar transforms Thread 4" [_thread_blocked, id=2808, stack(0x0000008a39c00000,0x0000008a39d00000)]
  0x00000269f009b000 JavaThread "jar transforms Thread 5" [_thread_blocked, id=13356, stack(0x0000008a39d00000,0x0000008a39e00000)]
  0x00000269f192a000 JavaThread "jar transforms Thread 6" [_thread_blocked, id=484, stack(0x0000008a39e00000,0x0000008a39f00000)]
  0x00000269f192c000 JavaThread "jar transforms Thread 7" [_thread_blocked, id=6176, stack(0x0000008a39f00000,0x0000008a3a000000)]
  0x00000269f192c800 JavaThread "jar transforms Thread 8" [_thread_blocked, id=11972, stack(0x0000008a3a000000,0x0000008a3a100000)]

Other Threads:
  0x00000269eee80800 VMThread "VM Thread" [stack: 0x0000008a31e00000,0x0000008a31f00000] [id=7320]
  0x00000269ef988000 WatcherThread [stack: 0x0000008a32800000,0x0000008a32900000] [id=13176]
  0x00000269d2a55800 GCTaskThread "GC Thread#0" [stack: 0x0000008a31900000,0x0000008a31a00000] [id=19592]
  0x00000269efdcd000 GCTaskThread "GC Thread#1" [stack: 0x0000008a32900000,0x0000008a32a00000] [id=17540]
  0x00000269f05bd000 GCTaskThread "GC Thread#2" [stack: 0x0000008a32a00000,0x0000008a32b00000] [id=1248]
  0x00000269f0e3e800 GCTaskThread "GC Thread#3" [stack: 0x0000008a33500000,0x0000008a33600000] [id=19824]
  0x00000269efd8a000 GCTaskThread "GC Thread#4" [stack: 0x0000008a33600000,0x0000008a33700000] [id=15272]
  0x00000269efd8b000 GCTaskThread "GC Thread#5" [stack: 0x0000008a33700000,0x0000008a33800000] [id=18888]
  0x00000269f12f8000 GCTaskThread "GC Thread#6" [stack: 0x0000008a33800000,0x0000008a33900000] [id=18628]
  0x00000269f12f9000 GCTaskThread "GC Thread#7" [stack: 0x0000008a33900000,0x0000008a33a00000] [id=22112]
  0x00000269d2a8a000 ConcurrentGCThread "G1 Main Marker" [stack: 0x0000008a31a00000,0x0000008a31b00000] [id=16688]
  0x00000269d2a8b000 ConcurrentGCThread "G1 Conc#0" [stack: 0x0000008a31b00000,0x0000008a31c00000] [id=19228]
  0x00000269f10d2800 ConcurrentGCThread "G1 Conc#1" [stack: 0x0000008a33d00000,0x0000008a33e00000] [id=13760]
  0x00000269eecd0800 ConcurrentGCThread "G1 Refine#0" [stack: 0x0000008a31c00000,0x0000008a31d00000] [id=11956]
  0x00000269eecd1800 ConcurrentGCThread "G1 Young RemSet Sampling" [stack: 0x0000008a31d00000,0x0000008a31e00000] [id=7564]

Threads with active compile tasks:
C2 CompilerThread0  91738 5678       4       java.util.concurrent.locks.AbstractQueuedSynchronizer$ConditionObject::awaitNanos (181 bytes)

VM state:not at safepoint (normal execution)

VM Mutex/Monitor currently owned by a thread: None

Heap address: 0x0000000080000000, size: 2048 MB, Compressed Oops mode: 32-bit
Narrow klass base: 0x0000000000000000, Narrow klass shift: 3
Compressed class space size: 1073741824 Address: 0x0000000100000000

Heap:
 garbage-first heap   total 131072K, used 85640K [0x0000000080000000, 0x0000000100000000)
  region size 1024K, 52 young (53248K), 9 survivors (9216K)
 Metaspace       used 55029K, capacity 56487K, committed 56656K, reserved 1097728K
  class space    used 6993K, capacity 7504K, committed 7552K, reserved 1048576K
Heap Regions: E=young(eden), S=young(survivor), O=old, HS=humongous(starts), HC=humongous(continues), CS=collection set, F=free, A=archive, TAMS=top-at-mark-start (previous, next)
|   0|0x0000000080000000, 0x0000000080100000, 0x0000000080100000|100%| O|  |TAMS 0x0000000080100000, 0x0000000080000000| Untracked 
|   1|0x0000000080100000, 0x0000000080200000, 0x0000000080200000|100%| O|  |TAMS 0x0000000080200000, 0x0000000080100000| Untracked 
|   2|0x0000000080200000, 0x0000000080300000, 0x0000000080300000|100%| O|  |TAMS 0x0000000080300000, 0x0000000080200000| Untracked 
|   3|0x0000000080300000, 0x0000000080400000, 0x0000000080400000|100%|HS|  |TAMS 0x0000000080400000, 0x0000000080300000| Complete 
|   4|0x0000000080400000, 0x0000000080500000, 0x0000000080500000|100%|HC|  |TAMS 0x0000000080500000, 0x0000000080400000| Complete 
|   5|0x0000000080500000, 0x0000000080600000, 0x0000000080600000|100%|HC|  |TAMS 0x0000000080600000, 0x0000000080500000| Complete 
|   6|0x0000000080600000, 0x0000000080700000, 0x0000000080700000|100%| O|  |TAMS 0x0000000080700000, 0x0000000080600000| Untracked 
|   7|0x0000000080700000, 0x0000000080800000, 0x0000000080800000|100%| O|  |TAMS 0x0000000080800000, 0x0000000080700000| Untracked 
|   8|0x0000000080800000, 0x0000000080900000, 0x0000000080900000|100%| O|  |TAMS 0x0000000080900000, 0x0000000080800000| Untracked 
|   9|0x0000000080900000, 0x0000000080a00000, 0x0000000080a00000|100%| O|  |TAMS 0x0000000080a00000, 0x0000000080900000| Untracked 
|  10|0x0000000080a00000, 0x0000000080b00000, 0x0000000080b00000|100%| O|  |TAMS 0x0000000080b00000, 0x0000000080a00000| Untracked 
|  11|0x0000000080b00000, 0x0000000080c00000, 0x0000000080c00000|100%| O|  |TAMS 0x0000000080c00000, 0x0000000080b00000| Untracked 
|  12|0x0000000080c00000, 0x0000000080d00000, 0x0000000080d00000|100%| O|  |TAMS 0x0000000080d00000, 0x0000000080c00000| Untracked 
|  13|0x0000000080d00000, 0x0000000080e00000, 0x0000000080e00000|100%| O|  |TAMS 0x0000000080e00000, 0x0000000080d00000| Untracked 
|  14|0x0000000080e00000, 0x0000000080f00000, 0x0000000080f00000|100%| O|  |TAMS 0x0000000080f00000, 0x0000000080e00000| Untracked 
|  15|0x0000000080f00000, 0x0000000081000000, 0x0000000081000000|100%| O|  |TAMS 0x0000000080f46800, 0x0000000080f00000| Untracked 
|  16|0x0000000081000000, 0x0000000081100000, 0x0000000081100000|100%|HS|  |TAMS 0x0000000081000000, 0x0000000081000000| Complete 
|  17|0x0000000081100000, 0x0000000081200000, 0x0000000081200000|100%| O|  |TAMS 0x0000000081100000, 0x0000000081100000| Untracked 
|  18|0x0000000081200000, 0x0000000081300000, 0x0000000081300000|100%| O|  |TAMS 0x0000000081200000, 0x0000000081200000| Untracked 
|  19|0x0000000081300000, 0x0000000081400000, 0x0000000081400000|100%| O|  |TAMS 0x0000000081300000, 0x0000000081300000| Untracked 
|  20|0x0000000081400000, 0x0000000081500000, 0x0000000081500000|100%| O|  |TAMS 0x0000000081400000, 0x0000000081400000| Untracked 
|  21|0x0000000081500000, 0x0000000081600000, 0x0000000081600000|100%| O|  |TAMS 0x0000000081500000, 0x0000000081500000| Untracked 
|  22|0x0000000081600000, 0x0000000081700000, 0x0000000081700000|100%| O|  |TAMS 0x0000000081600000, 0x0000000081600000| Untracked 
|  23|0x0000000081700000, 0x0000000081800000, 0x0000000081800000|100%| O|  |TAMS 0x0000000081700000, 0x0000000081700000| Untracked 
|  24|0x0000000081800000, 0x0000000081900000, 0x0000000081900000|100%| O|  |TAMS 0x0000000081800000, 0x0000000081800000| Untracked 
|  25|0x0000000081900000, 0x0000000081a00000, 0x0000000081a00000|100%| O|  |TAMS 0x0000000081900000, 0x0000000081900000| Untracked 
|  26|0x0000000081a00000, 0x0000000081b00000, 0x0000000081b00000|100%| O|  |TAMS 0x0000000081a00000, 0x0000000081a00000| Untracked 
|  27|0x0000000081b00000, 0x0000000081c00000, 0x0000000081c00000|100%| O|  |TAMS 0x0000000081b00000, 0x0000000081b00000| Untracked 
|  28|0x0000000081c00000, 0x0000000081d00000, 0x0000000081d00000|100%|HS|  |TAMS 0x0000000081c00000, 0x0000000081c00000| Complete 
|  29|0x0000000081d00000, 0x0000000081e00000, 0x0000000081e00000|100%|HS|  |TAMS 0x0000000081d00000, 0x0000000081d00000| Complete 
|  30|0x0000000081e00000, 0x0000000081f00000, 0x0000000081f00000|100%|HC|  |TAMS 0x0000000081e00000, 0x0000000081e00000| Complete 
|  31|0x0000000081f00000, 0x0000000082000000, 0x0000000082000000|100%| O|  |TAMS 0x0000000081f00000, 0x0000000081f00000| Untracked 
|  32|0x0000000082000000, 0x00000000820a2000, 0x0000000082100000| 63%| O|  |TAMS 0x0000000082000000, 0x0000000082000000| Untracked 
|  33|0x0000000082100000, 0x0000000082100000, 0x0000000082200000|  0%| F|  |TAMS 0x0000000082100000, 0x0000000082100000| Untracked 
|  34|0x0000000082200000, 0x0000000082200000, 0x0000000082300000|  0%| F|  |TAMS 0x0000000082200000, 0x0000000082200000| Untracked 
|  35|0x0000000082300000, 0x0000000082300000, 0x0000000082400000|  0%| F|  |TAMS 0x0000000082300000, 0x0000000082300000| Untracked 
|  36|0x0000000082400000, 0x0000000082400000, 0x0000000082500000|  0%| F|  |TAMS 0x0000000082400000, 0x0000000082400000| Untracked 
|  37|0x0000000082500000, 0x0000000082500000, 0x0000000082600000|  0%| F|  |TAMS 0x0000000082500000, 0x0000000082500000| Untracked 
|  38|0x0000000082600000, 0x0000000082600000, 0x0000000082700000|  0%| F|  |TAMS 0x0000000082600000, 0x0000000082600000| Untracked 
|  39|0x0000000082700000, 0x0000000082700000, 0x0000000082800000|  0%| F|  |TAMS 0x0000000082700000, 0x0000000082700000| Untracked 
|  40|0x0000000082800000, 0x0000000082800000, 0x0000000082900000|  0%| F|  |TAMS 0x0000000082800000, 0x0000000082800000| Untracked 
|  41|0x0000000082900000, 0x0000000082900000, 0x0000000082a00000|  0%| F|  |TAMS 0x0000000082900000, 0x0000000082900000| Untracked 
|  42|0x0000000082a00000, 0x0000000082a00000, 0x0000000082b00000|  0%| F|  |TAMS 0x0000000082a00000, 0x0000000082a00000| Untracked 
|  43|0x0000000082b00000, 0x0000000082b00000, 0x0000000082c00000|  0%| F|  |TAMS 0x0000000082b00000, 0x0000000082b00000| Untracked 
|  44|0x0000000082c00000, 0x0000000082c00000, 0x0000000082d00000|  0%| F|  |TAMS 0x0000000082c00000, 0x0000000082c00000| Untracked 
|  45|0x0000000082d00000, 0x0000000082d00000, 0x0000000082e00000|  0%| F|  |TAMS 0x0000000082d00000, 0x0000000082d00000| Untracked 
|  46|0x0000000082e00000, 0x0000000082e00000, 0x0000000082f00000|  0%| F|  |TAMS 0x0000000082e00000, 0x0000000082e00000| Untracked 
|  47|0x0000000082f00000, 0x0000000082f00000, 0x0000000083000000|  0%| F|  |TAMS 0x0000000082f00000, 0x0000000082f00000| Untracked 
|  48|0x0000000083000000, 0x0000000083000000, 0x0000000083100000|  0%| F|  |TAMS 0x0000000083000000, 0x0000000083000000| Untracked 
|  49|0x0000000083100000, 0x0000000083200000, 0x0000000083200000|100%| S|CS|TAMS 0x0000000083100000, 0x0000000083100000| Complete 
|  50|0x0000000083200000, 0x0000000083300000, 0x0000000083300000|100%| S|CS|TAMS 0x0000000083200000, 0x0000000083200000| Complete 
|  51|0x0000000083300000, 0x0000000083400000, 0x0000000083400000|100%| S|CS|TAMS 0x0000000083300000, 0x0000000083300000| Complete 
|  52|0x0000000083400000, 0x0000000083500000, 0x0000000083500000|100%| S|CS|TAMS 0x0000000083400000, 0x0000000083400000| Complete 
|  53|0x0000000083500000, 0x0000000083600000, 0x0000000083600000|100%| S|CS|TAMS 0x0000000083500000, 0x0000000083500000| Complete 
|  54|0x0000000083600000, 0x0000000083700000, 0x0000000083700000|100%| S|CS|TAMS 0x0000000083600000, 0x0000000083600000| Complete 
|  55|0x0000000083700000, 0x0000000083800000, 0x0000000083800000|100%| S|CS|TAMS 0x0000000083700000, 0x0000000083700000| Complete 
|  56|0x0000000083800000, 0x0000000083900000, 0x0000000083900000|100%| S|CS|TAMS 0x0000000083800000, 0x0000000083800000| Complete 
|  57|0x0000000083900000, 0x0000000083a00000, 0x0000000083a00000|100%| S|CS|TAMS 0x0000000083900000, 0x0000000083900000| Complete 
|  58|0x0000000083a00000, 0x0000000083a00000, 0x0000000083b00000|  0%| F|  |TAMS 0x0000000083a00000, 0x0000000083a00000| Untracked 
|  59|0x0000000083b00000, 0x0000000083b00000, 0x0000000083c00000|  0%| F|  |TAMS 0x0000000083b00000, 0x0000000083b00000| Untracked 
|  60|0x0000000083c00000, 0x0000000083c00000, 0x0000000083d00000|  0%| F|  |TAMS 0x0000000083c00000, 0x0000000083c00000| Untracked 
|  61|0x0000000083d00000, 0x0000000083d00000, 0x0000000083e00000|  0%| F|  |TAMS 0x0000000083d00000, 0x0000000083d00000| Untracked 
|  62|0x0000000083e00000, 0x0000000083e00000, 0x0000000083f00000|  0%| F|  |TAMS 0x0000000083e00000, 0x0000000083e00000| Untracked 
|  63|0x0000000083f00000, 0x0000000083f00000, 0x0000000084000000|  0%| F|  |TAMS 0x0000000083f00000, 0x0000000083f00000| Untracked 
|  64|0x0000000084000000, 0x0000000084000000, 0x0000000084100000|  0%| F|  |TAMS 0x0000000084000000, 0x0000000084000000| Untracked 
|  65|0x0000000084100000, 0x0000000084100000, 0x0000000084200000|  0%| F|  |TAMS 0x0000000084100000, 0x0000000084100000| Untracked 
|  66|0x0000000084200000, 0x0000000084200000, 0x0000000084300000|  0%| F|  |TAMS 0x0000000084200000, 0x0000000084200000| Untracked 
|  67|0x0000000084300000, 0x0000000084300000, 0x0000000084400000|  0%| F|  |TAMS 0x0000000084300000, 0x0000000084300000| Untracked 
|  68|0x0000000084400000, 0x0000000084400000, 0x0000000084500000|  0%| F|  |TAMS 0x0000000084400000, 0x0000000084400000| Untracked 
|  69|0x0000000084500000, 0x0000000084500000, 0x0000000084600000|  0%| F|  |TAMS 0x0000000084500000, 0x0000000084500000| Untracked 
|  70|0x0000000084600000, 0x0000000084600000, 0x0000000084700000|  0%| F|  |TAMS 0x0000000084600000, 0x0000000084600000| Untracked 
|  71|0x0000000084700000, 0x0000000084700000, 0x0000000084800000|  0%| F|  |TAMS 0x0000000084700000, 0x0000000084700000| Untracked 
|  72|0x0000000084800000, 0x0000000084800000, 0x0000000084900000|  0%| F|  |TAMS 0x0000000084800000, 0x0000000084800000| Untracked 
|  73|0x0000000084900000, 0x0000000084900000, 0x0000000084a00000|  0%| F|  |TAMS 0x0000000084900000, 0x0000000084900000| Untracked 
|  74|0x0000000084a00000, 0x0000000084a00000, 0x0000000084b00000|  0%| F|  |TAMS 0x0000000084a00000, 0x0000000084a00000| Untracked 
|  75|0x0000000084b00000, 0x0000000084b00000, 0x0000000084c00000|  0%| F|  |TAMS 0x0000000084b00000, 0x0000000084b00000| Untracked 
|  76|0x0000000084c00000, 0x0000000084c00000, 0x0000000084d00000|  0%| F|  |TAMS 0x0000000084c00000, 0x0000000084c00000| Untracked 
|  77|0x0000000084d00000, 0x0000000084d00000, 0x0000000084e00000|  0%| F|  |TAMS 0x0000000084d00000, 0x0000000084d00000| Untracked 
|  78|0x0000000084e00000, 0x0000000084e00000, 0x0000000084f00000|  0%| F|  |TAMS 0x0000000084e00000, 0x0000000084e00000| Untracked 
|  79|0x0000000084f00000, 0x0000000084f00000, 0x0000000085000000|  0%| F|  |TAMS 0x0000000084f00000, 0x0000000084f00000| Untracked 
|  80|0x0000000085000000, 0x0000000085000000, 0x0000000085100000|  0%| F|  |TAMS 0x0000000085000000, 0x0000000085000000| Untracked 
|  81|0x0000000085100000, 0x0000000085100000, 0x0000000085200000|  0%| F|  |TAMS 0x0000000085100000, 0x0000000085100000| Untracked 
|  82|0x0000000085200000, 0x0000000085200000, 0x0000000085300000|  0%| F|  |TAMS 0x0000000085200000, 0x0000000085200000| Untracked 
|  83|0x0000000085300000, 0x0000000085300000, 0x0000000085400000|  0%| F|  |TAMS 0x0000000085300000, 0x0000000085300000| Untracked 
|  84|0x0000000085400000, 0x0000000085400000, 0x0000000085500000|  0%| F|  |TAMS 0x0000000085400000, 0x0000000085400000| Untracked 
|  85|0x0000000085500000, 0x0000000085600000, 0x0000000085600000|100%| E|  |TAMS 0x0000000085500000, 0x0000000085500000| Complete 
|  86|0x0000000085600000, 0x0000000085700000, 0x0000000085700000|100%| E|CS|TAMS 0x0000000085600000, 0x0000000085600000| Complete 
|  87|0x0000000085700000, 0x0000000085800000, 0x0000000085800000|100%| E|CS|TAMS 0x0000000085700000, 0x0000000085700000| Complete 
|  88|0x0000000085800000, 0x0000000085900000, 0x0000000085900000|100%| E|CS|TAMS 0x0000000085800000, 0x0000000085800000| Complete 
|  89|0x0000000085900000, 0x0000000085a00000, 0x0000000085a00000|100%| E|CS|TAMS 0x0000000085900000, 0x0000000085900000| Complete 
|  90|0x0000000085a00000, 0x0000000085b00000, 0x0000000085b00000|100%| E|CS|TAMS 0x0000000085a00000, 0x0000000085a00000| Complete 
|  91|0x0000000085b00000, 0x0000000085c00000, 0x0000000085c00000|100%| E|CS|TAMS 0x0000000085b00000, 0x0000000085b00000| Complete 
|  92|0x0000000085c00000, 0x0000000085d00000, 0x0000000085d00000|100%| E|CS|TAMS 0x0000000085c00000, 0x0000000085c00000| Complete 
|  93|0x0000000085d00000, 0x0000000085e00000, 0x0000000085e00000|100%| E|CS|TAMS 0x0000000085d00000, 0x0000000085d00000| Complete 
|  94|0x0000000085e00000, 0x0000000085f00000, 0x0000000085f00000|100%| E|CS|TAMS 0x0000000085e00000, 0x0000000085e00000| Complete 
|  95|0x0000000085f00000, 0x0000000086000000, 0x0000000086000000|100%| E|CS|TAMS 0x0000000085f00000, 0x0000000085f00000| Complete 
|  96|0x0000000086000000, 0x0000000086100000, 0x0000000086100000|100%| E|CS|TAMS 0x0000000086000000, 0x0000000086000000| Complete 
|  97|0x0000000086100000, 0x0000000086200000, 0x0000000086200000|100%| E|CS|TAMS 0x0000000086100000, 0x0000000086100000| Complete 
|  98|0x0000000086200000, 0x0000000086300000, 0x0000000086300000|100%| E|CS|TAMS 0x0000000086200000, 0x0000000086200000| Complete 
|  99|0x0000000086300000, 0x0000000086400000, 0x0000000086400000|100%| E|CS|TAMS 0x0000000086300000, 0x0000000086300000| Complete 
| 100|0x0000000086400000, 0x0000000086500000, 0x0000000086500000|100%| E|CS|TAMS 0x0000000086400000, 0x0000000086400000| Complete 
| 101|0x0000000086500000, 0x0000000086600000, 0x0000000086600000|100%| E|CS|TAMS 0x0000000086500000, 0x0000000086500000| Complete 
| 102|0x0000000086600000, 0x0000000086700000, 0x0000000086700000|100%| E|CS|TAMS 0x0000000086600000, 0x0000000086600000| Complete 
| 103|0x0000000086700000, 0x0000000086800000, 0x0000000086800000|100%| E|CS|TAMS 0x0000000086700000, 0x0000000086700000| Complete 
| 104|0x0000000086800000, 0x0000000086900000, 0x0000000086900000|100%| E|CS|TAMS 0x0000000086800000, 0x0000000086800000| Complete 
| 105|0x0000000086900000, 0x0000000086a00000, 0x0000000086a00000|100%| E|CS|TAMS 0x0000000086900000, 0x0000000086900000| Complete 
| 106|0x0000000086a00000, 0x0000000086b00000, 0x0000000086b00000|100%| E|CS|TAMS 0x0000000086a00000, 0x0000000086a00000| Complete 
| 107|0x0000000086b00000, 0x0000000086c00000, 0x0000000086c00000|100%| E|CS|TAMS 0x0000000086b00000, 0x0000000086b00000| Complete 
| 108|0x0000000086c00000, 0x0000000086d00000, 0x0000000086d00000|100%| E|CS|TAMS 0x0000000086c00000, 0x0000000086c00000| Complete 
| 109|0x0000000086d00000, 0x0000000086e00000, 0x0000000086e00000|100%| E|CS|TAMS 0x0000000086d00000, 0x0000000086d00000| Complete 
| 110|0x0000000086e00000, 0x0000000086f00000, 0x0000000086f00000|100%| E|CS|TAMS 0x0000000086e00000, 0x0000000086e00000| Complete 
| 111|0x0000000086f00000, 0x0000000087000000, 0x0000000087000000|100%| E|CS|TAMS 0x0000000086f00000, 0x0000000086f00000| Complete 
| 112|0x0000000087000000, 0x0000000087100000, 0x0000000087100000|100%| E|CS|TAMS 0x0000000087000000, 0x0000000087000000| Complete 
| 113|0x0000000087100000, 0x0000000087200000, 0x0000000087200000|100%| E|CS|TAMS 0x0000000087100000, 0x0000000087100000| Complete 
| 114|0x0000000087200000, 0x0000000087300000, 0x0000000087300000|100%| E|CS|TAMS 0x0000000087200000, 0x0000000087200000| Complete 
| 115|0x0000000087300000, 0x0000000087400000, 0x0000000087400000|100%| E|CS|TAMS 0x0000000087300000, 0x0000000087300000| Complete 
| 116|0x0000000087400000, 0x0000000087500000, 0x0000000087500000|100%| E|CS|TAMS 0x0000000087400000, 0x0000000087400000| Complete 
| 117|0x0000000087500000, 0x0000000087600000, 0x0000000087600000|100%| E|CS|TAMS 0x0000000087500000, 0x0000000087500000| Complete 
| 118|0x0000000087600000, 0x0000000087700000, 0x0000000087700000|100%| E|CS|TAMS 0x0000000087600000, 0x0000000087600000| Complete 
| 119|0x0000000087700000, 0x0000000087800000, 0x0000000087800000|100%| E|CS|TAMS 0x0000000087700000, 0x0000000087700000| Complete 
| 120|0x0000000087800000, 0x0000000087900000, 0x0000000087900000|100%| E|CS|TAMS 0x0000000087800000, 0x0000000087800000| Complete 
| 121|0x0000000087900000, 0x0000000087a00000, 0x0000000087a00000|100%| E|CS|TAMS 0x0000000087900000, 0x0000000087900000| Complete 
| 122|0x0000000087a00000, 0x0000000087b00000, 0x0000000087b00000|100%| E|CS|TAMS 0x0000000087a00000, 0x0000000087a00000| Complete 
| 123|0x0000000087b00000, 0x0000000087c00000, 0x0000000087c00000|100%| E|CS|TAMS 0x0000000087b00000, 0x0000000087b00000| Complete 
| 124|0x0000000087c00000, 0x0000000087d00000, 0x0000000087d00000|100%| E|CS|TAMS 0x0000000087c00000, 0x0000000087c00000| Complete 
| 125|0x0000000087d00000, 0x0000000087e00000, 0x0000000087e00000|100%| E|CS|TAMS 0x0000000087d00000, 0x0000000087d00000| Complete 
| 126|0x0000000087e00000, 0x0000000087f00000, 0x0000000087f00000|100%| E|CS|TAMS 0x0000000087e00000, 0x0000000087e00000| Complete 
| 127|0x0000000087f00000, 0x0000000088000000, 0x0000000088000000|100%| E|CS|TAMS 0x0000000087f00000, 0x0000000087f00000| Complete 

Card table byte_map: [0x00000269e7bb0000,0x00000269e7fb0000] _byte_map_base: 0x00000269e77b0000

Marking Bits (Prev, Next): (CMBitMap*) 0x00000269d2a813a8, (CMBitMap*) 0x00000269d2a813e0
 Prev Bits: [0x00000269e83b0000, 0x00000269ea3b0000)
 Next Bits: [0x00000269ea3b0000, 0x00000269ec3b0000)

Polling page: 0x00000269d2b20000

Metaspace:

Usage:
  Non-class:     47.83 MB capacity,    46.91 MB ( 98%) used,   802.83 KB (  2%) free+waste,   144.50 KB ( <1%) overhead. 
      Class:      7.33 MB capacity,     6.83 MB ( 93%) used,   441.88 KB (  6%) free+waste,    68.31 KB ( <1%) overhead. 
       Both:     55.16 MB capacity,    53.74 MB ( 97%) used,     1.22 MB (  2%) free+waste,   212.81 KB ( <1%) overhead. 

Virtual space:
  Non-class space:       48.00 MB reserved,      47.95 MB (>99%) committed 
      Class space:        1.00 GB reserved,       7.38 MB ( <1%) committed 
             Both:        1.05 GB reserved,      55.33 MB (  5%) committed 

Chunk freelists:
   Non-Class:  57.00 KB
       Class:  16.00 KB
        Both:  73.00 KB

MaxMetaspaceSize: 17179869184.00 GB
CompressedClassSpaceSize: 1.00 GB

CodeHeap 'non-profiled nmethods': size=120000Kb used=3102Kb max_used=3102Kb free=116897Kb
 bounds [0x00000269df800000, 0x00000269dfb10000, 0x00000269e6d30000]
CodeHeap 'profiled nmethods': size=120000Kb used=11990Kb max_used=11990Kb free=108009Kb
 bounds [0x00000269d82d0000, 0x00000269d8e90000, 0x00000269df800000]
CodeHeap 'non-nmethods': size=5760Kb used=2236Kb max_used=2256Kb free=3523Kb
 bounds [0x00000269d7d30000, 0x00000269d7fa0000, 0x00000269d82d0000]
 total_blobs=6491 nmethods=5677 adapters=725
 compilation: enabled
              stopped_count=0, restarted_count=0
 full_count=0

Compilation events (20 events):
Event: 84.790 Thread 0x00000269ef80e000 5669       3       java.util.Arrays::sort (47 bytes)
Event: 84.791 Thread 0x00000269ef80e000 nmethod 5669 0x00000269d8e7e110 code [0x00000269d8e7e300, 0x00000269d8e7e638]
Event: 84.792 Thread 0x00000269ef80c800 nmethod 5665 0x00000269dfb06890 code [0x00000269dfb06a40, 0x00000269dfb06bd8]
Event: 84.898 Thread 0x00000269ef80c800 5670       4       com.google.common.collect.RegularImmutableMap::get (13 bytes)
Event: 84.902 Thread 0x00000269ef80c800 nmethod 5670 0x00000269dfb06d90 code [0x00000269dfb06f40, 0x00000269dfb07138]
Event: 85.134 Thread 0x00000269ef80e000 5671       3       java.lang.reflect.AccessibleObject::verifyAccess (84 bytes)
Event: 85.135 Thread 0x00000269ef80e000 nmethod 5671 0x00000269d8e7e790 code [0x00000269d8e7e980, 0x00000269d8e7efa8]
Event: 85.135 Thread 0x00000269ef80e000 5672       3       java.lang.reflect.AccessibleObject::slowVerifyAccess (62 bytes)
Event: 85.135 Thread 0x00000269ef80e000 nmethod 5672 0x00000269d8e7f110 code [0x00000269d8e7f320, 0x00000269d8e7fa78]
Event: 85.135 Thread 0x00000269ef80e000 5673       1       org.gradle.internal.instantiation.generator.AbstractClassGenerator$MethodMetadata::getGenericReturnType (5 bytes)
Event: 85.135 Thread 0x00000269ef80e000 nmethod 5673 0x00000269dfb07310 code [0x00000269dfb074c0, 0x00000269dfb07578]
Event: 85.137 Thread 0x00000269ef80e000 5674       3       org.gradle.internal.instantiation.generator.ParamsMatchingConstructorSelector::forParams (426 bytes)
Event: 85.139 Thread 0x00000269ef80e000 nmethod 5674 0x00000269d8e7fc10 code [0x00000269d8e80100, 0x00000269d8e82a48]
Event: 85.139 Thread 0x00000269ef80e000 5675       3       org.gradle.internal.instantiation.generator.ParamsMatchingConstructorSelector::vetoParameters (1 bytes)
Event: 85.139 Thread 0x00000269ef80e000 nmethod 5675 0x00000269d8e83790 code [0x00000269d8e83940, 0x00000269d8e83a38]
Event: 85.362 Thread 0x00000269ef80e000 5676       1       java.lang.management.MemoryUsage::getUsed (5 bytes)
Event: 85.362 Thread 0x00000269ef80e000 nmethod 5676 0x00000269dfb07610 code [0x00000269dfb077c0, 0x00000269dfb07878]
Event: 85.364 Thread 0x00000269ef80e000 5677  s    3       java.io.BufferedInputStream::read (113 bytes)
Event: 85.364 Thread 0x00000269ef80e000 nmethod 5677 0x00000269d8e83b10 code [0x00000269d8e83d40, 0x00000269d8e84698]
Event: 89.142 Thread 0x00000269ef80c800 5678       4       java.util.concurrent.locks.AbstractQueuedSynchronizer$ConditionObject::awaitNanos (181 bytes)

GC Heap History (16 events):
Event: 4.026 GC heap before
{Heap before GC invocations=0 (full 0):
 garbage-first heap   total 131072K, used 29696K [0x0000000080000000, 0x0000000100000000)
  region size 1024K, 24 young (24576K), 0 survivors (0K)
 Metaspace       used 10195K, capacity 10397K, committed 10624K, reserved 1058816K
  class space    used 1060K, capacity 1108K, committed 1152K, reserved 1048576K
}
Event: 4.030 GC heap after
{Heap after GC invocations=1 (full 0):
 garbage-first heap   total 131072K, used 9392K [0x0000000080000000, 0x0000000100000000)
  region size 1024K, 3 young (3072K), 3 survivors (3072K)
 Metaspace       used 10195K, capacity 10397K, committed 10624K, reserved 1058816K
  class space    used 1060K, capacity 1108K, committed 1152K, reserved 1048576K
}
Event: 16.223 GC heap before
{Heap before GC invocations=1 (full 0):
 garbage-first heap   total 131072K, used 84144K [0x0000000080000000, 0x0000000100000000)
  region size 1024K, 76 young (77824K), 3 survivors (3072K)
 Metaspace       used 17417K, capacity 17740K, committed 17792K, reserved 1064960K
  class space    used 2040K, capacity 2155K, committed 2176K, reserved 1048576K
}
Event: 16.230 GC heap after
{Heap after GC invocations=2 (full 0):
 garbage-first heap   total 131072K, used 15950K [0x0000000080000000, 0x0000000100000000)
  region size 1024K, 10 young (10240K), 10 survivors (10240K)
 Metaspace       used 17417K, capacity 17740K, committed 17792K, reserved 1064960K
  class space    used 2040K, capacity 2155K, committed 2176K, reserved 1048576K
}
Event: 17.313 GC heap before
{Heap before GC invocations=2 (full 0):
 garbage-first heap   total 131072K, used 45646K [0x0000000080000000, 0x0000000100000000)
  region size 1024K, 40 young (40960K), 10 survivors (10240K)
 Metaspace       used 20676K, capacity 21108K, committed 21296K, reserved 1069056K
  class space    used 2534K, capacity 2660K, committed 2688K, reserved 1048576K
}
Event: 17.320 GC heap after
{Heap after GC invocations=3 (full 0):
 garbage-first heap   total 131072K, used 17110K [0x0000000080000000, 0x0000000100000000)
  region size 1024K, 2 young (2048K), 2 survivors (2048K)
 Metaspace       used 20676K, capacity 21108K, committed 21296K, reserved 1069056K
  class space    used 2534K, capacity 2660K, committed 2688K, reserved 1048576K
}
Event: 19.009 GC heap before
{Heap before GC invocations=4 (full 0):
 garbage-first heap   total 131072K, used 81622K [0x0000000080000000, 0x0000000100000000)
  region size 1024K, 65 young (66560K), 2 survivors (2048K)
 Metaspace       used 26715K, capacity 27312K, committed 27648K, reserved 1073152K
  class space    used 3516K, capacity 3737K, committed 3840K, reserved 1048576K
}
Event: 19.013 GC heap after
{Heap after GC invocations=5 (full 0):
 garbage-first heap   total 131072K, used 19088K [0x0000000080000000, 0x0000000100000000)
  region size 1024K, 4 young (4096K), 4 survivors (4096K)
 Metaspace       used 26715K, capacity 27312K, committed 27648K, reserved 1073152K
  class space    used 3516K, capacity 3737K, committed 3840K, reserved 1048576K
}
Event: 24.437 GC heap before
{Heap before GC invocations=5 (full 0):
 garbage-first heap   total 131072K, used 68240K [0x0000000080000000, 0x0000000100000000)
  region size 1024K, 53 young (54272K), 4 survivors (4096K)
 Metaspace       used 35099K, capacity 35918K, committed 36048K, reserved 1081344K
  class space    used 4560K, capacity 4863K, committed 4864K, reserved 1048576K
}
Event: 24.447 GC heap after
{Heap after GC invocations=6 (full 0):
 garbage-first heap   total 131072K, used 22383K [0x0000000080000000, 0x0000000100000000)
  region size 1024K, 7 young (7168K), 7 survivors (7168K)
 Metaspace       used 35099K, capacity 35918K, committed 36048K, reserved 1081344K
  class space    used 4560K, capacity 4863K, committed 4864K, reserved 1048576K
}
Event: 28.260 GC heap before
{Heap before GC invocations=7 (full 0):
 garbage-first heap   total 131072K, used 94063K [0x0000000080000000, 0x0000000100000000)
  region size 1024K, 75 young (76800K), 7 survivors (7168K)
 Metaspace       used 40311K, capacity 41247K, committed 41296K, reserved 1085440K
  class space    used 5157K, capacity 5504K, committed 5504K, reserved 1048576K
}
Event: 28.269 GC heap after
{Heap after GC invocations=8 (full 0):
 garbage-first heap   total 131072K, used 28122K [0x0000000080000000, 0x0000000100000000)
  region size 1024K, 9 young (9216K), 9 survivors (9216K)
 Metaspace       used 40311K, capacity 41247K, committed 41296K, reserved 1085440K
  class space    used 5157K, capacity 5504K, committed 5504K, reserved 1048576K
}
Event: 31.277 GC heap before
{Heap before GC invocations=8 (full 0):
 garbage-first heap   total 131072K, used 96730K [0x0000000080000000, 0x0000000100000000)
  region size 1024K, 75 young (76800K), 9 survivors (9216K)
 Metaspace       used 46016K, capacity 47199K, committed 47312K, reserved 1089536K
  class space    used 5912K, capacity 6371K, committed 6400K, reserved 1048576K
}
Event: 31.285 GC heap after
{Heap after GC invocations=9 (full 0):
 garbage-first heap   total 131072K, used 30154K [0x0000000080000000, 0x0000000100000000)
  region size 1024K, 3 young (3072K), 3 survivors (3072K)
 Metaspace       used 46016K, capacity 47199K, committed 47312K, reserved 1089536K
  class space    used 5912K, capacity 6371K, committed 6400K, reserved 1048576K
}
Event: 70.242 GC heap before
{Heap before GC invocations=9 (full 0):
 garbage-first heap   total 131072K, used 101834K [0x0000000080000000, 0x0000000100000000)
  region size 1024K, 70 young (71680K), 3 survivors (3072K)
 Metaspace       used 48899K, capacity 50355K, committed 50512K, reserved 1093632K
  class space    used 6256K, capacity 6761K, committed 6784K, reserved 1048576K
}
Event: 70.249 GC heap after
{Heap after GC invocations=10 (full 0):
 garbage-first heap   total 131072K, used 42632K [0x0000000080000000, 0x0000000100000000)
  region size 1024K, 9 young (9216K), 9 survivors (9216K)
 Metaspace       used 48899K, capacity 50355K, committed 50512K, reserved 1093632K
  class space    used 6256K, capacity 6761K, committed 6784K, reserved 1048576K
}

Deoptimization events (20 events):
Event: 83.649 Thread 0x00000269efe5c800 DEOPT PACKING pc=0x00000269d874db17 sp=0x0000008a331f63b0
Event: 83.649 Thread 0x00000269efe5c800 DEOPT UNPACKING pc=0x00000269d7d56dde sp=0x0000008a331f5938 mode 0
Event: 83.651 Thread 0x00000269efe5c800 DEOPT PACKING pc=0x00000269d874db17 sp=0x0000008a331f63b0
Event: 83.651 Thread 0x00000269efe5c800 DEOPT UNPACKING pc=0x00000269d7d56dde sp=0x0000008a331f5938 mode 0
Event: 83.652 Thread 0x00000269efe5c800 DEOPT PACKING pc=0x00000269d874db17 sp=0x0000008a331f63b0
Event: 83.652 Thread 0x00000269efe5c800 DEOPT UNPACKING pc=0x00000269d7d56dde sp=0x0000008a331f5938 mode 0
Event: 83.654 Thread 0x00000269efe5c800 DEOPT PACKING pc=0x00000269d874db17 sp=0x0000008a331f62c0
Event: 83.654 Thread 0x00000269efe5c800 DEOPT UNPACKING pc=0x00000269d7d56dde sp=0x0000008a331f5848 mode 0
Event: 83.656 Thread 0x00000269efe5c800 DEOPT PACKING pc=0x00000269d874db17 sp=0x0000008a331f62c0
Event: 83.656 Thread 0x00000269efe5c800 DEOPT UNPACKING pc=0x00000269d7d56dde sp=0x0000008a331f5848 mode 0
Event: 83.657 Thread 0x00000269efe5c800 DEOPT PACKING pc=0x00000269d874db17 sp=0x0000008a331f6510
Event: 83.657 Thread 0x00000269efe5c800 DEOPT UNPACKING pc=0x00000269d7d56dde sp=0x0000008a331f5a98 mode 0
Event: 83.659 Thread 0x00000269efe5c800 DEOPT PACKING pc=0x00000269d874db17 sp=0x0000008a331f6240
Event: 83.659 Thread 0x00000269efe5c800 DEOPT UNPACKING pc=0x00000269d7d56dde sp=0x0000008a331f57c8 mode 0
Event: 83.660 Thread 0x00000269efe5c800 DEOPT PACKING pc=0x00000269d874db17 sp=0x0000008a331f63c0
Event: 83.660 Thread 0x00000269efe5c800 DEOPT UNPACKING pc=0x00000269d7d56dde sp=0x0000008a331f5948 mode 0
Event: 85.007 Thread 0x00000269efe5c800 Uncommon trap: trap_request=0xffffff4d fr.pc=0x00000269dfae5884 relative=0x0000000000000324
Event: 85.007 Thread 0x00000269efe5c800 Uncommon trap: reason=unstable_if action=reinterpret pc=0x00000269dfae5884 method=org.gradle.internal.instantiation.generator.AbstractClassGenerator$InjectionAnnotationValidator.validateMethod(Ljava/lang/reflect/Method;Lorg/gradle/internal/reflect/Propert
Event: 85.007 Thread 0x00000269efe5c800 DEOPT PACKING pc=0x00000269dfae5884 sp=0x0000008a331f78b0
Event: 85.007 Thread 0x00000269efe5c800 DEOPT UNPACKING pc=0x00000269d7d5662f sp=0x0000008a331f7878 mode 2

Classes redefined (0 events):
No events

Internal exceptions (20 events):
Event: 68.403 Thread 0x00000269f0907800 Exception <a 'java/lang/NoSuchMethodError'{0x00000000842052b0}: <clinit>> (0x00000000842052b0) thrown at [./src/hotspot/share/prims/jni.cpp, line 1362]
Event: 68.407 Thread 0x00000269f0907800 Exception <a 'java/lang/NoSuchMethodError'{0x0000000084222d18}: <clinit>> (0x0000000084222d18) thrown at [./src/hotspot/share/prims/jni.cpp, line 1362]
Event: 68.407 Thread 0x00000269f0907800 Exception <a 'java/lang/NoSuchMethodError'{0x0000000084223e28}: <clinit>> (0x0000000084223e28) thrown at [./src/hotspot/share/prims/jni.cpp, line 1362]
Event: 68.407 Thread 0x00000269f0907800 Exception <a 'java/lang/NoSuchMethodError'{0x0000000084225130}: <clinit>> (0x0000000084225130) thrown at [./src/hotspot/share/prims/jni.cpp, line 1362]
Event: 68.407 Thread 0x00000269f0907800 Exception <a 'java/lang/NoSuchMethodError'{0x0000000084226150}: <clinit>> (0x0000000084226150) thrown at [./src/hotspot/share/prims/jni.cpp, line 1362]
Event: 68.409 Thread 0x00000269f0907800 Exception <a 'java/lang/NoSuchMethodError'{0x00000000842386b8}: <clinit>> (0x00000000842386b8) thrown at [./src/hotspot/share/prims/jni.cpp, line 1362]
Event: 68.410 Thread 0x00000269f0907800 Exception <a 'java/lang/NoSuchMethodError'{0x0000000084242be0}: <clinit>> (0x0000000084242be0) thrown at [./src/hotspot/share/prims/jni.cpp, line 1362]
Event: 68.412 Thread 0x00000269f0907800 Exception <a 'java/lang/NoSuchMethodError'{0x0000000084256528}: <clinit>> (0x0000000084256528) thrown at [./src/hotspot/share/prims/jni.cpp, line 1362]
Event: 68.743 Thread 0x00000269efe5c800 Exception <a 'java/lang/ClassNotFoundException'{0x00000000842c9788}: build_7huvra2ezyogub8yqombch2cnBeanInfo> (0x00000000842c9788) thrown at [./src/hotspot/share/classfile/systemDictionary.cpp, line 231]
Event: 68.744 Thread 0x00000269efe5c800 Exception <a 'java/lang/ClassNotFoundException'{0x00000000842d4740}: build_7huvra2ezyogub8yqombch2cnCustomizer> (0x00000000842d4740) thrown at [./src/hotspot/share/classfile/systemDictionary.cpp, line 231]
Event: 68.747 Thread 0x00000269efe5c800 Exception <a 'java/lang/ClassNotFoundException'{0x0000000084150ef0}: org/gradle/plugin/use/internal/PluginRequestCollector$PluginDependenciesSpecImplBeanInfo> (0x0000000084150ef0) thrown at [./src/hotspot/share/classfile/systemDictionary.cpp, line 231]
Event: 68.748 Thread 0x00000269efe5c800 Exception <a 'java/lang/ClassNotFoundException'{0x0000000084180328}: org/gradle/plugin/use/internal/PluginRequestCollector$PluginDependenciesSpecImplCustomizer> (0x0000000084180328) thrown at [./src/hotspot/share/classfile/systemDictionary.cpp, line 231]
Event: 69.736 Thread 0x00000269efe5c800 Exception <a 'java/lang/ClassNotFoundException'{0x0000000083e4f9d0}: org/gradle/api/internal/plugins/DefaultObjectConfigurationActionBeanInfo> (0x0000000083e4f9d0) thrown at [./src/hotspot/share/classfile/systemDictionary.cpp, line 231]
Event: 69.736 Thread 0x00000269efe5c800 Exception <a 'java/lang/ClassNotFoundException'{0x0000000083e842b8}: org/gradle/api/internal/plugins/DefaultObjectConfigurationActionCustomizer> (0x0000000083e842b8) thrown at [./src/hotspot/share/classfile/systemDictionary.cpp, line 231]
Event: 77.896 Thread 0x00000269efe5c800 Exception <a 'java/lang/NoSuchMethodError'{0x00000000877bfc60}: 'java.lang.Object java.lang.invoke.DirectMethodHandle$Holder.invokeStatic(java.lang.Object, java.lang.Object, java.lang.Object, java.lang.Object, int)'> (0x00000000877bfc60) thrown at [./src/hotspot/share/interpreter/linkResolver.cpp, line 773]
Event: 77.896 Thread 0x00000269efe5c800 Exception <a 'java/lang/NoSuchMethodError'{0x00000000877c4658}: 'java.lang.Object java.lang.invoke.DirectMethodHandle$Holder.invokeSpecial(java.lang.Object, java.lang.Object, java.lang.Object, java.lang.Object, java.lang.Object, int)'> (0x00000000877c4658) thrown at [./src/hotspot/share/interpreter/linkResolver.cpp, line 773]
Event: 77.896 Thread 0x00000269efe5c800 Exception <a 'java/lang/NoSuchMethodError'{0x00000000877c8c98}: 'java.lang.Object java.lang.invoke.Invokers$Holder.linkToTargetMethod(java.lang.Object, java.lang.Object, java.lang.Object, int, java.lang.Object)'> (0x00000000877c8c98) thrown at [./src/hotspot/share/interpreter/linkResolver.cpp, line 773]
Event: 82.465 Thread 0x00000269efe5c800 Exception <a 'java/lang/NoSuchMethodError'{0x00000000868cc728}: 'java.lang.Object java.lang.invoke.DirectMethodHandle$Holder.invokeSpecial(java.lang.Object, java.lang.Object, int, int, java.lang.Object, java.lang.Object, java.lang.Object)'> (0x00000000868cc728) thrown at [./src/hotspot/share/interpreter/linkResolver.cpp, line 773]
Event: 82.465 Thread 0x00000269efe5c800 Exception <a 'java/lang/NoSuchMethodError'{0x00000000868d0ca8}: 'java.lang.Object java.lang.invoke.DelegatingMethodHandle$Holder.reinvoke_L(java.lang.Object, int, int, java.lang.Object, java.lang.Object, java.lang.Object)'> (0x00000000868d0ca8) thrown at [./src/hotspot/share/interpreter/linkResolver.cpp, line 773]
Event: 84.785 Thread 0x00000269efe5c800 Exception <a 'java/lang/NoSuchMethodError'{0x0000000085b22ff8}: 'int java.lang.invoke.DirectMethodHandle$Holder.invokeInterface(java.lang.Object, java.lang.Object, java.lang.Object, java.lang.Object)'> (0x0000000085b22ff8) thrown at [./src/hotspot/share/interpreter/linkResolver.cpp, line 773]

Events (20 events):
Event: 88.527 loading class com/google/protobuf/Descriptors$FieldDescriptor
Event: 88.527 loading class com/google/protobuf/Descriptors$FieldDescriptor done
Event: 88.706 loading class com/google/protobuf/FieldSet$FieldDescriptorLite
Event: 88.706 loading class com/google/protobuf/FieldSet$FieldDescriptorLite done
Event: 88.706 loading class com/google/protobuf/Descriptors$GenericDescriptor
Event: 88.706 loading class com/google/protobuf/Descriptors$GenericDescriptor done
Event: 88.727 loading class com/google/protobuf/ExtensionRegistry$ExtensionInfo
Event: 88.727 loading class com/google/protobuf/ExtensionRegistry$ExtensionInfo done
Event: 88.728 loading class com/google/protobuf/Extension$ExtensionType
Event: 88.728 loading class com/google/protobuf/Extension$ExtensionType done
Event: 88.734 loading class com/google/protobuf/Descriptors$Descriptor
Event: 88.734 loading class com/google/protobuf/Descriptors$Descriptor done
Event: 88.902 loading class com/google/protobuf/LazyStringArrayList
Event: 88.902 loading class com/google/protobuf/LazyStringArrayList done
Event: 88.903 loading class com/google/protobuf/AbstractProtobufList
Event: 88.903 loading class com/google/protobuf/AbstractProtobufList done
Event: 88.904 loading class com/google/wireless/android/sdk/stats/GradleBuildProfile$1
Event: 88.904 loading class com/google/wireless/android/sdk/stats/GradleBuildProfile$1 done
Event: 89.026 loading class com/google/wireless/android/sdk/stats/GradleBuildProfile$Builder
Event: 89.026 loading class com/google/wireless/android/sdk/stats/GradleBuildProfile$Builder done


Dynamic libraries:
0x00007ff7c4970000 - 0x00007ff7c497a000 	C:\Program Files\Android\Android Studio\jre\bin\java.exe
0x00007ffc536d0000 - 0x00007ffc538c5000 	C:\WINDOWS\SYSTEM32\ntdll.dll
0x00007ffc51ab0000 - 0x00007ffc51b6e000 	C:\WINDOWS\System32\KERNEL32.DLL
0x00007ffc51320000 - 0x00007ffc515e8000 	C:\WINDOWS\System32\KERNELBASE.dll
0x00007ffc50f80000 - 0x00007ffc51080000 	C:\WINDOWS\System32\ucrtbase.dll
0x00007ffc374e0000 - 0x00007ffc374f9000 	C:\Program Files\Android\Android Studio\jre\bin\jli.dll
0x00007ffc36d60000 - 0x00007ffc36d77000 	C:\Program Files\Android\Android Studio\jre\bin\VCRUNTIME140.dll
0x00007ffc51910000 - 0x00007ffc51ab0000 	C:\WINDOWS\System32\USER32.dll
0x00007ffc50f00000 - 0x00007ffc50f22000 	C:\WINDOWS\System32\win32u.dll
0x00007ffc342b0000 - 0x00007ffc3454a000 	C:\WINDOWS\WinSxS\amd64_microsoft.windows.common-controls_6595b64144ccf1df_6.0.19041.1110_none_60b5254171f9507e\COMCTL32.dll
0x00007ffc52d60000 - 0x00007ffc52d8a000 	C:\WINDOWS\System32\GDI32.dll
0x00007ffc52d90000 - 0x00007ffc52e2e000 	C:\WINDOWS\System32\msvcrt.dll
0x00007ffc51080000 - 0x00007ffc5118b000 	C:\WINDOWS\System32\gdi32full.dll
0x00007ffc50e60000 - 0x00007ffc50efd000 	C:\WINDOWS\System32\msvcp_win.dll
0x00007ffc51b80000 - 0x00007ffc51bb0000 	C:\WINDOWS\System32\IMM32.DLL
0x00007ffc2d3f0000 - 0x00007ffc2d48d000 	C:\Program Files\Android\Android Studio\jre\bin\msvcp140.dll
0x00007ffc092f0000 - 0x00007ffc09dc5000 	C:\Program Files\Android\Android Studio\jre\bin\server\jvm.dll
0x00007ffc52f70000 - 0x00007ffc5301e000 	C:\WINDOWS\System32\ADVAPI32.dll
0x00007ffc51cf0000 - 0x00007ffc51d8c000 	C:\WINDOWS\System32\sechost.dll
0x00007ffc51730000 - 0x00007ffc51855000 	C:\WINDOWS\System32\RPCRT4.dll
0x00007ffc52e30000 - 0x00007ffc52e38000 	C:\WINDOWS\System32\PSAPI.DLL
0x00007ffc4b0e0000 - 0x00007ffc4b0e9000 	C:\WINDOWS\SYSTEM32\WSOCK32.dll
0x00007ffc3d410000 - 0x00007ffc3d437000 	C:\WINDOWS\SYSTEM32\WINMM.dll
0x00007ffc4a420000 - 0x00007ffc4a42a000 	C:\WINDOWS\SYSTEM32\VERSION.dll
0x00007ffc52410000 - 0x00007ffc5247b000 	C:\WINDOWS\System32\WS2_32.dll
0x00007ffc4eda0000 - 0x00007ffc4edb2000 	C:\WINDOWS\SYSTEM32\kernel.appcore.dll
0x00007ffc44180000 - 0x00007ffc44191000 	C:\Program Files\Android\Android Studio\jre\bin\verify.dll
0x00007ffc4eac0000 - 0x00007ffc4eca4000 	C:\WINDOWS\SYSTEM32\DBGHELP.DLL
0x00007ffc38ae0000 - 0x00007ffc38b0c000 	C:\WINDOWS\SYSTEM32\dbgcore.DLL
0x00007ffc516a0000 - 0x00007ffc51722000 	C:\WINDOWS\System32\bcryptPrimitives.dll
0x00007ffc41640000 - 0x00007ffc41669000 	C:\Program Files\Android\Android Studio\jre\bin\java.dll
0x00007ffc4c170000 - 0x00007ffc4c17b000 	C:\Program Files\Android\Android Studio\jre\bin\jimage.dll
0x00007ffc44160000 - 0x00007ffc44178000 	C:\Program Files\Android\Android Studio\jre\bin\zip.dll
0x00007ffc524e0000 - 0x00007ffc52c24000 	C:\WINDOWS\System32\SHELL32.dll
0x00007ffc4ef10000 - 0x00007ffc4f6a4000 	C:\WINDOWS\SYSTEM32\windows.storage.dll
0x00007ffc531d0000 - 0x00007ffc53524000 	C:\WINDOWS\System32\combase.dll
0x00007ffc50860000 - 0x00007ffc5088c000 	C:\WINDOWS\SYSTEM32\Wldp.dll
0x00007ffc51860000 - 0x00007ffc5190d000 	C:\WINDOWS\System32\SHCORE.dll
0x00007ffc51c90000 - 0x00007ffc51ce5000 	C:\WINDOWS\System32\shlwapi.dll
0x00007ffc50d30000 - 0x00007ffc50d4f000 	C:\WINDOWS\SYSTEM32\profapi.dll
0x00007ffc38870000 - 0x00007ffc3888a000 	C:\Program Files\Android\Android Studio\jre\bin\net.dll
0x00007ffc47ae0000 - 0x00007ffc47bea000 	C:\WINDOWS\SYSTEM32\WINHTTP.dll
0x00007ffc505c0000 - 0x00007ffc5062a000 	C:\WINDOWS\system32\mswsock.dll
0x00007ffc38850000 - 0x00007ffc38864000 	C:\Program Files\Android\Android Studio\jre\bin\nio.dll
0x00007ffc4c180000 - 0x00007ffc4c1a7000 	C:\Users\Ramyashree Shetty\Desktop\App-dev\gastos\native\e1d6ef7f7dcc3fd88c89a11ec53ec762bb8ba0a96d01ffa2cd45eb1d1d8dd5c5\windows-amd64\native-platform.dll
0x00007ffc0fb40000 - 0x00007ffc0fc84000 	C:\Users\Ramyashree Shetty\Desktop\App-dev\gastos\native\5664cfc778a61ccfe75a443a1ab52a65af34e5dc3c78e0209fed803814484fcb\windows-amd64\native-platform-file-events.dll
0x00007ffc4bbb0000 - 0x00007ffc4bbba000 	C:\Program Files\Android\Android Studio\jre\bin\management.dll
0x00007ffc4a7a0000 - 0x00007ffc4a7ad000 	C:\Program Files\Android\Android Studio\jre\bin\management_ext.dll
0x00007ffc507c0000 - 0x00007ffc507d8000 	C:\WINDOWS\SYSTEM32\CRYPTSP.dll
0x00007ffc4fed0000 - 0x00007ffc4ff04000 	C:\WINDOWS\system32\rsaenh.dll
0x00007ffc51190000 - 0x00007ffc511b7000 	C:\WINDOWS\System32\bcrypt.dll
0x00007ffc50cf0000 - 0x00007ffc50d1e000 	C:\WINDOWS\SYSTEM32\USERENV.dll
0x00007ffc507b0000 - 0x00007ffc507bc000 	C:\WINDOWS\SYSTEM32\CRYPTBASE.dll
0x00007ffc50260000 - 0x00007ffc5029b000 	C:\WINDOWS\SYSTEM32\IPHLPAPI.DLL
0x00007ffc51b70000 - 0x00007ffc51b78000 	C:\WINDOWS\System32\NSI.dll
0x00007ffc49c60000 - 0x00007ffc49c77000 	C:\WINDOWS\SYSTEM32\dhcpcsvc6.DLL
0x00007ffc49c40000 - 0x00007ffc49c5d000 	C:\WINDOWS\SYSTEM32\dhcpcsvc.DLL
0x00007ffc502b0000 - 0x00007ffc5037b000 	C:\WINDOWS\SYSTEM32\DNSAPI.dll

dbghelp: loaded successfully - version: 4.0.5 - missing functions: none
symbol engine: initialized successfully - sym options: 0x614 - pdb path: .;C:\Program Files\Android\Android Studio\jre\bin;C:\WINDOWS\SYSTEM32;C:\WINDOWS\WinSxS\amd64_microsoft.windows.common-controls_6595b64144ccf1df_6.0.19041.1110_none_60b5254171f9507e;C:\Program Files\Android\Android Studio\jre\bin\server;C:\Users\Ramyashree Shetty\Desktop\App-dev\gastos\native\e1d6ef7f7dcc3fd88c89a11ec53ec762bb8ba0a96d01ffa2cd45eb1d1d8dd5c5\windows-amd64;C:\Users\Ramyashree Shetty\Desktop\App-dev\gastos\native\5664cfc778a61ccfe75a443a1ab52a65af34e5dc3c78e0209fed803814484fcb\windows-amd64

VM Arguments:
jvm_args: --add-opens=java.base/java.util=ALL-UNNAMED --add-opens=java.base/java.lang=ALL-UNNAMED --add-opens=java.base/java.lang.invoke=ALL-UNNAMED --add-opens=java.base/java.util=ALL-UNNAMED --add-opens=java.prefs/java.util.prefs=ALL-UNNAMED --add-opens=java.prefs/java.util.prefs=ALL-UNNAMED --add-opens=java.base/java.nio.charset=ALL-UNNAMED --add-opens=java.base/java.net=ALL-UNNAMED --add-opens=java.base/java.util.concurrent.atomic=ALL-UNNAMED -Xmx2048m -Dfile.encoding=UTF-8 -Duser.country=IN -Duser.language=en -Duser.variant 
java_command: org.gradle.launcher.daemon.bootstrap.GradleDaemon 7.2
java_class_path (initial): C:\Users\Ramyashree Shetty\Desktop\App-dev\gastos\wrapper\dists\gradle-7.2-bin\2dnblmf4td7x66yl1d74lt32g\gradle-7.2\lib\gradle-launcher-7.2.jar
Launcher Type: SUN_STANDARD

[Global flags]
     intx CICompilerCount                          = 4                                         {product} {ergonomic}
     uint ConcGCThreads                            = 2                                         {product} {ergonomic}
     uint G1ConcRefinementThreads                  = 8                                         {product} {ergonomic}
   size_t G1HeapRegionSize                         = 1048576                                   {product} {ergonomic}
    uintx GCDrainStackTargetSize                   = 64                                        {product} {ergonomic}
   size_t InitialHeapSize                          = 134217728                                 {product} {ergonomic}
   size_t MarkStackSize                            = 4194304                                   {product} {ergonomic}
   size_t MaxHeapSize                              = 2147483648                                {product} {command line}
   size_t MaxNewSize                               = 1287651328                                {product} {ergonomic}
   size_t MinHeapDeltaBytes                        = 1048576                                   {product} {ergonomic}
    uintx NonNMethodCodeHeapSize                   = 5836300                                {pd product} {ergonomic}
    uintx NonProfiledCodeHeapSize                  = 122910970                              {pd product} {ergonomic}
    uintx ProfiledCodeHeapSize                     = 122910970                              {pd product} {ergonomic}
    uintx ReservedCodeCacheSize                    = 251658240                              {pd product} {ergonomic}
     bool SegmentedCodeCache                       = true                                      {product} {ergonomic}
     bool UseCompressedClassPointers               = true                                 {lp64_product} {ergonomic}
     bool UseCompressedOops                        = true                                 {lp64_product} {ergonomic}
     bool UseG1GC                                  = true                                      {product} {ergonomic}
     bool UseLargePagesIndividualAllocation        = false                                  {pd product} {ergonomic}

Logging:
Log output configuration:
 #0: stdout all=warning uptime,level,tags
 #1: stderr all=off uptime,level,tags

Environment Variables:
PATH=C:\Program Files (x86)\VMware\VMware Workstation\bin\;C:\oraclexe\app\oracle\product\11.2.0\server\bin;;C:\Program Files\Python310\Scripts\;C:\Program Files\Python310\;C:\Python39\Scripts\;C:\Python39\;C:\Windows\system32;C:\Windows;C:\Windows\System32\Wbem;C:\Windows\System32\WindowsPowerShell\v1.0\;C:\Windows\System32\OpenSSH\;C:\Program Files (x86)\NVIDIA Corporation\PhysX\Common;C:\Program Files\NVIDIA Corporation\NVIDIA NvDLISR;C:\Program Files\Git\cmd;C:\Program Files\MATLAB\R2007b\bin;C:\Program Files\MATLAB\R2007b\bin\win64;C:\WINDOWS\system32;C:\WINDOWS;C:\WINDOWS\System32\Wbem;C:\WINDOWS\System32\WindowsPowerShell\v1.0\;C:\WINDOWS\System32\OpenSSH\;C:\Program Files\nodejs\;C:\ProgramData\chocolatey\bin;C:\MinGW\bin;C:\Program Files (x86)\LLVM\bin;C:\Program Files\MySQL\MySQL Shell 8.0\bin\;"C:\Users\Ramyashree Shetty\AppData\Local\Microsoft\WindowsApps;C:\Program Files\nodejs";C:\Users\Ramyashree Shetty\Downloads\php;C:\Users\Ramyashree Shetty\AppData\Local\atom\bin;C:\Users\Ramyashree Shetty\AppData\Local\GitHubDesktop\bin;C:\Users\Ramyashree Shetty\AppData\Local\Microsoft\WindowsApps;C:\Users\Ramyashree Shetty\AppData\Local\Programs\Microsoft VS Code\bin;C:\Users\Ramyashree Shetty\AppData\Roaming\npm;C:\Users\Ramyashree Shetty\AppData\Local\Google\Cloud SDK\google-cloud-sdk\bin;C:\Users\Ramyashree Shetty\Documents\flutter\bin;
USERNAME=Ramyashree Shetty
OS=Windows_NT
PROCESSOR_IDENTIFIER=Intel64 Family 6 Model 158 Stepping 10, GenuineIntel



---------------  S Y S T E M  ---------------

OS: Windows 10 , 64 bit Build 19041 (10.0.19041.1645)
OS uptime: 2 days 17:33 hours

CPU:total 8 (initial active 8) (4 cores per cpu, 2 threads per core) family 6 model 158 stepping 10 microcode 0xde, cmov, cx8, fxsr, mmx, sse, sse2, sse3, ssse3, sse4.1, sse4.2, popcnt, avx, avx2, aes, clmul, erms, 3dnowpref, lzcnt, ht, tsc, tscinvbit, bmi1, bmi2, adx, fma

Memory: 4k page, system-wide physical 8072M (696M free)
TotalPageFile size 16072M (AvailPageFile size 313M)
current process WorkingSet (physical memory assigned to process): 271M, peak: 276M
current process commit charge ("private bytes"): 323M, peak: 329M

vm_info: OpenJDK 64-Bit Server VM (11.0.11+9-b60-7590822) for windows-amd64 JRE (11.0.11+9-b60-7590822), built on Jul 29 2021 21:43:44 by "builder" with MS VC++ 14.0 (VS2015)

END.
